[      10ms] [LOG] [Fast Refresh] done in 16ms @ webpack-internal:///(app-pages-browser)/./node_modules/next/dist/next-devtools/shared/forward-logs-shared.js:27
[      73ms] [LOG] [Fast Refresh] rebuilding @ webpack-internal:///(app-pages-browser)/./node_modules/next/dist/next-devtools/shared/forward-logs-shared.js:27
[      92ms] [LOG] [Fast Refresh] done in 20ms @ webpack-internal:///(app-pages-browser)/./node_modules/next/dist/next-devtools/shared/forward-logs-shared.js:27
[     200ms] [LOG] [Fast Refresh] rebuilding @ webpack-internal:///(app-pages-browser)/./node_modules/next/dist/next-devtools/shared/forward-logs-shared.js:27
[     218ms] [LOG] [Fast Refresh] done in 17ms @ webpack-internal:///(app-pages-browser)/./node_modules/next/dist/next-devtools/shared/forward-logs-shared.js:27
[     283ms] [LOG] [Fast Refresh] rebuilding @ webpack-internal:///(app-pages-browser)/./node_modules/next/dist/next-devtools/shared/forward-logs-shared.js:27
[     296ms] [LOG] [Fast Refresh] done in 14ms @ webpack-internal:///(app-pages-browser)/./node_modules/next/dist/next-devtools/shared/forward-logs-shared.js:27
[     355ms] [LOG] [Fast Refresh] rebuilding @ webpack-internal:///(app-pages-browser)/./node_modules/next/dist/next-devtools/shared/forward-logs-shared.js:27
[     367ms] [LOG] [Fast Refresh] done in 13ms @ webpack-internal:///(app-pages-browser)/./node_modules/next/dist/next-devtools/shared/forward-logs-shared.js:27
[     429ms] [LOG] [Fast Refresh] rebuilding @ webpack-internal:///(app-pages-browser)/./node_modules/next/dist/next-devtools/shared/forward-logs-shared.js:27
[     443ms] [LOG] [Fast Refresh] done in 14ms @ webpack-internal:///(app-pages-browser)/./node_modules/next/dist/next-devtools/shared/forward-logs-shared.js:27
[     504ms] [LOG] [Fast Refresh] rebuilding @ webpack-internal:///(app-pages-browser)/./node_modules/next/dist/next-devtools/shared/forward-logs-shared.js:27
[     517ms] [LOG] [Fast Refresh] done in 13ms @ webpack-internal:///(app-pages-browser)/./node_modules/next/dist/next-devtools/shared/forward-logs-shared.js:27
[     574ms] [LOG] [Fast Refresh] rebuilding @ webpack-internal:///(app-pages-browser)/./node_modules/next/dist/next-devtools/shared/forward-logs-shared.js:27
[     588ms] [LOG] [Fast Refresh] done in 15ms @ webpack-internal:///(app-pages-browser)/./node_modules/next/dist/next-devtools/shared/forward-logs-shared.js:27
[     646ms] [LOG] [Fast Refresh] rebuilding @ webpack-internal:///(app-pages-browser)/./node_modules/next/dist/next-devtools/shared/forward-logs-shared.js:27
[     659ms] [LOG] [Fast Refresh] done in 13ms @ webpack-internal:///(app-pages-browser)/./node_modules/next/dist/next-devtools/shared/forward-logs-shared.js:27
[     718ms] [LOG] [Fast Refresh] rebuilding @ webpack-internal:///(app-pages-browser)/./node_modules/next/dist/next-devtools/shared/forward-logs-shared.js:27
[     732ms] [LOG] [Fast Refresh] done in 14ms @ webpack-internal:///(app-pages-browser)/./node_modules/next/dist/next-devtools/shared/forward-logs-shared.js:27
[     790ms] [LOG] [Fast Refresh] rebuilding @ webpack-internal:///(app-pages-browser)/./node_modules/next/dist/next-devtools/shared/forward-logs-shared.js:27
[     804ms] [LOG] [Fast Refresh] done in 14ms @ webpack-internal:///(app-pages-browser)/./node_modules/next/dist/next-devtools/shared/forward-logs-shared.js:27
[     863ms] [LOG] [Fast Refresh] rebuilding @ webpack-internal:///(app-pages-browser)/./node_modules/next/dist/next-devtools/shared/forward-logs-shared.js:27
[     880ms] [LOG] [Fast Refresh] done in 16ms @ webpack-internal:///(app-pages-browser)/./node_modules/next/dist/next-devtools/shared/forward-logs-shared.js:27
[     971ms] [LOG] [Fast Refresh] rebuilding @ webpack-internal:///(app-pages-browser)/./node_modules/next/dist/next-devtools/shared/forward-logs-shared.js:27
[    1007ms] [LOG] [Fast Refresh] done in 36ms @ webpack-internal:///(app-pages-browser)/./node_modules/next/dist/next-devtools/shared/forward-logs-shared.js:27
[    1069ms] [LOG] [Fast Refresh] rebuilding @ webpack-internal:///(app-pages-browser)/./node_modules/next/dist/next-devtools/shared/forward-logs-shared.js:27
[    1086ms] [LOG] [Fast Refresh] done in 17ms @ webpack-internal:///(app-pages-browser)/./node_modules/next/dist/next-devtools/shared/forward-logs-shared.js:27
[    1150ms] [LOG] [Fast Refresh] rebuilding @ webpack-internal:///(app-pages-browser)/./node_modules/next/dist/next-devtools/shared/forward-logs-shared.js:27
[    1167ms] [LOG] [Fast Refresh] done in 17ms @ webpack-internal:///(app-pages-browser)/./node_modules/next/dist/next-devtools/shared/forward-logs-shared.js:27
[    1229ms] [LOG] [Fast Refresh] rebuilding @ webpack-internal:///(app-pages-browser)/./node_modules/next/dist/next-devtools/shared/forward-logs-shared.js:27
[    1246ms] [LOG] [Fast Refresh] done in 17ms @ webpack-internal:///(app-pages-browser)/./node_modules/next/dist/next-devtools/shared/forward-logs-shared.js:27
[    1308ms] [LOG] [Fast Refresh] rebuilding @ webpack-internal:///(app-pages-browser)/./node_modules/next/dist/next-devtools/shared/forward-logs-shared.js:27
[    1325ms] [LOG] [Fast Refresh] done in 16ms @ webpack-internal:///(app-pages-browser)/./node_modules/next/dist/next-devtools/shared/forward-logs-shared.js:27
[    1387ms] [LOG] [Fast Refresh] rebuilding @ webpack-internal:///(app-pages-browser)/./node_modules/next/dist/next-devtools/shared/forward-logs-shared.js:27
[    1404ms] [LOG] [Fast Refresh] done in 16ms @ webpack-internal:///(app-pages-browser)/./node_modules/next/dist/next-devtools/shared/forward-logs-shared.js:27
[    1464ms] [LOG] [Fast Refresh] rebuilding @ webpack-internal:///(app-pages-browser)/./node_modules/next/dist/next-devtools/shared/forward-logs-shared.js:27
[    1482ms] [LOG] [Fast Refresh] done in 17ms @ webpack-internal:///(app-pages-browser)/./node_modules/next/dist/next-devtools/shared/forward-logs-shared.js:27
[    1544ms] [LOG] [Fast Refresh] rebuilding @ webpack-internal:///(app-pages-browser)/./node_modules/next/dist/next-devtools/shared/forward-logs-shared.js:27
[    1560ms] [LOG] [Fast Refresh] done in 17ms @ webpack-internal:///(app-pages-browser)/./node_modules/next/dist/next-devtools/shared/forward-logs-shared.js:27
[    1622ms] [LOG] [Fast Refresh] rebuilding @ webpack-internal:///(app-pages-browser)/./node_modules/next/dist/next-devtools/shared/forward-logs-shared.js:27
[    1638ms] [LOG] [Fast Refresh] done in 17ms @ webpack-internal:///(app-pages-browser)/./node_modules/next/dist/next-devtools/shared/forward-logs-shared.js:27
[    1699ms] [LOG] [Fast Refresh] rebuilding @ webpack-internal:///(app-pages-browser)/./node_modules/next/dist/next-devtools/shared/forward-logs-shared.js:27
[    1715ms] [LOG] [Fast Refresh] done in 16ms @ webpack-internal:///(app-pages-browser)/./node_modules/next/dist/next-devtools/shared/forward-logs-shared.js:27
[    1776ms] [LOG] [Fast Refresh] rebuilding @ webpack-internal:///(app-pages-browser)/./node_modules/next/dist/next-devtools/shared/forward-logs-shared.js:27
[    1792ms] [LOG] [Fast Refresh] done in 16ms @ webpack-internal:///(app-pages-browser)/./node_modules/next/dist/next-devtools/shared/forward-logs-shared.js:27
[    1887ms] [LOG] [Fast Refresh] rebuilding @ webpack-internal:///(app-pages-browser)/./node_modules/next/dist/next-devtools/shared/forward-logs-shared.js:27
[    1923ms] [LOG] [Fast Refresh] done in 36ms @ webpack-internal:///(app-pages-browser)/./node_modules/next/dist/next-devtools/shared/forward-logs-shared.js:27
[    1984ms] [LOG] [Fast Refresh] rebuilding @ webpack-internal:///(app-pages-browser)/./node_modules/next/dist/next-devtools/shared/forward-logs-shared.js:27
[    2001ms] [LOG] [Fast Refresh] done in 17ms @ webpack-internal:///(app-pages-browser)/./node_modules/next/dist/next-devtools/shared/forward-logs-shared.js:27
[    2066ms] [LOG] [Fast Refresh] rebuilding @ webpack-internal:///(app-pages-browser)/./node_modules/next/dist/next-devtools/shared/forward-logs-shared.js:27
[    2081ms] [LOG] [Fast Refresh] done in 16ms @ webpack-internal:///(app-pages-browser)/./node_modules/next/dist/next-devtools/shared/forward-logs-shared.js:27
[    2145ms] [LOG] [Fast Refresh] rebuilding @ webpack-internal:///(app-pages-browser)/./node_modules/next/dist/next-devtools/shared/forward-logs-shared.js:27
[    2161ms] [LOG] [Fast Refresh] done in 16ms @ webpack-internal:///(app-pages-browser)/./node_modules/next/dist/next-devtools/shared/forward-logs-shared.js:27
[    2233ms] [LOG] [Fast Refresh] rebuilding @ webpack-internal:///(app-pages-browser)/./node_modules/next/dist/next-devtools/shared/forward-logs-shared.js:27
[    2250ms] [LOG] [Fast Refresh] done in 17ms @ webpack-internal:///(app-pages-browser)/./node_modules/next/dist/next-devtools/shared/forward-logs-shared.js:27
[    2310ms] [LOG] [Fast Refresh] rebuilding @ webpack-internal:///(app-pages-browser)/./node_modules/next/dist/next-devtools/shared/forward-logs-shared.js:27
[    2325ms] [LOG] [Fast Refresh] done in 15ms @ webpack-internal:///(app-pages-browser)/./node_modules/next/dist/next-devtools/shared/forward-logs-shared.js:27
[    2386ms] [LOG] [Fast Refresh] rebuilding @ webpack-internal:///(app-pages-browser)/./node_modules/next/dist/next-devtools/shared/forward-logs-shared.js:27
[    2402ms] [LOG] [Fast Refresh] done in 16ms @ webpack-internal:///(app-pages-browser)/./node_modules/next/dist/next-devtools/shared/forward-logs-shared.js:27
[    2463ms] [LOG] [Fast Refresh] rebuilding @ webpack-internal:///(app-pages-browser)/./node_modules/next/dist/next-devtools/shared/forward-logs-shared.js:27
[    2479ms] [LOG] [Fast Refresh] done in 17ms @ webpack-internal:///(app-pages-browser)/./node_modules/next/dist/next-devtools/shared/forward-logs-shared.js:27
[    2732ms] [ERROR] Failed to load resource: the server responded with a status of 404 () @ https://dev.trenador.com/favicon.ico:0
[    4141ms] [ERROR] Failed to load resource: the server responded with a status of 400 () @ https://gjrqrqchimclkdlmruzw.supabase.co/auth/v1/token?grant_type=refresh_token:0
[    4144ms] [ERROR] AuthApiError: Invalid Refresh Token: Refresh Token Not Found
    at w_ (https://dev.trenador.com/assets/index-QbLJsLSc.js:39:8887)
    at async dL (https://dev.trenador.com/assets/index-QbLJsLSc.js:39:9752)
    at async be (https://dev.trenador.com/assets/index-QbLJsLSc.js:39:9463)
    at async https://dev.trenador.com/assets/index-QbLJsLSc.js:55:20027
    at async https://dev.trenador.com/assets/index-QbLJsLSc.js:39:3861 @ https://dev.trenador.com/assets/index-QbLJsLSc.js:54
[    4233ms] Error: Minified React error #185; visit https://react.dev/errors/185 for the full message or use the non-minified dev environment for full errors and additional helpful warnings.
    at Mc (https://dev.trenador.com/assets/index-QbLJsLSc.js:9:27650)
    at Yf (https://dev.trenador.com/assets/index-QbLJsLSc.js:9:27175)
    at ul (https://dev.trenador.com/assets/index-QbLJsLSc.js:9:59461)
    at nb (https://dev.trenador.com/assets/index-QbLJsLSc.js:9:59085)
    at e.startTransition (https://dev.trenador.com/assets/index-QbLJsLSc.js:12:53089)
    at https://dev.trenador.com/assets/index-QbLJsLSc.js:10:86760
    at new Promise (<anonymous>)
    at FO.load (https://dev.trenador.com/assets/index-QbLJsLSc.js:10:86739)
    at https://dev.trenador.com/assets/index-QbLJsLSc.js:10:73227
    at Set.forEach (<anonymous>)
[    4233ms] Error: Minified React error #185; visit https://react.dev/errors/185 for the full message or use the non-minified dev environment for full errors and additional helpful warnings.
    at Mc (https://dev.trenador.com/assets/index-QbLJsLSc.js:9:27650)
    at Yf (https://dev.trenador.com/assets/index-QbLJsLSc.js:9:27175)
    at ul (https://dev.trenador.com/assets/index-QbLJsLSc.js:9:59461)
    at nb (https://dev.trenador.com/assets/index-QbLJsLSc.js:9:59085)
    at e.startTransition (https://dev.trenador.com/assets/index-QbLJsLSc.js:12:53089)
    at https://dev.trenador.com/assets/index-QbLJsLSc.js:10:86760
    at new Promise (<anonymous>)
    at FO.load (https://dev.trenador.com/assets/index-QbLJsLSc.js:10:86739)
    at https://dev.trenador.com/assets/index-QbLJsLSc.js:10:73227
    at Set.forEach (<anonymous>)
[    4233ms] Error: Minified React error #185; visit https://react.dev/errors/185 for the full message or use the non-minified dev environment for full errors and additional helpful warnings.
    at Mc (https://dev.trenador.com/assets/index-QbLJsLSc.js:9:27650)
    at Yf (https://dev.trenador.com/assets/index-QbLJsLSc.js:9:27175)
    at ul (https://dev.trenador.com/assets/index-QbLJsLSc.js:9:59461)
    at nb (https://dev.trenador.com/assets/index-QbLJsLSc.js:9:59085)
    at e.startTransition (https://dev.trenador.com/assets/index-QbLJsLSc.js:12:53089)
    at https://dev.trenador.com/assets/index-QbLJsLSc.js:10:86760
    at new Promise (<anonymous>)
    at FO.load (https://dev.trenador.com/assets/index-QbLJsLSc.js:10:86739)
    at https://dev.trenador.com/assets/index-QbLJsLSc.js:10:73227
    at Set.forEach (<anonymous>)
[    4234ms] Error: Minified React error #185; visit https://react.dev/errors/185 for the full message or use the non-minified dev environment for full errors and additional helpful warnings.
    at Mc (https://dev.trenador.com/assets/index-QbLJsLSc.js:9:27650)
    at Yf (https://dev.trenador.com/assets/index-QbLJsLSc.js:9:27175)
    at ul (https://dev.trenador.com/assets/index-QbLJsLSc.js:9:59461)
    at nb (https://dev.trenador.com/assets/index-QbLJsLSc.js:9:59085)
    at e.startTransition (https://dev.trenador.com/assets/index-QbLJsLSc.js:12:53089)
    at https://dev.trenador.com/assets/index-QbLJsLSc.js:10:86760
    at new Promise (<anonymous>)
    at FO.load (https://dev.trenador.com/assets/index-QbLJsLSc.js:10:86739)
    at https://dev.trenador.com/assets/index-QbLJsLSc.js:10:73227
    at Set.forEach (<anonymous>)
[    4234ms] Error: Minified React error #185; visit https://react.dev/errors/185 for the full message or use the non-minified dev environment for full errors and additional helpful warnings.
    at Mc (https://dev.trenador.com/assets/index-QbLJsLSc.js:9:27650)
    at Yf (https://dev.trenador.com/assets/index-QbLJsLSc.js:9:27175)
    at ul (https://dev.trenador.com/assets/index-QbLJsLSc.js:9:59461)
    at nb (https://dev.trenador.com/assets/index-QbLJsLSc.js:9:59085)
    at e.startTransition (https://dev.trenador.com/assets/index-QbLJsLSc.js:12:53089)
    at https://dev.trenador.com/assets/index-QbLJsLSc.js:10:86760
    at new Promise (<anonymous>)
    at FO.load (https://dev.trenador.com/assets/index-QbLJsLSc.js:10:86739)
    at https://dev.trenador.com/assets/index-QbLJsLSc.js:10:73227
    at Set.forEach (<anonymous>)
[    4235ms] Error: Minified React error #185; visit https://react.dev/errors/185 for the full message or use the non-minified dev environment for full errors and additional helpful warnings.
    at Mc (https://dev.trenador.com/assets/index-QbLJsLSc.js:9:27650)
    at Yf (https://dev.trenador.com/assets/index-QbLJsLSc.js:9:27175)
    at ul (https://dev.trenador.com/assets/index-QbLJsLSc.js:9:59461)
    at nb (https://dev.trenador.com/assets/index-QbLJsLSc.js:9:59085)
    at e.startTransition (https://dev.trenador.com/assets/index-QbLJsLSc.js:12:53089)
    at https://dev.trenador.com/assets/index-QbLJsLSc.js:10:86760
    at new Promise (<anonymous>)
    at FO.load (https://dev.trenador.com/assets/index-QbLJsLSc.js:10:86739)
    at https://dev.trenador.com/assets/index-QbLJsLSc.js:10:73227
    at Set.forEach (<anonymous>)
[    4235ms] Error: Minified React error #185; visit https://react.dev/errors/185 for the full message or use the non-minified dev environment for full errors and additional helpful warnings.
    at Mc (https://dev.trenador.com/assets/index-QbLJsLSc.js:9:27650)
    at Yf (https://dev.trenador.com/assets/index-QbLJsLSc.js:9:27175)
    at ul (https://dev.trenador.com/assets/index-QbLJsLSc.js:9:59461)
    at nb (https://dev.trenador.com/assets/index-QbLJsLSc.js:9:59085)
    at e.startTransition (https://dev.trenador.com/assets/index-QbLJsLSc.js:12:53089)
    at https://dev.trenador.com/assets/index-QbLJsLSc.js:10:86760
    at new Promise (<anonymous>)
    at FO.load (https://dev.trenador.com/assets/index-QbLJsLSc.js:10:86739)
    at https://dev.trenador.com/assets/index-QbLJsLSc.js:10:73227
    at Set.forEach (<anonymous>)
[    4235ms] Error: Minified React error #185; visit https://react.dev/errors/185 for the full message or use the non-minified dev environment for full errors and additional helpful warnings.
    at Mc (https://dev.trenador.com/assets/index-QbLJsLSc.js:9:27650)
    at Yf (https://dev.trenador.com/assets/index-QbLJsLSc.js:9:27175)
    at ul (https://dev.trenador.com/assets/index-QbLJsLSc.js:9:59461)
    at nb (https://dev.trenador.com/assets/index-QbLJsLSc.js:9:59085)
    at e.startTransition (https://dev.trenador.com/assets/index-QbLJsLSc.js:12:53089)
    at https://dev.trenador.com/assets/index-QbLJsLSc.js:10:86760
    at new Promise (<anonymous>)
    at FO.load (https://dev.trenador.com/assets/index-QbLJsLSc.js:10:86739)
    at https://dev.trenador.com/assets/index-QbLJsLSc.js:10:73227
    at Set.forEach (<anonymous>)
[    4235ms] Error: Minified React error #185; visit https://react.dev/errors/185 for the full message or use the non-minified dev environment for full errors and additional helpful warnings.
    at Mc (https://dev.trenador.com/assets/index-QbLJsLSc.js:9:27650)
    at Yf (https://dev.trenador.com/assets/index-QbLJsLSc.js:9:27175)
    at ul (https://dev.trenador.com/assets/index-QbLJsLSc.js:9:59461)
    at nb (https://dev.trenador.com/assets/index-QbLJsLSc.js:9:59085)
    at e.startTransition (https://dev.trenador.com/assets/index-QbLJsLSc.js:12:53089)
    at https://dev.trenador.com/assets/index-QbLJsLSc.js:10:86760
    at new Promise (<anonymous>)
    at FO.load (https://dev.trenador.com/assets/index-QbLJsLSc.js:10:86739)
    at https://dev.trenador.com/assets/index-QbLJsLSc.js:10:73227
    at Set.forEach (<anonymous>)
[    4236ms] Error: Minified React error #185; visit https://react.dev/errors/185 for the full message or use the non-minified dev environment for full errors and additional helpful warnings.
    at Mc (https://dev.trenador.com/assets/index-QbLJsLSc.js:9:27650)
    at Yf (https://dev.trenador.com/assets/index-QbLJsLSc.js:9:27175)
    at ul (https://dev.trenador.com/assets/index-QbLJsLSc.js:9:59461)
    at nb (https://dev.trenador.com/assets/index-QbLJsLSc.js:9:59085)
    at e.startTransition (https://dev.trenador.com/assets/index-QbLJsLSc.js:12:53089)
    at https://dev.trenador.com/assets/index-QbLJsLSc.js:10:86760
    at new Promise (<anonymous>)
    at FO.load (https://dev.trenador.com/assets/index-QbLJsLSc.js:10:86739)
    at https://dev.trenador.com/assets/index-QbLJsLSc.js:10:73227
    at Set.forEach (<anonymous>)
[    4236ms] Error: Minified React error #185; visit https://react.dev/errors/185 for the full message or use the non-minified dev environment for full errors and additional helpful warnings.
    at Mc (https://dev.trenador.com/assets/index-QbLJsLSc.js:9:27650)
    at Yf (https://dev.trenador.com/assets/index-QbLJsLSc.js:9:27175)
    at ul (https://dev.trenador.com/assets/index-QbLJsLSc.js:9:59461)
    at nb (https://dev.trenador.com/assets/index-QbLJsLSc.js:9:59085)
    at e.startTransition (https://dev.trenador.com/assets/index-QbLJsLSc.js:12:53089)
    at https://dev.trenador.com/assets/index-QbLJsLSc.js:10:86760
    at new Promise (<anonymous>)
    at FO.load (https://dev.trenador.com/assets/index-QbLJsLSc.js:10:86739)
    at https://dev.trenador.com/assets/index-QbLJsLSc.js:10:73227
    at Set.forEach (<anonymous>)
[    4236ms] Error: Minified React error #185; visit https://react.dev/errors/185 for the full message or use the non-minified dev environment for full errors and additional helpful warnings.
    at Mc (https://dev.trenador.com/assets/index-QbLJsLSc.js:9:27650)
    at Yf (https://dev.trenador.com/assets/index-QbLJsLSc.js:9:27175)
    at ul (https://dev.trenador.com/assets/index-QbLJsLSc.js:9:59461)
    at nb (https://dev.trenador.com/assets/index-QbLJsLSc.js:9:59085)
    at e.startTransition (https://dev.trenador.com/assets/index-QbLJsLSc.js:12:53089)
    at https://dev.trenador.com/assets/index-QbLJsLSc.js:10:86760
    at new Promise (<anonymous>)
    at FO.load (https://dev.trenador.com/assets/index-QbLJsLSc.js:10:86739)
    at https://dev.trenador.com/assets/index-QbLJsLSc.js:10:73227
    at Set.forEach (<anonymous>)
[    4236ms] Error: Minified React error #185; visit https://react.dev/errors/185 for the full message or use the non-minified dev environment for full errors and additional helpful warnings.
    at Mc (https://dev.trenador.com/assets/index-QbLJsLSc.js:9:27650)
    at Yf (https://dev.trenador.com/assets/index-QbLJsLSc.js:9:27175)
    at ul (https://dev.trenador.com/assets/index-QbLJsLSc.js:9:59461)
    at nb (https://dev.trenador.com/assets/index-QbLJsLSc.js:9:59085)
    at e.startTransition (https://dev.trenador.com/assets/index-QbLJsLSc.js:12:53089)
    at https://dev.trenador.com/assets/index-QbLJsLSc.js:10:86760
    at new Promise (<anonymous>)
    at FO.load (https://dev.trenador.com/assets/index-QbLJsLSc.js:10:86739)
    at https://dev.trenador.com/assets/index-QbLJsLSc.js:10:73227
    at Set.forEach (<anonymous>)
[    4237ms] Error: Minified React error #185; visit https://react.dev/errors/185 for the full message or use the non-minified dev environment for full errors and additional helpful warnings.
    at Mc (https://dev.trenador.com/assets/index-QbLJsLSc.js:9:27650)
    at Yf (https://dev.trenador.com/assets/index-QbLJsLSc.js:9:27175)
    at ul (https://dev.trenador.com/assets/index-QbLJsLSc.js:9:59461)
    at nb (https://dev.trenador.com/assets/index-QbLJsLSc.js:9:59085)
    at e.startTransition (https://dev.trenador.com/assets/index-QbLJsLSc.js:12:53089)
    at https://dev.trenador.com/assets/index-QbLJsLSc.js:10:86760
    at new Promise (<anonymous>)
    at FO.load (https://dev.trenador.com/assets/index-QbLJsLSc.js:10:86739)
    at https://dev.trenador.com/assets/index-QbLJsLSc.js:10:73227
    at Set.forEach (<anonymous>)
[    4237ms] Error: Minified React error #185; visit https://react.dev/errors/185 for the full message or use the non-minified dev environment for full errors and additional helpful warnings.
    at Mc (https://dev.trenador.com/assets/index-QbLJsLSc.js:9:27650)
    at Yf (https://dev.trenador.com/assets/index-QbLJsLSc.js:9:27175)
    at ul (https://dev.trenador.com/assets/index-QbLJsLSc.js:9:59461)
    at nb (https://dev.trenador.com/assets/index-QbLJsLSc.js:9:59085)
    at e.startTransition (https://dev.trenador.com/assets/index-QbLJsLSc.js:12:53089)
    at https://dev.trenador.com/assets/index-QbLJsLSc.js:10:86760
    at new Promise (<anonymous>)
    at FO.load (https://dev.trenador.com/assets/index-QbLJsLSc.js:10:86739)
    at https://dev.trenador.com/assets/index-QbLJsLSc.js:10:73227
    at Set.forEach (<anonymous>)
[    4237ms] Error: Minified React error #185; visit https://react.dev/errors/185 for the full message or use the non-minified dev environment for full errors and additional helpful warnings.
    at Mc (https://dev.trenador.com/assets/index-QbLJsLSc.js:9:27650)
    at Yf (https://dev.trenador.com/assets/index-QbLJsLSc.js:9:27175)
    at ul (https://dev.trenador.com/assets/index-QbLJsLSc.js:9:59461)
    at nb (https://dev.trenador.com/assets/index-QbLJsLSc.js:9:59085)
    at e.startTransition (https://dev.trenador.com/assets/index-QbLJsLSc.js:12:53089)
    at https://dev.trenador.com/assets/index-QbLJsLSc.js:10:86760
    at new Promise (<anonymous>)
    at FO.load (https://dev.trenador.com/assets/index-QbLJsLSc.js:10:86739)
    at https://dev.trenador.com/assets/index-QbLJsLSc.js:10:73227
    at Set.forEach (<anonymous>)
[    4237ms] Error: Minified React error #185; visit https://react.dev/errors/185 for the full message or use the non-minified dev environment for full errors and additional helpful warnings.
    at Mc (https://dev.trenador.com/assets/index-QbLJsLSc.js:9:27650)
    at Yf (https://dev.trenador.com/assets/index-QbLJsLSc.js:9:27175)
    at ul (https://dev.trenador.com/assets/index-QbLJsLSc.js:9:59461)
    at nb (https://dev.trenador.com/assets/index-QbLJsLSc.js:9:59085)
    at e.startTransition (https://dev.trenador.com/assets/index-QbLJsLSc.js:12:53089)
    at https://dev.trenador.com/assets/index-QbLJsLSc.js:10:86760
    at new Promise (<anonymous>)
    at FO.load (https://dev.trenador.com/assets/index-QbLJsLSc.js:10:86739)
    at https://dev.trenador.com/assets/index-QbLJsLSc.js:10:73227
    at Set.forEach (<anonymous>)
[    4237ms] Error: Minified React error #185; visit https://react.dev/errors/185 for the full message or use the non-minified dev environment for full errors and additional helpful warnings.
    at Mc (https://dev.trenador.com/assets/index-QbLJsLSc.js:9:27650)
    at Yf (https://dev.trenador.com/assets/index-QbLJsLSc.js:9:27175)
    at ul (https://dev.trenador.com/assets/index-QbLJsLSc.js:9:59461)
    at nb (https://dev.trenador.com/assets/index-QbLJsLSc.js:9:59085)
    at e.startTransition (https://dev.trenador.com/assets/index-QbLJsLSc.js:12:53089)
    at https://dev.trenador.com/assets/index-QbLJsLSc.js:10:86760
    at new Promise (<anonymous>)
    at FO.load (https://dev.trenador.com/assets/index-QbLJsLSc.js:10:86739)
    at https://dev.trenador.com/assets/index-QbLJsLSc.js:10:73227
    at Set.forEach (<anonymous>)
[    4237ms] Error: Minified React error #185; visit https://react.dev/errors/185 for the full message or use the non-minified dev environment for full errors and additional helpful warnings.
    at Mc (https://dev.trenador.com/assets/index-QbLJsLSc.js:9:27650)
    at Yf (https://dev.trenador.com/assets/index-QbLJsLSc.js:9:27175)
    at ul (https://dev.trenador.com/assets/index-QbLJsLSc.js:9:59461)
    at nb (https://dev.trenador.com/assets/index-QbLJsLSc.js:9:59085)
    at e.startTransition (https://dev.trenador.com/assets/index-QbLJsLSc.js:12:53089)
    at https://dev.trenador.com/assets/index-QbLJsLSc.js:10:86760
    at new Promise (<anonymous>)
    at FO.load (https://dev.trenador.com/assets/index-QbLJsLSc.js:10:86739)
    at https://dev.trenador.com/assets/index-QbLJsLSc.js:10:73227
    at Set.forEach (<anonymous>)
[    4238ms] Error: Minified React error #185; visit https://react.dev/errors/185 for the full message or use the non-minified dev environment for full errors and additional helpful warnings.
    at Mc (https://dev.trenador.com/assets/index-QbLJsLSc.js:9:27650)
    at Yf (https://dev.trenador.com/assets/index-QbLJsLSc.js:9:27175)
    at ul (https://dev.trenador.com/assets/index-QbLJsLSc.js:9:59461)
    at nb (https://dev.trenador.com/assets/index-QbLJsLSc.js:9:59085)
    at e.startTransition (https://dev.trenador.com/assets/index-QbLJsLSc.js:12:53089)
    at https://dev.trenador.com/assets/index-QbLJsLSc.js:10:86760
    at new Promise (<anonymous>)
    at FO.load (https://dev.trenador.com/assets/index-QbLJsLSc.js:10:86739)
    at https://dev.trenador.com/assets/index-QbLJsLSc.js:10:73227
    at Set.forEach (<anonymous>)
[    4238ms] Error: Minified React error #185; visit https://react.dev/errors/185 for the full message or use the non-minified dev environment for full errors and additional helpful warnings.
    at Mc (https://dev.trenador.com/assets/index-QbLJsLSc.js:9:27650)
    at Yf (https://dev.trenador.com/assets/index-QbLJsLSc.js:9:27175)
    at ul (https://dev.trenador.com/assets/index-QbLJsLSc.js:9:59461)
    at nb (https://dev.trenador.com/assets/index-QbLJsLSc.js:9:59085)
    at e.startTransition (https://dev.trenador.com/assets/index-QbLJsLSc.js:12:53089)
    at https://dev.trenador.com/assets/index-QbLJsLSc.js:10:86760
    at new Promise (<anonymous>)
    at FO.load (https://dev.trenador.com/assets/index-QbLJsLSc.js:10:86739)
    at https://dev.trenador.com/assets/index-QbLJsLSc.js:10:73227
    at Set.forEach (<anonymous>)
[    4238ms] Error: Minified React error #185; visit https://react.dev/errors/185 for the full message or use the non-minified dev environment for full errors and additional helpful warnings.
    at Mc (https://dev.trenador.com/assets/index-QbLJsLSc.js:9:27650)
    at Yf (https://dev.trenador.com/assets/index-QbLJsLSc.js:9:27175)
    at ul (https://dev.trenador.com/assets/index-QbLJsLSc.js:9:59461)
    at nb (https://dev.trenador.com/assets/index-QbLJsLSc.js:9:59085)
    at e.startTransition (https://dev.trenador.com/assets/index-QbLJsLSc.js:12:53089)
    at https://dev.trenador.com/assets/index-QbLJsLSc.js:10:86760
    at new Promise (<anonymous>)
    at FO.load (https://dev.trenador.com/assets/index-QbLJsLSc.js:10:86739)
    at https://dev.trenador.com/assets/index-QbLJsLSc.js:10:73227
    at Set.forEach (<anonymous>)
[    4238ms] Error: Minified React error #185; visit https://react.dev/errors/185 for the full message or use the non-minified dev environment for full errors and additional helpful warnings.
    at Mc (https://dev.trenador.com/assets/index-QbLJsLSc.js:9:27650)
    at Yf (https://dev.trenador.com/assets/index-QbLJsLSc.js:9:27175)
    at ul (https://dev.trenador.com/assets/index-QbLJsLSc.js:9:59461)
    at nb (https://dev.trenador.com/assets/index-QbLJsLSc.js:9:59085)
    at e.startTransition (https://dev.trenador.com/assets/index-QbLJsLSc.js:12:53089)
    at https://dev.trenador.com/assets/index-QbLJsLSc.js:10:86760
    at new Promise (<anonymous>)
    at FO.load (https://dev.trenador.com/assets/index-QbLJsLSc.js:10:86739)
    at https://dev.trenador.com/assets/index-QbLJsLSc.js:10:73227
    at Set.forEach (<anonymous>)
[    4239ms] Error: Minified React error #185; visit https://react.dev/errors/185 for the full message or use the non-minified dev environment for full errors and additional helpful warnings.
    at Mc (https://dev.trenador.com/assets/index-QbLJsLSc.js:9:27650)
    at Yf (https://dev.trenador.com/assets/index-QbLJsLSc.js:9:27175)
    at ul (https://dev.trenador.com/assets/index-QbLJsLSc.js:9:59461)
    at nb (https://dev.trenador.com/assets/index-QbLJsLSc.js:9:59085)
    at e.startTransition (https://dev.trenador.com/assets/index-QbLJsLSc.js:12:53089)
    at https://dev.trenador.com/assets/index-QbLJsLSc.js:10:86760
    at new Promise (<anonymous>)
    at FO.load (https://dev.trenador.com/assets/index-QbLJsLSc.js:10:86739)
    at https://dev.trenador.com/assets/index-QbLJsLSc.js:10:73227
    at Set.forEach (<anonymous>)
[    4239ms] Error: Minified React error #185; visit https://react.dev/errors/185 for the full message or use the non-minified dev environment for full errors and additional helpful warnings.
    at Mc (https://dev.trenador.com/assets/index-QbLJsLSc.js:9:27650)
    at Yf (https://dev.trenador.com/assets/index-QbLJsLSc.js:9:27175)
    at ul (https://dev.trenador.com/assets/index-QbLJsLSc.js:9:59461)
    at nb (https://dev.trenador.com/assets/index-QbLJsLSc.js:9:59085)
    at e.startTransition (https://dev.trenador.com/assets/index-QbLJsLSc.js:12:53089)
    at https://dev.trenador.com/assets/index-QbLJsLSc.js:10:86760
    at new Promise (<anonymous>)
    at FO.load (https://dev.trenador.com/assets/index-QbLJsLSc.js:10:86739)
    at https://dev.trenador.com/assets/index-QbLJsLSc.js:10:73227
    at Set.forEach (<anonymous>)
[    4239ms] Error: Minified React error #185; visit https://react.dev/errors/185 for the full message or use the non-minified dev environment for full errors and additional helpful warnings.
    at Mc (https://dev.trenador.com/assets/index-QbLJsLSc.js:9:27650)
    at Yf (https://dev.trenador.com/assets/index-QbLJsLSc.js:9:27175)
    at ul (https://dev.trenador.com/assets/index-QbLJsLSc.js:9:59461)
    at nb (https://dev.trenador.com/assets/index-QbLJsLSc.js:9:59085)
    at e.startTransition (https://dev.trenador.com/assets/index-QbLJsLSc.js:12:53089)
    at https://dev.trenador.com/assets/index-QbLJsLSc.js:10:86760
    at new Promise (<anonymous>)
    at FO.load (https://dev.trenador.com/assets/index-QbLJsLSc.js:10:86739)
    at https://dev.trenador.com/assets/index-QbLJsLSc.js:10:73227
    at Set.forEach (<anonymous>)
[    4239ms] Error: Minified React error #185; visit https://react.dev/errors/185 for the full message or use the non-minified dev environment for full errors and additional helpful warnings.
    at Mc (https://dev.trenador.com/assets/index-QbLJsLSc.js:9:27650)
    at Yf (https://dev.trenador.com/assets/index-QbLJsLSc.js:9:27175)
    at ul (https://dev.trenador.com/assets/index-QbLJsLSc.js:9:59461)
    at nb (https://dev.trenador.com/assets/index-QbLJsLSc.js:9:59085)
    at e.startTransition (https://dev.trenador.com/assets/index-QbLJsLSc.js:12:53089)
    at https://dev.trenador.com/assets/index-QbLJsLSc.js:10:86760
    at new Promise (<anonymous>)
    at FO.load (https://dev.trenador.com/assets/index-QbLJsLSc.js:10:86739)
    at https://dev.trenador.com/assets/index-QbLJsLSc.js:10:73227
    at Set.forEach (<anonymous>)
[    4239ms] Error: Minified React error #185; visit https://react.dev/errors/185 for the full message or use the non-minified dev environment for full errors and additional helpful warnings.
    at Mc (https://dev.trenador.com/assets/index-QbLJsLSc.js:9:27650)
    at Yf (https://dev.trenador.com/assets/index-QbLJsLSc.js:9:27175)
    at ul (https://dev.trenador.com/assets/index-QbLJsLSc.js:9:59461)
    at nb (https://dev.trenador.com/assets/index-QbLJsLSc.js:9:59085)
    at e.startTransition (https://dev.trenador.com/assets/index-QbLJsLSc.js:12:53089)
    at https://dev.trenador.com/assets/index-QbLJsLSc.js:10:86760
    at new Promise (<anonymous>)
    at FO.load (https://dev.trenador.com/assets/index-QbLJsLSc.js:10:86739)
    at https://dev.trenador.com/assets/index-QbLJsLSc.js:10:73227
    at Set.forEach (<anonymous>)
[    4239ms] Error: Minified React error #185; visit https://react.dev/errors/185 for the full message or use the non-minified dev environment for full errors and additional helpful warnings.
    at Mc (https://dev.trenador.com/assets/index-QbLJsLSc.js:9:27650)
    at Yf (https://dev.trenador.com/assets/index-QbLJsLSc.js:9:27175)
    at ul (https://dev.trenador.com/assets/index-QbLJsLSc.js:9:59461)
    at nb (https://dev.trenador.com/assets/index-QbLJsLSc.js:9:59085)
    at e.startTransition (https://dev.trenador.com/assets/index-QbLJsLSc.js:12:53089)
    at https://dev.trenador.com/assets/index-QbLJsLSc.js:10:86760
    at new Promise (<anonymous>)
    at FO.load (https://dev.trenador.com/assets/index-QbLJsLSc.js:10:86739)
    at https://dev.trenador.com/assets/index-QbLJsLSc.js:10:73227
    at Set.forEach (<anonymous>)
[    4240ms] Error: Minified React error #185; visit https://react.dev/errors/185 for the full message or use the non-minified dev environment for full errors and additional helpful warnings.
    at Mc (https://dev.trenador.com/assets/index-QbLJsLSc.js:9:27650)
    at Yf (https://dev.trenador.com/assets/index-QbLJsLSc.js:9:27175)
    at ul (https://dev.trenador.com/assets/index-QbLJsLSc.js:9:59461)
    at nb (https://dev.trenador.com/assets/index-QbLJsLSc.js:9:59085)
    at e.startTransition (https://dev.trenador.com/assets/index-QbLJsLSc.js:12:53089)
    at https://dev.trenador.com/assets/index-QbLJsLSc.js:10:86760
    at new Promise (<anonymous>)
    at FO.load (https://dev.trenador.com/assets/index-QbLJsLSc.js:10:86739)
    at https://dev.trenador.com/assets/index-QbLJsLSc.js:10:73227
    at Set.forEach (<anonymous>)
[    4240ms] Error: Minified React error #185; visit https://react.dev/errors/185 for the full message or use the non-minified dev environment for full errors and additional helpful warnings.
    at Mc (https://dev.trenador.com/assets/index-QbLJsLSc.js:9:27650)
    at Yf (https://dev.trenador.com/assets/index-QbLJsLSc.js:9:27175)
    at ul (https://dev.trenador.com/assets/index-QbLJsLSc.js:9:59461)
    at nb (https://dev.trenador.com/assets/index-QbLJsLSc.js:9:59085)
    at e.startTransition (https://dev.trenador.com/assets/index-QbLJsLSc.js:12:53089)
    at https://dev.trenador.com/assets/index-QbLJsLSc.js:10:86760
    at new Promise (<anonymous>)
    at FO.load (https://dev.trenador.com/assets/index-QbLJsLSc.js:10:86739)
    at https://dev.trenador.com/assets/index-QbLJsLSc.js:10:73227
    at Set.forEach (<anonymous>)
[    4240ms] Error: Minified React error #185; visit https://react.dev/errors/185 for the full message or use the non-minified dev environment for full errors and additional helpful warnings.
    at Mc (https://dev.trenador.com/assets/index-QbLJsLSc.js:9:27650)
    at Yf (https://dev.trenador.com/assets/index-QbLJsLSc.js:9:27175)
    at ul (https://dev.trenador.com/assets/index-QbLJsLSc.js:9:59461)
    at nb (https://dev.trenador.com/assets/index-QbLJsLSc.js:9:59085)
    at e.startTransition (https://dev.trenador.com/assets/index-QbLJsLSc.js:12:53089)
    at https://dev.trenador.com/assets/index-QbLJsLSc.js:10:86760
    at new Promise (<anonymous>)
    at FO.load (https://dev.trenador.com/assets/index-QbLJsLSc.js:10:86739)
    at https://dev.trenador.com/assets/index-QbLJsLSc.js:10:73227
    at Set.forEach (<anonymous>)
[    4240ms] Error: Minified React error #185; visit https://react.dev/errors/185 for the full message or use the non-minified dev environment for full errors and additional helpful warnings.
    at Mc (https://dev.trenador.com/assets/index-QbLJsLSc.js:9:27650)
    at Yf (https://dev.trenador.com/assets/index-QbLJsLSc.js:9:27175)
    at ul (https://dev.trenador.com/assets/index-QbLJsLSc.js:9:59461)
    at nb (https://dev.trenador.com/assets/index-QbLJsLSc.js:9:59085)
    at e.startTransition (https://dev.trenador.com/assets/index-QbLJsLSc.js:12:53089)
    at https://dev.trenador.com/assets/index-QbLJsLSc.js:10:86760
    at new Promise (<anonymous>)
    at FO.load (https://dev.trenador.com/assets/index-QbLJsLSc.js:10:86739)
    at https://dev.trenador.com/assets/index-QbLJsLSc.js:10:73227
    at Set.forEach (<anonymous>)
[    4241ms] Error: Minified React error #185; visit https://react.dev/errors/185 for the full message or use the non-minified dev environment for full errors and additional helpful warnings.
    at Mc (https://dev.trenador.com/assets/index-QbLJsLSc.js:9:27650)
    at Yf (https://dev.trenador.com/assets/index-QbLJsLSc.js:9:27175)
    at ul (https://dev.trenador.com/assets/index-QbLJsLSc.js:9:59461)
    at nb (https://dev.trenador.com/assets/index-QbLJsLSc.js:9:59085)
    at e.startTransition (https://dev.trenador.com/assets/index-QbLJsLSc.js:12:53089)
    at https://dev.trenador.com/assets/index-QbLJsLSc.js:10:86760
    at new Promise (<anonymous>)
    at FO.load (https://dev.trenador.com/assets/index-QbLJsLSc.js:10:86739)
    at https://dev.trenador.com/assets/index-QbLJsLSc.js:10:73227
    at Set.forEach (<anonymous>)
[    4241ms] Error: Minified React error #185; visit https://react.dev/errors/185 for the full message or use the non-minified dev environment for full errors and additional helpful warnings.
    at Mc (https://dev.trenador.com/assets/index-QbLJsLSc.js:9:27650)
    at Yf (https://dev.trenador.com/assets/index-QbLJsLSc.js:9:27175)
    at ul (https://dev.trenador.com/assets/index-QbLJsLSc.js:9:59461)
    at nb (https://dev.trenador.com/assets/index-QbLJsLSc.js:9:59085)
    at e.startTransition (https://dev.trenador.com/assets/index-QbLJsLSc.js:12:53089)
    at https://dev.trenador.com/assets/index-QbLJsLSc.js:10:86760
    at new Promise (<anonymous>)
    at FO.load (https://dev.trenador.com/assets/index-QbLJsLSc.js:10:86739)
    at https://dev.trenador.com/assets/index-QbLJsLSc.js:10:73227
    at Set.forEach (<anonymous>)
[    4241ms] Error: Minified React error #185; visit https://react.dev/errors/185 for the full message or use the non-minified dev environment for full errors and additional helpful warnings.
    at Mc (https://dev.trenador.com/assets/index-QbLJsLSc.js:9:27650)
    at Yf (https://dev.trenador.com/assets/index-QbLJsLSc.js:9:27175)
    at ul (https://dev.trenador.com/assets/index-QbLJsLSc.js:9:59461)
    at nb (https://dev.trenador.com/assets/index-QbLJsLSc.js:9:59085)
    at e.startTransition (https://dev.trenador.com/assets/index-QbLJsLSc.js:12:53089)
    at https://dev.trenador.com/assets/index-QbLJsLSc.js:10:86760
    at new Promise (<anonymous>)
    at FO.load (https://dev.trenador.com/assets/index-QbLJsLSc.js:10:86739)
    at https://dev.trenador.com/assets/index-QbLJsLSc.js:10:73227
    at Set.forEach (<anonymous>)
[    4241ms] Error: Minified React error #185; visit https://react.dev/errors/185 for the full message or use the non-minified dev environment for full errors and additional helpful warnings.
    at Mc (https://dev.trenador.com/assets/index-QbLJsLSc.js:9:27650)
    at Yf (https://dev.trenador.com/assets/index-QbLJsLSc.js:9:27175)
    at ul (https://dev.trenador.com/assets/index-QbLJsLSc.js:9:59461)
    at nb (https://dev.trenador.com/assets/index-QbLJsLSc.js:9:59085)
    at e.startTransition (https://dev.trenador.com/assets/index-QbLJsLSc.js:12:53089)
    at https://dev.trenador.com/assets/index-QbLJsLSc.js:10:86760
    at new Promise (<anonymous>)
    at FO.load (https://dev.trenador.com/assets/index-QbLJsLSc.js:10:86739)
    at https://dev.trenador.com/assets/index-QbLJsLSc.js:10:73227
    at Set.forEach (<anonymous>)
[    4242ms] Error: Minified React error #185; visit https://react.dev/errors/185 for the full message or use the non-minified dev environment for full errors and additional helpful warnings.
    at Mc (https://dev.trenador.com/assets/index-QbLJsLSc.js:9:27650)
    at Yf (https://dev.trenador.com/assets/index-QbLJsLSc.js:9:27175)
    at ul (https://dev.trenador.com/assets/index-QbLJsLSc.js:9:59461)
    at nb (https://dev.trenador.com/assets/index-QbLJsLSc.js:9:59085)
    at e.startTransition (https://dev.trenador.com/assets/index-QbLJsLSc.js:12:53089)
    at https://dev.trenador.com/assets/index-QbLJsLSc.js:10:86760
    at new Promise (<anonymous>)
    at FO.load (https://dev.trenador.com/assets/index-QbLJsLSc.js:10:86739)
    at https://dev.trenador.com/assets/index-QbLJsLSc.js:10:73227
    at Set.forEach (<anonymous>)
[    4242ms] Error: Minified React error #185; visit https://react.dev/errors/185 for the full message or use the non-minified dev environment for full errors and additional helpful warnings.
    at Mc (https://dev.trenador.com/assets/index-QbLJsLSc.js:9:27650)
    at Yf (https://dev.trenador.com/assets/index-QbLJsLSc.js:9:27175)
    at ul (https://dev.trenador.com/assets/index-QbLJsLSc.js:9:59461)
    at nb (https://dev.trenador.com/assets/index-QbLJsLSc.js:9:59085)
    at e.startTransition (https://dev.trenador.com/assets/index-QbLJsLSc.js:12:53089)
    at https://dev.trenador.com/assets/index-QbLJsLSc.js:10:86760
    at new Promise (<anonymous>)
    at FO.load (https://dev.trenador.com/assets/index-QbLJsLSc.js:10:86739)
    at https://dev.trenador.com/assets/index-QbLJsLSc.js:10:73227
    at Set.forEach (<anonymous>)
[    4242ms] Error: Minified React error #185; visit https://react.dev/errors/185 for the full message or use the non-minified dev environment for full errors and additional helpful warnings.
    at Mc (https://dev.trenador.com/assets/index-QbLJsLSc.js:9:27650)
    at Yf (https://dev.trenador.com/assets/index-QbLJsLSc.js:9:27175)
    at ul (https://dev.trenador.com/assets/index-QbLJsLSc.js:9:59461)
    at nb (https://dev.trenador.com/assets/index-QbLJsLSc.js:9:59085)
    at e.startTransition (https://dev.trenador.com/assets/index-QbLJsLSc.js:12:53089)
    at https://dev.trenador.com/assets/index-QbLJsLSc.js:10:86760
    at new Promise (<anonymous>)
    at FO.load (https://dev.trenador.com/assets/index-QbLJsLSc.js:10:86739)
    at https://dev.trenador.com/assets/index-QbLJsLSc.js:10:73227
    at Set.forEach (<anonymous>)
[    4242ms] Error: Minified React error #185; visit https://react.dev/errors/185 for the full message or use the non-minified dev environment for full errors and additional helpful warnings.
    at Mc (https://dev.trenador.com/assets/index-QbLJsLSc.js:9:27650)
    at Yf (https://dev.trenador.com/assets/index-QbLJsLSc.js:9:27175)
    at ul (https://dev.trenador.com/assets/index-QbLJsLSc.js:9:59461)
    at nb (https://dev.trenador.com/assets/index-QbLJsLSc.js:9:59085)
    at e.startTransition (https://dev.trenador.com/assets/index-QbLJsLSc.js:12:53089)
    at https://dev.trenador.com/assets/index-QbLJsLSc.js:10:86760
    at new Promise (<anonymous>)
    at FO.load (https://dev.trenador.com/assets/index-QbLJsLSc.js:10:86739)
    at https://dev.trenador.com/assets/index-QbLJsLSc.js:10:73227
    at Set.forEach (<anonymous>)
[    4242ms] Error: Minified React error #185; visit https://react.dev/errors/185 for the full message or use the non-minified dev environment for full errors and additional helpful warnings.
    at Mc (https://dev.trenador.com/assets/index-QbLJsLSc.js:9:27650)
    at Yf (https://dev.trenador.com/assets/index-QbLJsLSc.js:9:27175)
    at ul (https://dev.trenador.com/assets/index-QbLJsLSc.js:9:59461)
    at nb (https://dev.trenador.com/assets/index-QbLJsLSc.js:9:59085)
    at e.startTransition (https://dev.trenador.com/assets/index-QbLJsLSc.js:12:53089)
    at https://dev.trenador.com/assets/index-QbLJsLSc.js:10:86760
    at new Promise (<anonymous>)
    at FO.load (https://dev.trenador.com/assets/index-QbLJsLSc.js:10:86739)
    at https://dev.trenador.com/assets/index-QbLJsLSc.js:10:73227
    at Set.forEach (<anonymous>)
[    4243ms] Error: Minified React error #185; visit https://react.dev/errors/185 for the full message or use the non-minified dev environment for full errors and additional helpful warnings.
    at Mc (https://dev.trenador.com/assets/index-QbLJsLSc.js:9:27650)
    at Yf (https://dev.trenador.com/assets/index-QbLJsLSc.js:9:27175)
    at ul (https://dev.trenador.com/assets/index-QbLJsLSc.js:9:59461)
    at nb (https://dev.trenador.com/assets/index-QbLJsLSc.js:9:59085)
    at e.startTransition (https://dev.trenador.com/assets/index-QbLJsLSc.js:12:53089)
    at https://dev.trenador.com/assets/index-QbLJsLSc.js:10:86760
    at new Promise (<anonymous>)
    at FO.load (https://dev.trenador.com/assets/index-QbLJsLSc.js:10:86739)
    at https://dev.trenador.com/assets/index-QbLJsLSc.js:10:73227
    at Set.forEach (<anonymous>)
[    4243ms] Error: Minified React error #185; visit https://react.dev/errors/185 for the full message or use the non-minified dev environment for full errors and additional helpful warnings.
    at Mc (https://dev.trenador.com/assets/index-QbLJsLSc.js:9:27650)
    at Yf (https://dev.trenador.com/assets/index-QbLJsLSc.js:9:27175)
    at ul (https://dev.trenador.com/assets/index-QbLJsLSc.js:9:59461)
    at nb (https://dev.trenador.com/assets/index-QbLJsLSc.js:9:59085)
    at e.startTransition (https://dev.trenador.com/assets/index-QbLJsLSc.js:12:53089)
    at https://dev.trenador.com/assets/index-QbLJsLSc.js:10:86760
    at new Promise (<anonymous>)
    at FO.load (https://dev.trenador.com/assets/index-QbLJsLSc.js:10:86739)
    at https://dev.trenador.com/assets/index-QbLJsLSc.js:10:73227
    at Set.forEach (<anonymous>)
[    4243ms] Error: Minified React error #185; visit https://react.dev/errors/185 for the full message or use the non-minified dev environment for full errors and additional helpful warnings.
    at Mc (https://dev.trenador.com/assets/index-QbLJsLSc.js:9:27650)
    at Yf (https://dev.trenador.com/assets/index-QbLJsLSc.js:9:27175)
    at ul (https://dev.trenador.com/assets/index-QbLJsLSc.js:9:59461)
    at nb (https://dev.trenador.com/assets/index-QbLJsLSc.js:9:59085)
    at e.startTransition (https://dev.trenador.com/assets/index-QbLJsLSc.js:12:53089)
    at https://dev.trenador.com/assets/index-QbLJsLSc.js:10:86760
    at new Promise (<anonymous>)
    at FO.load (https://dev.trenador.com/assets/index-QbLJsLSc.js:10:86739)
    at https://dev.trenador.com/assets/index-QbLJsLSc.js:10:73227
    at Set.forEach (<anonymous>)
[    4243ms] Error: Minified React error #185; visit https://react.dev/errors/185 for the full message or use the non-minified dev environment for full errors and additional helpful warnings.
    at Mc (https://dev.trenador.com/assets/index-QbLJsLSc.js:9:27650)
    at Yf (https://dev.trenador.com/assets/index-QbLJsLSc.js:9:27175)
    at ul (https://dev.trenador.com/assets/index-QbLJsLSc.js:9:59461)
    at nb (https://dev.trenador.com/assets/index-QbLJsLSc.js:9:59085)
    at e.startTransition (https://dev.trenador.com/assets/index-QbLJsLSc.js:12:53089)
    at https://dev.trenador.com/assets/index-QbLJsLSc.js:10:86760
    at new Promise (<anonymous>)
    at FO.load (https://dev.trenador.com/assets/index-QbLJsLSc.js:10:86739)
    at https://dev.trenador.com/assets/index-QbLJsLSc.js:10:73227
    at Set.forEach (<anonymous>)
[    4244ms] Error: Minified React error #185; visit https://react.dev/errors/185 for the full message or use the non-minified dev environment for full errors and additional helpful warnings.
    at Mc (https://dev.trenador.com/assets/index-QbLJsLSc.js:9:27650)
    at Yf (https://dev.trenador.com/assets/index-QbLJsLSc.js:9:27175)
    at ul (https://dev.trenador.com/assets/index-QbLJsLSc.js:9:59461)
    at nb (https://dev.trenador.com/assets/index-QbLJsLSc.js:9:59085)
    at e.startTransition (https://dev.trenador.com/assets/index-QbLJsLSc.js:12:53089)
    at https://dev.trenador.com/assets/index-QbLJsLSc.js:10:86760
    at new Promise (<anonymous>)
    at FO.load (https://dev.trenador.com/assets/index-QbLJsLSc.js:10:86739)
    at https://dev.trenador.com/assets/index-QbLJsLSc.js:10:73227
    at Set.forEach (<anonymous>)
[    4244ms] Error: Minified React error #185; visit https://react.dev/errors/185 for the full message or use the non-minified dev environment for full errors and additional helpful warnings.
    at Mc (https://dev.trenador.com/assets/index-QbLJsLSc.js:9:27650)
    at Yf (https://dev.trenador.com/assets/index-QbLJsLSc.js:9:27175)
    at ul (https://dev.trenador.com/assets/index-QbLJsLSc.js:9:59461)
    at nb (https://dev.trenador.com/assets/index-QbLJsLSc.js:9:59085)
    at e.startTransition (https://dev.trenador.com/assets/index-QbLJsLSc.js:12:53089)
    at https://dev.trenador.com/assets/index-QbLJsLSc.js:10:86760
    at new Promise (<anonymous>)
    at FO.load (https://dev.trenador.com/assets/index-QbLJsLSc.js:10:86739)
    at https://dev.trenador.com/assets/index-QbLJsLSc.js:10:73227
    at Set.forEach (<anonymous>)
[    4244ms] Error: Minified React error #185; visit https://react.dev/errors/185 for the full message or use the non-minified dev environment for full errors and additional helpful warnings.
    at Mc (https://dev.trenador.com/assets/index-QbLJsLSc.js:9:27650)
    at Yf (https://dev.trenador.com/assets/index-QbLJsLSc.js:9:27175)
    at ul (https://dev.trenador.com/assets/index-QbLJsLSc.js:9:59461)
    at nb (https://dev.trenador.com/assets/index-QbLJsLSc.js:9:59085)
    at e.startTransition (https://dev.trenador.com/assets/index-QbLJsLSc.js:12:53089)
    at https://dev.trenador.com/assets/index-QbLJsLSc.js:10:86760
    at new Promise (<anonymous>)
    at FO.load (https://dev.trenador.com/assets/index-QbLJsLSc.js:10:86739)
    at https://dev.trenador.com/assets/index-QbLJsLSc.js:10:73227
    at Set.forEach (<anonymous>)
[    4244ms] Error: Minified React error #185; visit https://react.dev/errors/185 for the full message or use the non-minified dev environment for full errors and additional helpful warnings.
    at Mc (https://dev.trenador.com/assets/index-QbLJsLSc.js:9:27650)
    at Yf (https://dev.trenador.com/assets/index-QbLJsLSc.js:9:27175)
    at ul (https://dev.trenador.com/assets/index-QbLJsLSc.js:9:59461)
    at nb (https://dev.trenador.com/assets/index-QbLJsLSc.js:9:59085)
    at e.startTransition (https://dev.trenador.com/assets/index-QbLJsLSc.js:12:53089)
    at https://dev.trenador.com/assets/index-QbLJsLSc.js:10:86760
    at new Promise (<anonymous>)
    at FO.load (https://dev.trenador.com/assets/index-QbLJsLSc.js:10:86739)
    at https://dev.trenador.com/assets/index-QbLJsLSc.js:10:73227
    at Set.forEach (<anonymous>)
[    4244ms] Error: Minified React error #185; visit https://react.dev/errors/185 for the full message or use the non-minified dev environment for full errors and additional helpful warnings.
    at Mc (https://dev.trenador.com/assets/index-QbLJsLSc.js:9:27650)
    at Yf (https://dev.trenador.com/assets/index-QbLJsLSc.js:9:27175)
    at ul (https://dev.trenador.com/assets/index-QbLJsLSc.js:9:59461)
    at nb (https://dev.trenador.com/assets/index-QbLJsLSc.js:9:59085)
    at e.startTransition (https://dev.trenador.com/assets/index-QbLJsLSc.js:12:53089)
    at https://dev.trenador.com/assets/index-QbLJsLSc.js:10:86760
    at new Promise (<anonymous>)
    at FO.load (https://dev.trenador.com/assets/index-QbLJsLSc.js:10:86739)
    at https://dev.trenador.com/assets/index-QbLJsLSc.js:10:73227
    at Set.forEach (<anonymous>)
[    4245ms] Error: Minified React error #185; visit https://react.dev/errors/185 for the full message or use the non-minified dev environment for full errors and additional helpful warnings.
    at Mc (https://dev.trenador.com/assets/index-QbLJsLSc.js:9:27650)
    at Yf (https://dev.trenador.com/assets/index-QbLJsLSc.js:9:27175)
    at ul (https://dev.trenador.com/assets/index-QbLJsLSc.js:9:59461)
    at nb (https://dev.trenador.com/assets/index-QbLJsLSc.js:9:59085)
    at e.startTransition (https://dev.trenador.com/assets/index-QbLJsLSc.js:12:53089)
    at https://dev.trenador.com/assets/index-QbLJsLSc.js:10:86760
    at new Promise (<anonymous>)
    at FO.load (https://dev.trenador.com/assets/index-QbLJsLSc.js:10:86739)
    at https://dev.trenador.com/assets/index-QbLJsLSc.js:10:73227
    at Set.forEach (<anonymous>)
[    4245ms] Error: Minified React error #185; visit https://react.dev/errors/185 for the full message or use the non-minified dev environment for full errors and additional helpful warnings.
    at Mc (https://dev.trenador.com/assets/index-QbLJsLSc.js:9:27650)
    at Yf (https://dev.trenador.com/assets/index-QbLJsLSc.js:9:27175)
    at ul (https://dev.trenador.com/assets/index-QbLJsLSc.js:9:59461)
    at nb (https://dev.trenador.com/assets/index-QbLJsLSc.js:9:59085)
    at e.startTransition (https://dev.trenador.com/assets/index-QbLJsLSc.js:12:53089)
    at https://dev.trenador.com/assets/index-QbLJsLSc.js:10:86760
    at new Promise (<anonymous>)
    at FO.load (https://dev.trenador.com/assets/index-QbLJsLSc.js:10:86739)
    at https://dev.trenador.com/assets/index-QbLJsLSc.js:10:73227
    at Set.forEach (<anonymous>)
[    4245ms] Error: Minified React error #185; visit https://react.dev/errors/185 for the full message or use the non-minified dev environment for full errors and additional helpful warnings.
    at Mc (https://dev.trenador.com/assets/index-QbLJsLSc.js:9:27650)
    at Yf (https://dev.trenador.com/assets/index-QbLJsLSc.js:9:27175)
    at ul (https://dev.trenador.com/assets/index-QbLJsLSc.js:9:59461)
    at nb (https://dev.trenador.com/assets/index-QbLJsLSc.js:9:59085)
    at e.startTransition (https://dev.trenador.com/assets/index-QbLJsLSc.js:12:53089)
    at https://dev.trenador.com/assets/index-QbLJsLSc.js:10:86760
    at new Promise (<anonymous>)
    at FO.load (https://dev.trenador.com/assets/index-QbLJsLSc.js:10:86739)
    at https://dev.trenador.com/assets/index-QbLJsLSc.js:10:73227
    at Set.forEach (<anonymous>)
[   24041ms] [ERROR] Failed to load resource: the server responded with a status of 400 () @ https://gjrqrqchimclkdlmruzw.supabase.co/auth/v1/token?grant_type=password:0
[   28590ms] [ERROR] Failed to load resource: the server responded with a status of 500 () @ https://dev.trenador.com/~api/analytics:0
[   28948ms] [ERROR] Failed to load resource: the server responded with a status of 500 () @ https://dev.trenador.com/~api/analytics:0
[   29198ms] [ERROR] Failed to load resource: the server responded with a status of 400 () @ https://gjrqrqchimclkdlmruzw.supabase.co/rest/v1/profiles?select=onboarded_at&id=eq.d4d4891a-596d-41d2-81a9-ab9621c64359:0
[   45841ms] [ERROR] Failed to load resource: the server responded with a status of 400 () @ https://gjrqrqchimclkdlmruzw.supabase.co/rest/v1/profiles?select=onboarded_at&id=eq.d4d4891a-596d-41d2-81a9-ab9621c64359:0
