[    3827ms] Error: Minified React error #185; visit https://react.dev/errors/185 for the full message or use the non-minified dev environment for full errors and additional helpful warnings.
    at Ic (https://dev.trenador.com/assets/index-g-tOYZVj.js:9:27650)
    at Xf (https://dev.trenador.com/assets/index-g-tOYZVj.js:9:27175)
    at dl (https://dev.trenador.com/assets/index-g-tOYZVj.js:9:59461)
    at db (https://dev.trenador.com/assets/index-g-tOYZVj.js:9:59085)
    at e.startTransition (https://dev.trenador.com/assets/index-g-tOYZVj.js:12:53089)
    at https://dev.trenador.com/assets/index-g-tOYZVj.js:10:86805
    at new Promise (<anonymous>)
    at load (https://dev.trenador.com/assets/index-g-tOYZVj.js:10:86784)
    at https://dev.trenador.com/assets/index-g-tOYZVj.js:10:73272
    at Set.forEach (<anonymous>)
[    4067ms] Error: Minified React error #185; visit https://react.dev/errors/185 for the full message or use the non-minified dev environment for full errors and additional helpful warnings.
    at Ic (https://dev.trenador.com/assets/index-g-tOYZVj.js:9:27650)
    at Xf (https://dev.trenador.com/assets/index-g-tOYZVj.js:9:27175)
    at dl (https://dev.trenador.com/assets/index-g-tOYZVj.js:9:59461)
    at db (https://dev.trenador.com/assets/index-g-tOYZVj.js:9:59085)
    at e.startTransition (https://dev.trenador.com/assets/index-g-tOYZVj.js:12:53089)
    at https://dev.trenador.com/assets/index-g-tOYZVj.js:10:86805
    at new Promise (<anonymous>)
    at load (https://dev.trenador.com/assets/index-g-tOYZVj.js:10:86784)
    at https://dev.trenador.com/assets/index-g-tOYZVj.js:10:73272
    at Set.forEach (<anonymous>)
[    4067ms] Error: Minified React error #185; visit https://react.dev/errors/185 for the full message or use the non-minified dev environment for full errors and additional helpful warnings.
    at Ic (https://dev.trenador.com/assets/index-g-tOYZVj.js:9:27650)
    at Xf (https://dev.trenador.com/assets/index-g-tOYZVj.js:9:27175)
    at dl (https://dev.trenador.com/assets/index-g-tOYZVj.js:9:59461)
    at db (https://dev.trenador.com/assets/index-g-tOYZVj.js:9:59085)
    at e.startTransition (https://dev.trenador.com/assets/index-g-tOYZVj.js:12:53089)
    at https://dev.trenador.com/assets/index-g-tOYZVj.js:10:86805
    at new Promise (<anonymous>)
    at load (https://dev.trenador.com/assets/index-g-tOYZVj.js:10:86784)
    at https://dev.trenador.com/assets/index-g-tOYZVj.js:10:73272
    at Set.forEach (<anonymous>)
[    4068ms] Error: Minified React error #185; visit https://react.dev/errors/185 for the full message or use the non-minified dev environment for full errors and additional helpful warnings.
    at Ic (https://dev.trenador.com/assets/index-g-tOYZVj.js:9:27650)
    at Xf (https://dev.trenador.com/assets/index-g-tOYZVj.js:9:27175)
    at dl (https://dev.trenador.com/assets/index-g-tOYZVj.js:9:59461)
    at db (https://dev.trenador.com/assets/index-g-tOYZVj.js:9:59085)
    at e.startTransition (https://dev.trenador.com/assets/index-g-tOYZVj.js:12:53089)
    at https://dev.trenador.com/assets/index-g-tOYZVj.js:10:86805
    at new Promise (<anonymous>)
    at load (https://dev.trenador.com/assets/index-g-tOYZVj.js:10:86784)
    at https://dev.trenador.com/assets/index-g-tOYZVj.js:10:73272
    at Set.forEach (<anonymous>)
[    4068ms] Error: Minified React error #185; visit https://react.dev/errors/185 for the full message or use the non-minified dev environment for full errors and additional helpful warnings.
    at Ic (https://dev.trenador.com/assets/index-g-tOYZVj.js:9:27650)
    at Xf (https://dev.trenador.com/assets/index-g-tOYZVj.js:9:27175)
    at dl (https://dev.trenador.com/assets/index-g-tOYZVj.js:9:59461)
    at db (https://dev.trenador.com/assets/index-g-tOYZVj.js:9:59085)
    at e.startTransition (https://dev.trenador.com/assets/index-g-tOYZVj.js:12:53089)
    at https://dev.trenador.com/assets/index-g-tOYZVj.js:10:86805
    at new Promise (<anonymous>)
    at load (https://dev.trenador.com/assets/index-g-tOYZVj.js:10:86784)
    at https://dev.trenador.com/assets/index-g-tOYZVj.js:10:73272
    at Set.forEach (<anonymous>)
[    4069ms] Error: Minified React error #185; visit https://react.dev/errors/185 for the full message or use the non-minified dev environment for full errors and additional helpful warnings.
    at Ic (https://dev.trenador.com/assets/index-g-tOYZVj.js:9:27650)
    at Xf (https://dev.trenador.com/assets/index-g-tOYZVj.js:9:27175)
    at dl (https://dev.trenador.com/assets/index-g-tOYZVj.js:9:59461)
    at db (https://dev.trenador.com/assets/index-g-tOYZVj.js:9:59085)
    at e.startTransition (https://dev.trenador.com/assets/index-g-tOYZVj.js:12:53089)
    at https://dev.trenador.com/assets/index-g-tOYZVj.js:10:86805
    at new Promise (<anonymous>)
    at load (https://dev.trenador.com/assets/index-g-tOYZVj.js:10:86784)
    at https://dev.trenador.com/assets/index-g-tOYZVj.js:10:73272
    at Set.forEach (<anonymous>)
[    4069ms] Error: Minified React error #185; visit https://react.dev/errors/185 for the full message or use the non-minified dev environment for full errors and additional helpful warnings.
    at Ic (https://dev.trenador.com/assets/index-g-tOYZVj.js:9:27650)
    at Xf (https://dev.trenador.com/assets/index-g-tOYZVj.js:9:27175)
    at dl (https://dev.trenador.com/assets/index-g-tOYZVj.js:9:59461)
    at db (https://dev.trenador.com/assets/index-g-tOYZVj.js:9:59085)
    at e.startTransition (https://dev.trenador.com/assets/index-g-tOYZVj.js:12:53089)
    at https://dev.trenador.com/assets/index-g-tOYZVj.js:10:86805
    at new Promise (<anonymous>)
    at load (https://dev.trenador.com/assets/index-g-tOYZVj.js:10:86784)
    at https://dev.trenador.com/assets/index-g-tOYZVj.js:10:73272
    at Set.forEach (<anonymous>)
[    4070ms] Error: Minified React error #185; visit https://react.dev/errors/185 for the full message or use the non-minified dev environment for full errors and additional helpful warnings.
    at Ic (https://dev.trenador.com/assets/index-g-tOYZVj.js:9:27650)
    at Xf (https://dev.trenador.com/assets/index-g-tOYZVj.js:9:27175)
    at dl (https://dev.trenador.com/assets/index-g-tOYZVj.js:9:59461)
    at db (https://dev.trenador.com/assets/index-g-tOYZVj.js:9:59085)
    at e.startTransition (https://dev.trenador.com/assets/index-g-tOYZVj.js:12:53089)
    at https://dev.trenador.com/assets/index-g-tOYZVj.js:10:86805
    at new Promise (<anonymous>)
    at load (https://dev.trenador.com/assets/index-g-tOYZVj.js:10:86784)
    at https://dev.trenador.com/assets/index-g-tOYZVj.js:10:73272
    at Set.forEach (<anonymous>)
[    4070ms] Error: Minified React error #185; visit https://react.dev/errors/185 for the full message or use the non-minified dev environment for full errors and additional helpful warnings.
    at Ic (https://dev.trenador.com/assets/index-g-tOYZVj.js:9:27650)
    at Xf (https://dev.trenador.com/assets/index-g-tOYZVj.js:9:27175)
    at dl (https://dev.trenador.com/assets/index-g-tOYZVj.js:9:59461)
    at db (https://dev.trenador.com/assets/index-g-tOYZVj.js:9:59085)
    at e.startTransition (https://dev.trenador.com/assets/index-g-tOYZVj.js:12:53089)
    at https://dev.trenador.com/assets/index-g-tOYZVj.js:10:86805
    at new Promise (<anonymous>)
    at load (https://dev.trenador.com/assets/index-g-tOYZVj.js:10:86784)
    at https://dev.trenador.com/assets/index-g-tOYZVj.js:10:73272
    at Set.forEach (<anonymous>)
[    4071ms] Error: Minified React error #185; visit https://react.dev/errors/185 for the full message or use the non-minified dev environment for full errors and additional helpful warnings.
    at Ic (https://dev.trenador.com/assets/index-g-tOYZVj.js:9:27650)
    at Xf (https://dev.trenador.com/assets/index-g-tOYZVj.js:9:27175)
    at dl (https://dev.trenador.com/assets/index-g-tOYZVj.js:9:59461)
    at db (https://dev.trenador.com/assets/index-g-tOYZVj.js:9:59085)
    at e.startTransition (https://dev.trenador.com/assets/index-g-tOYZVj.js:12:53089)
    at https://dev.trenador.com/assets/index-g-tOYZVj.js:10:86805
    at new Promise (<anonymous>)
    at load (https://dev.trenador.com/assets/index-g-tOYZVj.js:10:86784)
    at https://dev.trenador.com/assets/index-g-tOYZVj.js:10:73272
    at Set.forEach (<anonymous>)
[    4071ms] Error: Minified React error #185; visit https://react.dev/errors/185 for the full message or use the non-minified dev environment for full errors and additional helpful warnings.
    at Ic (https://dev.trenador.com/assets/index-g-tOYZVj.js:9:27650)
    at Xf (https://dev.trenador.com/assets/index-g-tOYZVj.js:9:27175)
    at dl (https://dev.trenador.com/assets/index-g-tOYZVj.js:9:59461)
    at db (https://dev.trenador.com/assets/index-g-tOYZVj.js:9:59085)
    at e.startTransition (https://dev.trenador.com/assets/index-g-tOYZVj.js:12:53089)
    at https://dev.trenador.com/assets/index-g-tOYZVj.js:10:86805
    at new Promise (<anonymous>)
    at load (https://dev.trenador.com/assets/index-g-tOYZVj.js:10:86784)
    at https://dev.trenador.com/assets/index-g-tOYZVj.js:10:73272
    at Set.forEach (<anonymous>)
[    4072ms] Error: Minified React error #185; visit https://react.dev/errors/185 for the full message or use the non-minified dev environment for full errors and additional helpful warnings.
    at Ic (https://dev.trenador.com/assets/index-g-tOYZVj.js:9:27650)
    at Xf (https://dev.trenador.com/assets/index-g-tOYZVj.js:9:27175)
    at dl (https://dev.trenador.com/assets/index-g-tOYZVj.js:9:59461)
    at db (https://dev.trenador.com/assets/index-g-tOYZVj.js:9:59085)
    at e.startTransition (https://dev.trenador.com/assets/index-g-tOYZVj.js:12:53089)
    at https://dev.trenador.com/assets/index-g-tOYZVj.js:10:86805
    at new Promise (<anonymous>)
    at load (https://dev.trenador.com/assets/index-g-tOYZVj.js:10:86784)
    at https://dev.trenador.com/assets/index-g-tOYZVj.js:10:73272
    at Set.forEach (<anonymous>)
[    4072ms] Error: Minified React error #185; visit https://react.dev/errors/185 for the full message or use the non-minified dev environment for full errors and additional helpful warnings.
    at Ic (https://dev.trenador.com/assets/index-g-tOYZVj.js:9:27650)
    at Xf (https://dev.trenador.com/assets/index-g-tOYZVj.js:9:27175)
    at dl (https://dev.trenador.com/assets/index-g-tOYZVj.js:9:59461)
    at db (https://dev.trenador.com/assets/index-g-tOYZVj.js:9:59085)
    at e.startTransition (https://dev.trenador.com/assets/index-g-tOYZVj.js:12:53089)
    at https://dev.trenador.com/assets/index-g-tOYZVj.js:10:86805
    at new Promise (<anonymous>)
    at load (https://dev.trenador.com/assets/index-g-tOYZVj.js:10:86784)
    at https://dev.trenador.com/assets/index-g-tOYZVj.js:10:73272
    at Set.forEach (<anonymous>)
[    4073ms] Error: Minified React error #185; visit https://react.dev/errors/185 for the full message or use the non-minified dev environment for full errors and additional helpful warnings.
    at Ic (https://dev.trenador.com/assets/index-g-tOYZVj.js:9:27650)
    at Xf (https://dev.trenador.com/assets/index-g-tOYZVj.js:9:27175)
    at dl (https://dev.trenador.com/assets/index-g-tOYZVj.js:9:59461)
    at db (https://dev.trenador.com/assets/index-g-tOYZVj.js:9:59085)
    at e.startTransition (https://dev.trenador.com/assets/index-g-tOYZVj.js:12:53089)
    at https://dev.trenador.com/assets/index-g-tOYZVj.js:10:86805
    at new Promise (<anonymous>)
    at load (https://dev.trenador.com/assets/index-g-tOYZVj.js:10:86784)
    at https://dev.trenador.com/assets/index-g-tOYZVj.js:10:73272
    at Set.forEach (<anonymous>)
[    4073ms] Error: Minified React error #185; visit https://react.dev/errors/185 for the full message or use the non-minified dev environment for full errors and additional helpful warnings.
    at Ic (https://dev.trenador.com/assets/index-g-tOYZVj.js:9:27650)
    at Xf (https://dev.trenador.com/assets/index-g-tOYZVj.js:9:27175)
    at dl (https://dev.trenador.com/assets/index-g-tOYZVj.js:9:59461)
    at db (https://dev.trenador.com/assets/index-g-tOYZVj.js:9:59085)
    at e.startTransition (https://dev.trenador.com/assets/index-g-tOYZVj.js:12:53089)
    at https://dev.trenador.com/assets/index-g-tOYZVj.js:10:86805
    at new Promise (<anonymous>)
    at load (https://dev.trenador.com/assets/index-g-tOYZVj.js:10:86784)
    at https://dev.trenador.com/assets/index-g-tOYZVj.js:10:73272
    at Set.forEach (<anonymous>)
[    4074ms] Error: Minified React error #185; visit https://react.dev/errors/185 for the full message or use the non-minified dev environment for full errors and additional helpful warnings.
    at Ic (https://dev.trenador.com/assets/index-g-tOYZVj.js:9:27650)
    at Xf (https://dev.trenador.com/assets/index-g-tOYZVj.js:9:27175)
    at dl (https://dev.trenador.com/assets/index-g-tOYZVj.js:9:59461)
    at db (https://dev.trenador.com/assets/index-g-tOYZVj.js:9:59085)
    at e.startTransition (https://dev.trenador.com/assets/index-g-tOYZVj.js:12:53089)
    at https://dev.trenador.com/assets/index-g-tOYZVj.js:10:86805
    at new Promise (<anonymous>)
    at load (https://dev.trenador.com/assets/index-g-tOYZVj.js:10:86784)
    at https://dev.trenador.com/assets/index-g-tOYZVj.js:10:73272
    at Set.forEach (<anonymous>)
[    4074ms] Error: Minified React error #185; visit https://react.dev/errors/185 for the full message or use the non-minified dev environment for full errors and additional helpful warnings.
    at Ic (https://dev.trenador.com/assets/index-g-tOYZVj.js:9:27650)
    at Xf (https://dev.trenador.com/assets/index-g-tOYZVj.js:9:27175)
    at dl (https://dev.trenador.com/assets/index-g-tOYZVj.js:9:59461)
    at db (https://dev.trenador.com/assets/index-g-tOYZVj.js:9:59085)
    at e.startTransition (https://dev.trenador.com/assets/index-g-tOYZVj.js:12:53089)
    at https://dev.trenador.com/assets/index-g-tOYZVj.js:10:86805
    at new Promise (<anonymous>)
    at load (https://dev.trenador.com/assets/index-g-tOYZVj.js:10:86784)
    at https://dev.trenador.com/assets/index-g-tOYZVj.js:10:73272
    at Set.forEach (<anonymous>)
[    4075ms] Error: Minified React error #185; visit https://react.dev/errors/185 for the full message or use the non-minified dev environment for full errors and additional helpful warnings.
    at Ic (https://dev.trenador.com/assets/index-g-tOYZVj.js:9:27650)
    at Xf (https://dev.trenador.com/assets/index-g-tOYZVj.js:9:27175)
    at dl (https://dev.trenador.com/assets/index-g-tOYZVj.js:9:59461)
    at db (https://dev.trenador.com/assets/index-g-tOYZVj.js:9:59085)
    at e.startTransition (https://dev.trenador.com/assets/index-g-tOYZVj.js:12:53089)
    at https://dev.trenador.com/assets/index-g-tOYZVj.js:10:86805
    at new Promise (<anonymous>)
    at load (https://dev.trenador.com/assets/index-g-tOYZVj.js:10:86784)
    at https://dev.trenador.com/assets/index-g-tOYZVj.js:10:73272
    at Set.forEach (<anonymous>)
[    4075ms] Error: Minified React error #185; visit https://react.dev/errors/185 for the full message or use the non-minified dev environment for full errors and additional helpful warnings.
    at Ic (https://dev.trenador.com/assets/index-g-tOYZVj.js:9:27650)
    at Xf (https://dev.trenador.com/assets/index-g-tOYZVj.js:9:27175)
    at dl (https://dev.trenador.com/assets/index-g-tOYZVj.js:9:59461)
    at db (https://dev.trenador.com/assets/index-g-tOYZVj.js:9:59085)
    at e.startTransition (https://dev.trenador.com/assets/index-g-tOYZVj.js:12:53089)
    at https://dev.trenador.com/assets/index-g-tOYZVj.js:10:86805
    at new Promise (<anonymous>)
    at load (https://dev.trenador.com/assets/index-g-tOYZVj.js:10:86784)
    at https://dev.trenador.com/assets/index-g-tOYZVj.js:10:73272
    at Set.forEach (<anonymous>)
[    4076ms] Error: Minified React error #185; visit https://react.dev/errors/185 for the full message or use the non-minified dev environment for full errors and additional helpful warnings.
    at Ic (https://dev.trenador.com/assets/index-g-tOYZVj.js:9:27650)
    at Xf (https://dev.trenador.com/assets/index-g-tOYZVj.js:9:27175)
    at dl (https://dev.trenador.com/assets/index-g-tOYZVj.js:9:59461)
    at db (https://dev.trenador.com/assets/index-g-tOYZVj.js:9:59085)
    at e.startTransition (https://dev.trenador.com/assets/index-g-tOYZVj.js:12:53089)
    at https://dev.trenador.com/assets/index-g-tOYZVj.js:10:86805
    at new Promise (<anonymous>)
    at load (https://dev.trenador.com/assets/index-g-tOYZVj.js:10:86784)
    at https://dev.trenador.com/assets/index-g-tOYZVj.js:10:73272
    at Set.forEach (<anonymous>)
[    4077ms] Error: Minified React error #185; visit https://react.dev/errors/185 for the full message or use the non-minified dev environment for full errors and additional helpful warnings.
    at Ic (https://dev.trenador.com/assets/index-g-tOYZVj.js:9:27650)
    at Xf (https://dev.trenador.com/assets/index-g-tOYZVj.js:9:27175)
    at dl (https://dev.trenador.com/assets/index-g-tOYZVj.js:9:59461)
    at db (https://dev.trenador.com/assets/index-g-tOYZVj.js:9:59085)
    at e.startTransition (https://dev.trenador.com/assets/index-g-tOYZVj.js:12:53089)
    at https://dev.trenador.com/assets/index-g-tOYZVj.js:10:86805
    at new Promise (<anonymous>)
    at load (https://dev.trenador.com/assets/index-g-tOYZVj.js:10:86784)
    at https://dev.trenador.com/assets/index-g-tOYZVj.js:10:73272
    at Set.forEach (<anonymous>)
[    4077ms] Error: Minified React error #185; visit https://react.dev/errors/185 for the full message or use the non-minified dev environment for full errors and additional helpful warnings.
    at Ic (https://dev.trenador.com/assets/index-g-tOYZVj.js:9:27650)
    at Xf (https://dev.trenador.com/assets/index-g-tOYZVj.js:9:27175)
    at dl (https://dev.trenador.com/assets/index-g-tOYZVj.js:9:59461)
    at db (https://dev.trenador.com/assets/index-g-tOYZVj.js:9:59085)
    at e.startTransition (https://dev.trenador.com/assets/index-g-tOYZVj.js:12:53089)
    at https://dev.trenador.com/assets/index-g-tOYZVj.js:10:86805
    at new Promise (<anonymous>)
    at load (https://dev.trenador.com/assets/index-g-tOYZVj.js:10:86784)
    at https://dev.trenador.com/assets/index-g-tOYZVj.js:10:73272
    at Set.forEach (<anonymous>)
[    4077ms] Error: Minified React error #185; visit https://react.dev/errors/185 for the full message or use the non-minified dev environment for full errors and additional helpful warnings.
    at Ic (https://dev.trenador.com/assets/index-g-tOYZVj.js:9:27650)
    at Xf (https://dev.trenador.com/assets/index-g-tOYZVj.js:9:27175)
    at dl (https://dev.trenador.com/assets/index-g-tOYZVj.js:9:59461)
    at db (https://dev.trenador.com/assets/index-g-tOYZVj.js:9:59085)
    at e.startTransition (https://dev.trenador.com/assets/index-g-tOYZVj.js:12:53089)
    at https://dev.trenador.com/assets/index-g-tOYZVj.js:10:86805
    at new Promise (<anonymous>)
    at load (https://dev.trenador.com/assets/index-g-tOYZVj.js:10:86784)
    at https://dev.trenador.com/assets/index-g-tOYZVj.js:10:73272
    at Set.forEach (<anonymous>)
[    4078ms] Error: Minified React error #185; visit https://react.dev/errors/185 for the full message or use the non-minified dev environment for full errors and additional helpful warnings.
    at Ic (https://dev.trenador.com/assets/index-g-tOYZVj.js:9:27650)
    at Xf (https://dev.trenador.com/assets/index-g-tOYZVj.js:9:27175)
    at dl (https://dev.trenador.com/assets/index-g-tOYZVj.js:9:59461)
    at db (https://dev.trenador.com/assets/index-g-tOYZVj.js:9:59085)
    at e.startTransition (https://dev.trenador.com/assets/index-g-tOYZVj.js:12:53089)
    at https://dev.trenador.com/assets/index-g-tOYZVj.js:10:86805
    at new Promise (<anonymous>)
    at load (https://dev.trenador.com/assets/index-g-tOYZVj.js:10:86784)
    at https://dev.trenador.com/assets/index-g-tOYZVj.js:10:73272
    at Set.forEach (<anonymous>)
[    4078ms] Error: Minified React error #185; visit https://react.dev/errors/185 for the full message or use the non-minified dev environment for full errors and additional helpful warnings.
    at Ic (https://dev.trenador.com/assets/index-g-tOYZVj.js:9:27650)
    at Xf (https://dev.trenador.com/assets/index-g-tOYZVj.js:9:27175)
    at dl (https://dev.trenador.com/assets/index-g-tOYZVj.js:9:59461)
    at db (https://dev.trenador.com/assets/index-g-tOYZVj.js:9:59085)
    at e.startTransition (https://dev.trenador.com/assets/index-g-tOYZVj.js:12:53089)
    at https://dev.trenador.com/assets/index-g-tOYZVj.js:10:86805
    at new Promise (<anonymous>)
    at load (https://dev.trenador.com/assets/index-g-tOYZVj.js:10:86784)
    at https://dev.trenador.com/assets/index-g-tOYZVj.js:10:73272
    at Set.forEach (<anonymous>)
[    4079ms] Error: Minified React error #185; visit https://react.dev/errors/185 for the full message or use the non-minified dev environment for full errors and additional helpful warnings.
    at Ic (https://dev.trenador.com/assets/index-g-tOYZVj.js:9:27650)
    at Xf (https://dev.trenador.com/assets/index-g-tOYZVj.js:9:27175)
    at dl (https://dev.trenador.com/assets/index-g-tOYZVj.js:9:59461)
    at db (https://dev.trenador.com/assets/index-g-tOYZVj.js:9:59085)
    at e.startTransition (https://dev.trenador.com/assets/index-g-tOYZVj.js:12:53089)
    at https://dev.trenador.com/assets/index-g-tOYZVj.js:10:86805
    at new Promise (<anonymous>)
    at load (https://dev.trenador.com/assets/index-g-tOYZVj.js:10:86784)
    at https://dev.trenador.com/assets/index-g-tOYZVj.js:10:73272
    at Set.forEach (<anonymous>)
[    4079ms] Error: Minified React error #185; visit https://react.dev/errors/185 for the full message or use the non-minified dev environment for full errors and additional helpful warnings.
    at Ic (https://dev.trenador.com/assets/index-g-tOYZVj.js:9:27650)
    at Xf (https://dev.trenador.com/assets/index-g-tOYZVj.js:9:27175)
    at dl (https://dev.trenador.com/assets/index-g-tOYZVj.js:9:59461)
    at db (https://dev.trenador.com/assets/index-g-tOYZVj.js:9:59085)
    at e.startTransition (https://dev.trenador.com/assets/index-g-tOYZVj.js:12:53089)
    at https://dev.trenador.com/assets/index-g-tOYZVj.js:10:86805
    at new Promise (<anonymous>)
    at load (https://dev.trenador.com/assets/index-g-tOYZVj.js:10:86784)
    at https://dev.trenador.com/assets/index-g-tOYZVj.js:10:73272
    at Set.forEach (<anonymous>)
[    4079ms] Error: Minified React error #185; visit https://react.dev/errors/185 for the full message or use the non-minified dev environment for full errors and additional helpful warnings.
    at Ic (https://dev.trenador.com/assets/index-g-tOYZVj.js:9:27650)
    at Xf (https://dev.trenador.com/assets/index-g-tOYZVj.js:9:27175)
    at dl (https://dev.trenador.com/assets/index-g-tOYZVj.js:9:59461)
    at db (https://dev.trenador.com/assets/index-g-tOYZVj.js:9:59085)
    at e.startTransition (https://dev.trenador.com/assets/index-g-tOYZVj.js:12:53089)
    at https://dev.trenador.com/assets/index-g-tOYZVj.js:10:86805
    at new Promise (<anonymous>)
    at load (https://dev.trenador.com/assets/index-g-tOYZVj.js:10:86784)
    at https://dev.trenador.com/assets/index-g-tOYZVj.js:10:73272
    at Set.forEach (<anonymous>)
[    4080ms] Error: Minified React error #185; visit https://react.dev/errors/185 for the full message or use the non-minified dev environment for full errors and additional helpful warnings.
    at Ic (https://dev.trenador.com/assets/index-g-tOYZVj.js:9:27650)
    at Xf (https://dev.trenador.com/assets/index-g-tOYZVj.js:9:27175)
    at dl (https://dev.trenador.com/assets/index-g-tOYZVj.js:9:59461)
    at db (https://dev.trenador.com/assets/index-g-tOYZVj.js:9:59085)
    at e.startTransition (https://dev.trenador.com/assets/index-g-tOYZVj.js:12:53089)
    at https://dev.trenador.com/assets/index-g-tOYZVj.js:10:86805
    at new Promise (<anonymous>)
    at load (https://dev.trenador.com/assets/index-g-tOYZVj.js:10:86784)
    at https://dev.trenador.com/assets/index-g-tOYZVj.js:10:73272
    at Set.forEach (<anonymous>)
[    4080ms] Error: Minified React error #185; visit https://react.dev/errors/185 for the full message or use the non-minified dev environment for full errors and additional helpful warnings.
    at Ic (https://dev.trenador.com/assets/index-g-tOYZVj.js:9:27650)
    at Xf (https://dev.trenador.com/assets/index-g-tOYZVj.js:9:27175)
    at dl (https://dev.trenador.com/assets/index-g-tOYZVj.js:9:59461)
    at db (https://dev.trenador.com/assets/index-g-tOYZVj.js:9:59085)
    at e.startTransition (https://dev.trenador.com/assets/index-g-tOYZVj.js:12:53089)
    at https://dev.trenador.com/assets/index-g-tOYZVj.js:10:86805
    at new Promise (<anonymous>)
    at load (https://dev.trenador.com/assets/index-g-tOYZVj.js:10:86784)
    at https://dev.trenador.com/assets/index-g-tOYZVj.js:10:73272
    at Set.forEach (<anonymous>)
[    4081ms] Error: Minified React error #185; visit https://react.dev/errors/185 for the full message or use the non-minified dev environment for full errors and additional helpful warnings.
    at Ic (https://dev.trenador.com/assets/index-g-tOYZVj.js:9:27650)
    at Xf (https://dev.trenador.com/assets/index-g-tOYZVj.js:9:27175)
    at dl (https://dev.trenador.com/assets/index-g-tOYZVj.js:9:59461)
    at db (https://dev.trenador.com/assets/index-g-tOYZVj.js:9:59085)
    at e.startTransition (https://dev.trenador.com/assets/index-g-tOYZVj.js:12:53089)
    at https://dev.trenador.com/assets/index-g-tOYZVj.js:10:86805
    at new Promise (<anonymous>)
    at load (https://dev.trenador.com/assets/index-g-tOYZVj.js:10:86784)
    at https://dev.trenador.com/assets/index-g-tOYZVj.js:10:73272
    at Set.forEach (<anonymous>)
[    4081ms] Error: Minified React error #185; visit https://react.dev/errors/185 for the full message or use the non-minified dev environment for full errors and additional helpful warnings.
    at Ic (https://dev.trenador.com/assets/index-g-tOYZVj.js:9:27650)
    at Xf (https://dev.trenador.com/assets/index-g-tOYZVj.js:9:27175)
    at dl (https://dev.trenador.com/assets/index-g-tOYZVj.js:9:59461)
    at db (https://dev.trenador.com/assets/index-g-tOYZVj.js:9:59085)
    at e.startTransition (https://dev.trenador.com/assets/index-g-tOYZVj.js:12:53089)
    at https://dev.trenador.com/assets/index-g-tOYZVj.js:10:86805
    at new Promise (<anonymous>)
    at load (https://dev.trenador.com/assets/index-g-tOYZVj.js:10:86784)
    at https://dev.trenador.com/assets/index-g-tOYZVj.js:10:73272
    at Set.forEach (<anonymous>)
[    4081ms] Error: Minified React error #185; visit https://react.dev/errors/185 for the full message or use the non-minified dev environment for full errors and additional helpful warnings.
    at Ic (https://dev.trenador.com/assets/index-g-tOYZVj.js:9:27650)
    at Xf (https://dev.trenador.com/assets/index-g-tOYZVj.js:9:27175)
    at dl (https://dev.trenador.com/assets/index-g-tOYZVj.js:9:59461)
    at db (https://dev.trenador.com/assets/index-g-tOYZVj.js:9:59085)
    at e.startTransition (https://dev.trenador.com/assets/index-g-tOYZVj.js:12:53089)
    at https://dev.trenador.com/assets/index-g-tOYZVj.js:10:86805
    at new Promise (<anonymous>)
    at load (https://dev.trenador.com/assets/index-g-tOYZVj.js:10:86784)
    at https://dev.trenador.com/assets/index-g-tOYZVj.js:10:73272
    at Set.forEach (<anonymous>)
[    4082ms] Error: Minified React error #185; visit https://react.dev/errors/185 for the full message or use the non-minified dev environment for full errors and additional helpful warnings.
    at Ic (https://dev.trenador.com/assets/index-g-tOYZVj.js:9:27650)
    at Xf (https://dev.trenador.com/assets/index-g-tOYZVj.js:9:27175)
    at dl (https://dev.trenador.com/assets/index-g-tOYZVj.js:9:59461)
    at db (https://dev.trenador.com/assets/index-g-tOYZVj.js:9:59085)
    at e.startTransition (https://dev.trenador.com/assets/index-g-tOYZVj.js:12:53089)
    at https://dev.trenador.com/assets/index-g-tOYZVj.js:10:86805
    at new Promise (<anonymous>)
    at load (https://dev.trenador.com/assets/index-g-tOYZVj.js:10:86784)
    at https://dev.trenador.com/assets/index-g-tOYZVj.js:10:73272
    at Set.forEach (<anonymous>)
[    4082ms] Error: Minified React error #185; visit https://react.dev/errors/185 for the full message or use the non-minified dev environment for full errors and additional helpful warnings.
    at Ic (https://dev.trenador.com/assets/index-g-tOYZVj.js:9:27650)
    at Xf (https://dev.trenador.com/assets/index-g-tOYZVj.js:9:27175)
    at dl (https://dev.trenador.com/assets/index-g-tOYZVj.js:9:59461)
    at db (https://dev.trenador.com/assets/index-g-tOYZVj.js:9:59085)
    at e.startTransition (https://dev.trenador.com/assets/index-g-tOYZVj.js:12:53089)
    at https://dev.trenador.com/assets/index-g-tOYZVj.js:10:86805
    at new Promise (<anonymous>)
    at load (https://dev.trenador.com/assets/index-g-tOYZVj.js:10:86784)
    at https://dev.trenador.com/assets/index-g-tOYZVj.js:10:73272
    at Set.forEach (<anonymous>)
[    4082ms] Error: Minified React error #185; visit https://react.dev/errors/185 for the full message or use the non-minified dev environment for full errors and additional helpful warnings.
    at Ic (https://dev.trenador.com/assets/index-g-tOYZVj.js:9:27650)
    at Xf (https://dev.trenador.com/assets/index-g-tOYZVj.js:9:27175)
    at dl (https://dev.trenador.com/assets/index-g-tOYZVj.js:9:59461)
    at db (https://dev.trenador.com/assets/index-g-tOYZVj.js:9:59085)
    at e.startTransition (https://dev.trenador.com/assets/index-g-tOYZVj.js:12:53089)
    at https://dev.trenador.com/assets/index-g-tOYZVj.js:10:86805
    at new Promise (<anonymous>)
    at load (https://dev.trenador.com/assets/index-g-tOYZVj.js:10:86784)
    at https://dev.trenador.com/assets/index-g-tOYZVj.js:10:73272
    at Set.forEach (<anonymous>)
[    4083ms] Error: Minified React error #185; visit https://react.dev/errors/185 for the full message or use the non-minified dev environment for full errors and additional helpful warnings.
    at Ic (https://dev.trenador.com/assets/index-g-tOYZVj.js:9:27650)
    at Xf (https://dev.trenador.com/assets/index-g-tOYZVj.js:9:27175)
    at dl (https://dev.trenador.com/assets/index-g-tOYZVj.js:9:59461)
    at db (https://dev.trenador.com/assets/index-g-tOYZVj.js:9:59085)
    at e.startTransition (https://dev.trenador.com/assets/index-g-tOYZVj.js:12:53089)
    at https://dev.trenador.com/assets/index-g-tOYZVj.js:10:86805
    at new Promise (<anonymous>)
    at load (https://dev.trenador.com/assets/index-g-tOYZVj.js:10:86784)
    at https://dev.trenador.com/assets/index-g-tOYZVj.js:10:73272
    at Set.forEach (<anonymous>)
[    4083ms] Error: Minified React error #185; visit https://react.dev/errors/185 for the full message or use the non-minified dev environment for full errors and additional helpful warnings.
    at Ic (https://dev.trenador.com/assets/index-g-tOYZVj.js:9:27650)
    at Xf (https://dev.trenador.com/assets/index-g-tOYZVj.js:9:27175)
    at dl (https://dev.trenador.com/assets/index-g-tOYZVj.js:9:59461)
    at db (https://dev.trenador.com/assets/index-g-tOYZVj.js:9:59085)
    at e.startTransition (https://dev.trenador.com/assets/index-g-tOYZVj.js:12:53089)
    at https://dev.trenador.com/assets/index-g-tOYZVj.js:10:86805
    at new Promise (<anonymous>)
    at load (https://dev.trenador.com/assets/index-g-tOYZVj.js:10:86784)
    at https://dev.trenador.com/assets/index-g-tOYZVj.js:10:73272
    at Set.forEach (<anonymous>)
[    4084ms] Error: Minified React error #185; visit https://react.dev/errors/185 for the full message or use the non-minified dev environment for full errors and additional helpful warnings.
    at Ic (https://dev.trenador.com/assets/index-g-tOYZVj.js:9:27650)
    at Xf (https://dev.trenador.com/assets/index-g-tOYZVj.js:9:27175)
    at dl (https://dev.trenador.com/assets/index-g-tOYZVj.js:9:59461)
    at db (https://dev.trenador.com/assets/index-g-tOYZVj.js:9:59085)
    at e.startTransition (https://dev.trenador.com/assets/index-g-tOYZVj.js:12:53089)
    at https://dev.trenador.com/assets/index-g-tOYZVj.js:10:86805
    at new Promise (<anonymous>)
    at load (https://dev.trenador.com/assets/index-g-tOYZVj.js:10:86784)
    at https://dev.trenador.com/assets/index-g-tOYZVj.js:10:73272
    at Set.forEach (<anonymous>)
[    4084ms] Error: Minified React error #185; visit https://react.dev/errors/185 for the full message or use the non-minified dev environment for full errors and additional helpful warnings.
    at Ic (https://dev.trenador.com/assets/index-g-tOYZVj.js:9:27650)
    at Xf (https://dev.trenador.com/assets/index-g-tOYZVj.js:9:27175)
    at dl (https://dev.trenador.com/assets/index-g-tOYZVj.js:9:59461)
    at db (https://dev.trenador.com/assets/index-g-tOYZVj.js:9:59085)
    at e.startTransition (https://dev.trenador.com/assets/index-g-tOYZVj.js:12:53089)
    at https://dev.trenador.com/assets/index-g-tOYZVj.js:10:86805
    at new Promise (<anonymous>)
    at load (https://dev.trenador.com/assets/index-g-tOYZVj.js:10:86784)
    at https://dev.trenador.com/assets/index-g-tOYZVj.js:10:73272
    at Set.forEach (<anonymous>)
[    4084ms] Error: Minified React error #185; visit https://react.dev/errors/185 for the full message or use the non-minified dev environment for full errors and additional helpful warnings.
    at Ic (https://dev.trenador.com/assets/index-g-tOYZVj.js:9:27650)
    at Xf (https://dev.trenador.com/assets/index-g-tOYZVj.js:9:27175)
    at dl (https://dev.trenador.com/assets/index-g-tOYZVj.js:9:59461)
    at db (https://dev.trenador.com/assets/index-g-tOYZVj.js:9:59085)
    at e.startTransition (https://dev.trenador.com/assets/index-g-tOYZVj.js:12:53089)
    at https://dev.trenador.com/assets/index-g-tOYZVj.js:10:86805
    at new Promise (<anonymous>)
    at load (https://dev.trenador.com/assets/index-g-tOYZVj.js:10:86784)
    at https://dev.trenador.com/assets/index-g-tOYZVj.js:10:73272
    at Set.forEach (<anonymous>)
[    4084ms] Error: Minified React error #185; visit https://react.dev/errors/185 for the full message or use the non-minified dev environment for full errors and additional helpful warnings.
    at Ic (https://dev.trenador.com/assets/index-g-tOYZVj.js:9:27650)
    at Xf (https://dev.trenador.com/assets/index-g-tOYZVj.js:9:27175)
    at dl (https://dev.trenador.com/assets/index-g-tOYZVj.js:9:59461)
    at db (https://dev.trenador.com/assets/index-g-tOYZVj.js:9:59085)
    at e.startTransition (https://dev.trenador.com/assets/index-g-tOYZVj.js:12:53089)
    at https://dev.trenador.com/assets/index-g-tOYZVj.js:10:86805
    at new Promise (<anonymous>)
    at load (https://dev.trenador.com/assets/index-g-tOYZVj.js:10:86784)
    at https://dev.trenador.com/assets/index-g-tOYZVj.js:10:73272
    at Set.forEach (<anonymous>)
[    4085ms] Error: Minified React error #185; visit https://react.dev/errors/185 for the full message or use the non-minified dev environment for full errors and additional helpful warnings.
    at Ic (https://dev.trenador.com/assets/index-g-tOYZVj.js:9:27650)
    at Xf (https://dev.trenador.com/assets/index-g-tOYZVj.js:9:27175)
    at dl (https://dev.trenador.com/assets/index-g-tOYZVj.js:9:59461)
    at db (https://dev.trenador.com/assets/index-g-tOYZVj.js:9:59085)
    at e.startTransition (https://dev.trenador.com/assets/index-g-tOYZVj.js:12:53089)
    at https://dev.trenador.com/assets/index-g-tOYZVj.js:10:86805
    at new Promise (<anonymous>)
    at load (https://dev.trenador.com/assets/index-g-tOYZVj.js:10:86784)
    at https://dev.trenador.com/assets/index-g-tOYZVj.js:10:73272
    at Set.forEach (<anonymous>)
[    4085ms] Error: Minified React error #185; visit https://react.dev/errors/185 for the full message or use the non-minified dev environment for full errors and additional helpful warnings.
    at Ic (https://dev.trenador.com/assets/index-g-tOYZVj.js:9:27650)
    at Xf (https://dev.trenador.com/assets/index-g-tOYZVj.js:9:27175)
    at dl (https://dev.trenador.com/assets/index-g-tOYZVj.js:9:59461)
    at db (https://dev.trenador.com/assets/index-g-tOYZVj.js:9:59085)
    at e.startTransition (https://dev.trenador.com/assets/index-g-tOYZVj.js:12:53089)
    at https://dev.trenador.com/assets/index-g-tOYZVj.js:10:86805
    at new Promise (<anonymous>)
    at load (https://dev.trenador.com/assets/index-g-tOYZVj.js:10:86784)
    at https://dev.trenador.com/assets/index-g-tOYZVj.js:10:73272
    at Set.forEach (<anonymous>)
[    4085ms] Error: Minified React error #185; visit https://react.dev/errors/185 for the full message or use the non-minified dev environment for full errors and additional helpful warnings.
    at Ic (https://dev.trenador.com/assets/index-g-tOYZVj.js:9:27650)
    at Xf (https://dev.trenador.com/assets/index-g-tOYZVj.js:9:27175)
    at dl (https://dev.trenador.com/assets/index-g-tOYZVj.js:9:59461)
    at db (https://dev.trenador.com/assets/index-g-tOYZVj.js:9:59085)
    at e.startTransition (https://dev.trenador.com/assets/index-g-tOYZVj.js:12:53089)
    at https://dev.trenador.com/assets/index-g-tOYZVj.js:10:86805
    at new Promise (<anonymous>)
    at load (https://dev.trenador.com/assets/index-g-tOYZVj.js:10:86784)
    at https://dev.trenador.com/assets/index-g-tOYZVj.js:10:73272
    at Set.forEach (<anonymous>)
[    4086ms] Error: Minified React error #185; visit https://react.dev/errors/185 for the full message or use the non-minified dev environment for full errors and additional helpful warnings.
    at Ic (https://dev.trenador.com/assets/index-g-tOYZVj.js:9:27650)
    at Xf (https://dev.trenador.com/assets/index-g-tOYZVj.js:9:27175)
    at dl (https://dev.trenador.com/assets/index-g-tOYZVj.js:9:59461)
    at db (https://dev.trenador.com/assets/index-g-tOYZVj.js:9:59085)
    at e.startTransition (https://dev.trenador.com/assets/index-g-tOYZVj.js:12:53089)
    at https://dev.trenador.com/assets/index-g-tOYZVj.js:10:86805
    at new Promise (<anonymous>)
    at load (https://dev.trenador.com/assets/index-g-tOYZVj.js:10:86784)
    at https://dev.trenador.com/assets/index-g-tOYZVj.js:10:73272
    at Set.forEach (<anonymous>)
[    4086ms] Error: Minified React error #185; visit https://react.dev/errors/185 for the full message or use the non-minified dev environment for full errors and additional helpful warnings.
    at Ic (https://dev.trenador.com/assets/index-g-tOYZVj.js:9:27650)
    at Xf (https://dev.trenador.com/assets/index-g-tOYZVj.js:9:27175)
    at dl (https://dev.trenador.com/assets/index-g-tOYZVj.js:9:59461)
    at db (https://dev.trenador.com/assets/index-g-tOYZVj.js:9:59085)
    at e.startTransition (https://dev.trenador.com/assets/index-g-tOYZVj.js:12:53089)
    at https://dev.trenador.com/assets/index-g-tOYZVj.js:10:86805
    at new Promise (<anonymous>)
    at load (https://dev.trenador.com/assets/index-g-tOYZVj.js:10:86784)
    at https://dev.trenador.com/assets/index-g-tOYZVj.js:10:73272
    at Set.forEach (<anonymous>)
[    4086ms] Error: Minified React error #185; visit https://react.dev/errors/185 for the full message or use the non-minified dev environment for full errors and additional helpful warnings.
    at Ic (https://dev.trenador.com/assets/index-g-tOYZVj.js:9:27650)
    at Xf (https://dev.trenador.com/assets/index-g-tOYZVj.js:9:27175)
    at dl (https://dev.trenador.com/assets/index-g-tOYZVj.js:9:59461)
    at db (https://dev.trenador.com/assets/index-g-tOYZVj.js:9:59085)
    at e.startTransition (https://dev.trenador.com/assets/index-g-tOYZVj.js:12:53089)
    at https://dev.trenador.com/assets/index-g-tOYZVj.js:10:86805
    at new Promise (<anonymous>)
    at load (https://dev.trenador.com/assets/index-g-tOYZVj.js:10:86784)
    at https://dev.trenador.com/assets/index-g-tOYZVj.js:10:73272
    at Set.forEach (<anonymous>)
[    4087ms] Error: Minified React error #185; visit https://react.dev/errors/185 for the full message or use the non-minified dev environment for full errors and additional helpful warnings.
    at Ic (https://dev.trenador.com/assets/index-g-tOYZVj.js:9:27650)
    at Xf (https://dev.trenador.com/assets/index-g-tOYZVj.js:9:27175)
    at dl (https://dev.trenador.com/assets/index-g-tOYZVj.js:9:59461)
    at db (https://dev.trenador.com/assets/index-g-tOYZVj.js:9:59085)
    at e.startTransition (https://dev.trenador.com/assets/index-g-tOYZVj.js:12:53089)
    at https://dev.trenador.com/assets/index-g-tOYZVj.js:10:86805
    at new Promise (<anonymous>)
    at load (https://dev.trenador.com/assets/index-g-tOYZVj.js:10:86784)
    at https://dev.trenador.com/assets/index-g-tOYZVj.js:10:73272
    at Set.forEach (<anonymous>)
[    4087ms] Error: Minified React error #185; visit https://react.dev/errors/185 for the full message or use the non-minified dev environment for full errors and additional helpful warnings.
    at Ic (https://dev.trenador.com/assets/index-g-tOYZVj.js:9:27650)
    at Xf (https://dev.trenador.com/assets/index-g-tOYZVj.js:9:27175)
    at dl (https://dev.trenador.com/assets/index-g-tOYZVj.js:9:59461)
    at db (https://dev.trenador.com/assets/index-g-tOYZVj.js:9:59085)
    at e.startTransition (https://dev.trenador.com/assets/index-g-tOYZVj.js:12:53089)
    at https://dev.trenador.com/assets/index-g-tOYZVj.js:10:86805
    at new Promise (<anonymous>)
    at load (https://dev.trenador.com/assets/index-g-tOYZVj.js:10:86784)
    at https://dev.trenador.com/assets/index-g-tOYZVj.js:10:73272
    at Set.forEach (<anonymous>)
[    4088ms] Error: Minified React error #185; visit https://react.dev/errors/185 for the full message or use the non-minified dev environment for full errors and additional helpful warnings.
    at Ic (https://dev.trenador.com/assets/index-g-tOYZVj.js:9:27650)
    at Xf (https://dev.trenador.com/assets/index-g-tOYZVj.js:9:27175)
    at dl (https://dev.trenador.com/assets/index-g-tOYZVj.js:9:59461)
    at db (https://dev.trenador.com/assets/index-g-tOYZVj.js:9:59085)
    at e.startTransition (https://dev.trenador.com/assets/index-g-tOYZVj.js:12:53089)
    at https://dev.trenador.com/assets/index-g-tOYZVj.js:10:86805
    at new Promise (<anonymous>)
    at load (https://dev.trenador.com/assets/index-g-tOYZVj.js:10:86784)
    at https://dev.trenador.com/assets/index-g-tOYZVj.js:10:73272
    at Set.forEach (<anonymous>)
[    4088ms] Error: Minified React error #185; visit https://react.dev/errors/185 for the full message or use the non-minified dev environment for full errors and additional helpful warnings.
    at Ic (https://dev.trenador.com/assets/index-g-tOYZVj.js:9:27650)
    at Xf (https://dev.trenador.com/assets/index-g-tOYZVj.js:9:27175)
    at dl (https://dev.trenador.com/assets/index-g-tOYZVj.js:9:59461)
    at db (https://dev.trenador.com/assets/index-g-tOYZVj.js:9:59085)
    at e.startTransition (https://dev.trenador.com/assets/index-g-tOYZVj.js:12:53089)
    at https://dev.trenador.com/assets/index-g-tOYZVj.js:10:86805
    at new Promise (<anonymous>)
    at load (https://dev.trenador.com/assets/index-g-tOYZVj.js:10:86784)
    at https://dev.trenador.com/assets/index-g-tOYZVj.js:10:73272
    at Set.forEach (<anonymous>)
[    4088ms] Error: Minified React error #185; visit https://react.dev/errors/185 for the full message or use the non-minified dev environment for full errors and additional helpful warnings.
    at Ic (https://dev.trenador.com/assets/index-g-tOYZVj.js:9:27650)
    at Xf (https://dev.trenador.com/assets/index-g-tOYZVj.js:9:27175)
    at dl (https://dev.trenador.com/assets/index-g-tOYZVj.js:9:59461)
    at db (https://dev.trenador.com/assets/index-g-tOYZVj.js:9:59085)
    at e.startTransition (https://dev.trenador.com/assets/index-g-tOYZVj.js:12:53089)
    at https://dev.trenador.com/assets/index-g-tOYZVj.js:10:86805
    at new Promise (<anonymous>)
    at load (https://dev.trenador.com/assets/index-g-tOYZVj.js:10:86784)
    at https://dev.trenador.com/assets/index-g-tOYZVj.js:10:73272
    at Set.forEach (<anonymous>)
[    4089ms] Error: Minified React error #185; visit https://react.dev/errors/185 for the full message or use the non-minified dev environment for full errors and additional helpful warnings.
    at Ic (https://dev.trenador.com/assets/index-g-tOYZVj.js:9:27650)
    at Xf (https://dev.trenador.com/assets/index-g-tOYZVj.js:9:27175)
    at dl (https://dev.trenador.com/assets/index-g-tOYZVj.js:9:59461)
    at db (https://dev.trenador.com/assets/index-g-tOYZVj.js:9:59085)
    at e.startTransition (https://dev.trenador.com/assets/index-g-tOYZVj.js:12:53089)
    at https://dev.trenador.com/assets/index-g-tOYZVj.js:10:86805
    at new Promise (<anonymous>)
    at load (https://dev.trenador.com/assets/index-g-tOYZVj.js:10:86784)
    at https://dev.trenador.com/assets/index-g-tOYZVj.js:10:73272
    at Set.forEach (<anonymous>)
[    4941ms] [ERROR] Failed to load resource: the server responded with a status of 401 () @ https://gjrqrqchimclkdlmruzw.supabase.co/rest/v1/admin_coaches?select=data&order=created_at.desc:0
[    4982ms] [ERROR] Failed to load resource: the server responded with a status of 401 () @ https://gjrqrqchimclkdlmruzw.supabase.co/rest/v1/admin_workouts?select=data%2Cstatus&order=created_at.desc:0
[    5106ms] [ERROR] Failed to load resource: the server responded with a status of 404 () @ https://dev.trenador.com/favicon.ico:0
[    5191ms] [ERROR] Failed to load resource: the server responded with a status of 404 () @ https://dev.trenador.com/favicon.ico:0
[   29358ms] [ERROR] Failed to load resource: the server responded with a status of 401 () @ https://gjrqrqchimclkdlmruzw.supabase.co/rest/v1/admin_coaches?select=data&order=created_at.desc:0
[   29362ms] [ERROR] Failed to load resource: the server responded with a status of 401 () @ https://gjrqrqchimclkdlmruzw.supabase.co/rest/v1/admin_workouts?select=data%2Cstatus&order=created_at.desc:0
