[    9537ms] [ERROR] Failed to load resource: the server responded with a status of 404 () @ https://dev.trenador.com/favicon.ico:0
[    9695ms] Error: Minified React error #185; visit https://react.dev/errors/185 for the full message or use the non-minified dev environment for full errors and additional helpful warnings.
    at Mc (https://dev.trenador.com/assets/index-QbLJsLSc.js:9:27650)
    at Yf (https://dev.trenador.com/assets/index-QbLJsLSc.js:9:27175)
    at ul (https://dev.trenador.com/assets/index-QbLJsLSc.js:9:59461)
    at nb (https://dev.trenador.com/assets/index-QbLJsLSc.js:9:59085)
    at e.startTransition (https://dev.trenador.com/assets/index-QbLJsLSc.js:12:53089)
    at https://dev.trenador.com/assets/index-QbLJsLSc.js:10:86760
    at new Promise (<anonymous>)
    at FO.load (https://dev.trenador.com/assets/index-QbLJsLSc.js:10:86739)
    at https://dev.trenador.com/assets/index-QbLJsLSc.js:10:73227
    at Set.forEach (<anonymous>)
[    9991ms] Error: Minified React error #185; visit https://react.dev/errors/185 for the full message or use the non-minified dev environment for full errors and additional helpful warnings.
    at Mc (https://dev.trenador.com/assets/index-QbLJsLSc.js:9:27650)
    at Yf (https://dev.trenador.com/assets/index-QbLJsLSc.js:9:27175)
    at ul (https://dev.trenador.com/assets/index-QbLJsLSc.js:9:59461)
    at nb (https://dev.trenador.com/assets/index-QbLJsLSc.js:9:59085)
    at e.startTransition (https://dev.trenador.com/assets/index-QbLJsLSc.js:12:53089)
    at https://dev.trenador.com/assets/index-QbLJsLSc.js:10:86760
    at new Promise (<anonymous>)
    at FO.load (https://dev.trenador.com/assets/index-QbLJsLSc.js:10:86739)
    at https://dev.trenador.com/assets/index-QbLJsLSc.js:10:73227
    at Set.forEach (<anonymous>)
[    9993ms] Error: Minified React error #185; visit https://react.dev/errors/185 for the full message or use the non-minified dev environment for full errors and additional helpful warnings.
    at Mc (https://dev.trenador.com/assets/index-QbLJsLSc.js:9:27650)
    at Yf (https://dev.trenador.com/assets/index-QbLJsLSc.js:9:27175)
    at ul (https://dev.trenador.com/assets/index-QbLJsLSc.js:9:59461)
    at nb (https://dev.trenador.com/assets/index-QbLJsLSc.js:9:59085)
    at e.startTransition (https://dev.trenador.com/assets/index-QbLJsLSc.js:12:53089)
    at https://dev.trenador.com/assets/index-QbLJsLSc.js:10:86760
    at new Promise (<anonymous>)
    at FO.load (https://dev.trenador.com/assets/index-QbLJsLSc.js:10:86739)
    at https://dev.trenador.com/assets/index-QbLJsLSc.js:10:73227
    at Set.forEach (<anonymous>)
[    9994ms] Error: Minified React error #185; visit https://react.dev/errors/185 for the full message or use the non-minified dev environment for full errors and additional helpful warnings.
    at Mc (https://dev.trenador.com/assets/index-QbLJsLSc.js:9:27650)
    at Yf (https://dev.trenador.com/assets/index-QbLJsLSc.js:9:27175)
    at ul (https://dev.trenador.com/assets/index-QbLJsLSc.js:9:59461)
    at nb (https://dev.trenador.com/assets/index-QbLJsLSc.js:9:59085)
    at e.startTransition (https://dev.trenador.com/assets/index-QbLJsLSc.js:12:53089)
    at https://dev.trenador.com/assets/index-QbLJsLSc.js:10:86760
    at new Promise (<anonymous>)
    at FO.load (https://dev.trenador.com/assets/index-QbLJsLSc.js:10:86739)
    at https://dev.trenador.com/assets/index-QbLJsLSc.js:10:73227
    at Set.forEach (<anonymous>)
[    9996ms] Error: Minified React error #185; visit https://react.dev/errors/185 for the full message or use the non-minified dev environment for full errors and additional helpful warnings.
    at Mc (https://dev.trenador.com/assets/index-QbLJsLSc.js:9:27650)
    at Yf (https://dev.trenador.com/assets/index-QbLJsLSc.js:9:27175)
    at ul (https://dev.trenador.com/assets/index-QbLJsLSc.js:9:59461)
    at nb (https://dev.trenador.com/assets/index-QbLJsLSc.js:9:59085)
    at e.startTransition (https://dev.trenador.com/assets/index-QbLJsLSc.js:12:53089)
    at https://dev.trenador.com/assets/index-QbLJsLSc.js:10:86760
    at new Promise (<anonymous>)
    at FO.load (https://dev.trenador.com/assets/index-QbLJsLSc.js:10:86739)
    at https://dev.trenador.com/assets/index-QbLJsLSc.js:10:73227
    at Set.forEach (<anonymous>)
[    9998ms] Error: Minified React error #185; visit https://react.dev/errors/185 for the full message or use the non-minified dev environment for full errors and additional helpful warnings.
    at Mc (https://dev.trenador.com/assets/index-QbLJsLSc.js:9:27650)
    at Yf (https://dev.trenador.com/assets/index-QbLJsLSc.js:9:27175)
    at ul (https://dev.trenador.com/assets/index-QbLJsLSc.js:9:59461)
    at nb (https://dev.trenador.com/assets/index-QbLJsLSc.js:9:59085)
    at e.startTransition (https://dev.trenador.com/assets/index-QbLJsLSc.js:12:53089)
    at https://dev.trenador.com/assets/index-QbLJsLSc.js:10:86760
    at new Promise (<anonymous>)
    at FO.load (https://dev.trenador.com/assets/index-QbLJsLSc.js:10:86739)
    at https://dev.trenador.com/assets/index-QbLJsLSc.js:10:73227
    at Set.forEach (<anonymous>)
[    9999ms] Error: Minified React error #185; visit https://react.dev/errors/185 for the full message or use the non-minified dev environment for full errors and additional helpful warnings.
    at Mc (https://dev.trenador.com/assets/index-QbLJsLSc.js:9:27650)
    at Yf (https://dev.trenador.com/assets/index-QbLJsLSc.js:9:27175)
    at ul (https://dev.trenador.com/assets/index-QbLJsLSc.js:9:59461)
    at nb (https://dev.trenador.com/assets/index-QbLJsLSc.js:9:59085)
    at e.startTransition (https://dev.trenador.com/assets/index-QbLJsLSc.js:12:53089)
    at https://dev.trenador.com/assets/index-QbLJsLSc.js:10:86760
    at new Promise (<anonymous>)
    at FO.load (https://dev.trenador.com/assets/index-QbLJsLSc.js:10:86739)
    at https://dev.trenador.com/assets/index-QbLJsLSc.js:10:73227
    at Set.forEach (<anonymous>)
[   10001ms] Error: Minified React error #185; visit https://react.dev/errors/185 for the full message or use the non-minified dev environment for full errors and additional helpful warnings.
    at Mc (https://dev.trenador.com/assets/index-QbLJsLSc.js:9:27650)
    at Yf (https://dev.trenador.com/assets/index-QbLJsLSc.js:9:27175)
    at ul (https://dev.trenador.com/assets/index-QbLJsLSc.js:9:59461)
    at nb (https://dev.trenador.com/assets/index-QbLJsLSc.js:9:59085)
    at e.startTransition (https://dev.trenador.com/assets/index-QbLJsLSc.js:12:53089)
    at https://dev.trenador.com/assets/index-QbLJsLSc.js:10:86760
    at new Promise (<anonymous>)
    at FO.load (https://dev.trenador.com/assets/index-QbLJsLSc.js:10:86739)
    at https://dev.trenador.com/assets/index-QbLJsLSc.js:10:73227
    at Set.forEach (<anonymous>)
[   10002ms] Error: Minified React error #185; visit https://react.dev/errors/185 for the full message or use the non-minified dev environment for full errors and additional helpful warnings.
    at Mc (https://dev.trenador.com/assets/index-QbLJsLSc.js:9:27650)
    at Yf (https://dev.trenador.com/assets/index-QbLJsLSc.js:9:27175)
    at ul (https://dev.trenador.com/assets/index-QbLJsLSc.js:9:59461)
    at nb (https://dev.trenador.com/assets/index-QbLJsLSc.js:9:59085)
    at e.startTransition (https://dev.trenador.com/assets/index-QbLJsLSc.js:12:53089)
    at https://dev.trenador.com/assets/index-QbLJsLSc.js:10:86760
    at new Promise (<anonymous>)
    at FO.load (https://dev.trenador.com/assets/index-QbLJsLSc.js:10:86739)
    at https://dev.trenador.com/assets/index-QbLJsLSc.js:10:73227
    at Set.forEach (<anonymous>)
[   10005ms] Error: Minified React error #185; visit https://react.dev/errors/185 for the full message or use the non-minified dev environment for full errors and additional helpful warnings.
    at Mc (https://dev.trenador.com/assets/index-QbLJsLSc.js:9:27650)
    at Yf (https://dev.trenador.com/assets/index-QbLJsLSc.js:9:27175)
    at ul (https://dev.trenador.com/assets/index-QbLJsLSc.js:9:59461)
    at nb (https://dev.trenador.com/assets/index-QbLJsLSc.js:9:59085)
    at e.startTransition (https://dev.trenador.com/assets/index-QbLJsLSc.js:12:53089)
    at https://dev.trenador.com/assets/index-QbLJsLSc.js:10:86760
    at new Promise (<anonymous>)
    at FO.load (https://dev.trenador.com/assets/index-QbLJsLSc.js:10:86739)
    at https://dev.trenador.com/assets/index-QbLJsLSc.js:10:73227
    at Set.forEach (<anonymous>)
[   10005ms] Error: Minified React error #185; visit https://react.dev/errors/185 for the full message or use the non-minified dev environment for full errors and additional helpful warnings.
    at Mc (https://dev.trenador.com/assets/index-QbLJsLSc.js:9:27650)
    at Yf (https://dev.trenador.com/assets/index-QbLJsLSc.js:9:27175)
    at ul (https://dev.trenador.com/assets/index-QbLJsLSc.js:9:59461)
    at nb (https://dev.trenador.com/assets/index-QbLJsLSc.js:9:59085)
    at e.startTransition (https://dev.trenador.com/assets/index-QbLJsLSc.js:12:53089)
    at https://dev.trenador.com/assets/index-QbLJsLSc.js:10:86760
    at new Promise (<anonymous>)
    at FO.load (https://dev.trenador.com/assets/index-QbLJsLSc.js:10:86739)
    at https://dev.trenador.com/assets/index-QbLJsLSc.js:10:73227
    at Set.forEach (<anonymous>)
[   10006ms] Error: Minified React error #185; visit https://react.dev/errors/185 for the full message or use the non-minified dev environment for full errors and additional helpful warnings.
    at Mc (https://dev.trenador.com/assets/index-QbLJsLSc.js:9:27650)
    at Yf (https://dev.trenador.com/assets/index-QbLJsLSc.js:9:27175)
    at ul (https://dev.trenador.com/assets/index-QbLJsLSc.js:9:59461)
    at nb (https://dev.trenador.com/assets/index-QbLJsLSc.js:9:59085)
    at e.startTransition (https://dev.trenador.com/assets/index-QbLJsLSc.js:12:53089)
    at https://dev.trenador.com/assets/index-QbLJsLSc.js:10:86760
    at new Promise (<anonymous>)
    at FO.load (https://dev.trenador.com/assets/index-QbLJsLSc.js:10:86739)
    at https://dev.trenador.com/assets/index-QbLJsLSc.js:10:73227
    at Set.forEach (<anonymous>)
[   10006ms] Error: Minified React error #185; visit https://react.dev/errors/185 for the full message or use the non-minified dev environment for full errors and additional helpful warnings.
    at Mc (https://dev.trenador.com/assets/index-QbLJsLSc.js:9:27650)
    at Yf (https://dev.trenador.com/assets/index-QbLJsLSc.js:9:27175)
    at ul (https://dev.trenador.com/assets/index-QbLJsLSc.js:9:59461)
    at nb (https://dev.trenador.com/assets/index-QbLJsLSc.js:9:59085)
    at e.startTransition (https://dev.trenador.com/assets/index-QbLJsLSc.js:12:53089)
    at https://dev.trenador.com/assets/index-QbLJsLSc.js:10:86760
    at new Promise (<anonymous>)
    at FO.load (https://dev.trenador.com/assets/index-QbLJsLSc.js:10:86739)
    at https://dev.trenador.com/assets/index-QbLJsLSc.js:10:73227
    at Set.forEach (<anonymous>)
[   10007ms] Error: Minified React error #185; visit https://react.dev/errors/185 for the full message or use the non-minified dev environment for full errors and additional helpful warnings.
    at Mc (https://dev.trenador.com/assets/index-QbLJsLSc.js:9:27650)
    at Yf (https://dev.trenador.com/assets/index-QbLJsLSc.js:9:27175)
    at ul (https://dev.trenador.com/assets/index-QbLJsLSc.js:9:59461)
    at nb (https://dev.trenador.com/assets/index-QbLJsLSc.js:9:59085)
    at e.startTransition (https://dev.trenador.com/assets/index-QbLJsLSc.js:12:53089)
    at https://dev.trenador.com/assets/index-QbLJsLSc.js:10:86760
    at new Promise (<anonymous>)
    at FO.load (https://dev.trenador.com/assets/index-QbLJsLSc.js:10:86739)
    at https://dev.trenador.com/assets/index-QbLJsLSc.js:10:73227
    at Set.forEach (<anonymous>)
[   10008ms] Error: Minified React error #185; visit https://react.dev/errors/185 for the full message or use the non-minified dev environment for full errors and additional helpful warnings.
    at Mc (https://dev.trenador.com/assets/index-QbLJsLSc.js:9:27650)
    at Yf (https://dev.trenador.com/assets/index-QbLJsLSc.js:9:27175)
    at ul (https://dev.trenador.com/assets/index-QbLJsLSc.js:9:59461)
    at nb (https://dev.trenador.com/assets/index-QbLJsLSc.js:9:59085)
    at e.startTransition (https://dev.trenador.com/assets/index-QbLJsLSc.js:12:53089)
    at https://dev.trenador.com/assets/index-QbLJsLSc.js:10:86760
    at new Promise (<anonymous>)
    at FO.load (https://dev.trenador.com/assets/index-QbLJsLSc.js:10:86739)
    at https://dev.trenador.com/assets/index-QbLJsLSc.js:10:73227
    at Set.forEach (<anonymous>)
[   10008ms] Error: Minified React error #185; visit https://react.dev/errors/185 for the full message or use the non-minified dev environment for full errors and additional helpful warnings.
    at Mc (https://dev.trenador.com/assets/index-QbLJsLSc.js:9:27650)
    at Yf (https://dev.trenador.com/assets/index-QbLJsLSc.js:9:27175)
    at ul (https://dev.trenador.com/assets/index-QbLJsLSc.js:9:59461)
    at nb (https://dev.trenador.com/assets/index-QbLJsLSc.js:9:59085)
    at e.startTransition (https://dev.trenador.com/assets/index-QbLJsLSc.js:12:53089)
    at https://dev.trenador.com/assets/index-QbLJsLSc.js:10:86760
    at new Promise (<anonymous>)
    at FO.load (https://dev.trenador.com/assets/index-QbLJsLSc.js:10:86739)
    at https://dev.trenador.com/assets/index-QbLJsLSc.js:10:73227
    at Set.forEach (<anonymous>)
[   10009ms] Error: Minified React error #185; visit https://react.dev/errors/185 for the full message or use the non-minified dev environment for full errors and additional helpful warnings.
    at Mc (https://dev.trenador.com/assets/index-QbLJsLSc.js:9:27650)
    at Yf (https://dev.trenador.com/assets/index-QbLJsLSc.js:9:27175)
    at ul (https://dev.trenador.com/assets/index-QbLJsLSc.js:9:59461)
    at nb (https://dev.trenador.com/assets/index-QbLJsLSc.js:9:59085)
    at e.startTransition (https://dev.trenador.com/assets/index-QbLJsLSc.js:12:53089)
    at https://dev.trenador.com/assets/index-QbLJsLSc.js:10:86760
    at new Promise (<anonymous>)
    at FO.load (https://dev.trenador.com/assets/index-QbLJsLSc.js:10:86739)
    at https://dev.trenador.com/assets/index-QbLJsLSc.js:10:73227
    at Set.forEach (<anonymous>)
[   10010ms] Error: Minified React error #185; visit https://react.dev/errors/185 for the full message or use the non-minified dev environment for full errors and additional helpful warnings.
    at Mc (https://dev.trenador.com/assets/index-QbLJsLSc.js:9:27650)
    at Yf (https://dev.trenador.com/assets/index-QbLJsLSc.js:9:27175)
    at ul (https://dev.trenador.com/assets/index-QbLJsLSc.js:9:59461)
    at nb (https://dev.trenador.com/assets/index-QbLJsLSc.js:9:59085)
    at e.startTransition (https://dev.trenador.com/assets/index-QbLJsLSc.js:12:53089)
    at https://dev.trenador.com/assets/index-QbLJsLSc.js:10:86760
    at new Promise (<anonymous>)
    at FO.load (https://dev.trenador.com/assets/index-QbLJsLSc.js:10:86739)
    at https://dev.trenador.com/assets/index-QbLJsLSc.js:10:73227
    at Set.forEach (<anonymous>)
[   10010ms] Error: Minified React error #185; visit https://react.dev/errors/185 for the full message or use the non-minified dev environment for full errors and additional helpful warnings.
    at Mc (https://dev.trenador.com/assets/index-QbLJsLSc.js:9:27650)
    at Yf (https://dev.trenador.com/assets/index-QbLJsLSc.js:9:27175)
    at ul (https://dev.trenador.com/assets/index-QbLJsLSc.js:9:59461)
    at nb (https://dev.trenador.com/assets/index-QbLJsLSc.js:9:59085)
    at e.startTransition (https://dev.trenador.com/assets/index-QbLJsLSc.js:12:53089)
    at https://dev.trenador.com/assets/index-QbLJsLSc.js:10:86760
    at new Promise (<anonymous>)
    at FO.load (https://dev.trenador.com/assets/index-QbLJsLSc.js:10:86739)
    at https://dev.trenador.com/assets/index-QbLJsLSc.js:10:73227
    at Set.forEach (<anonymous>)
[   10011ms] Error: Minified React error #185; visit https://react.dev/errors/185 for the full message or use the non-minified dev environment for full errors and additional helpful warnings.
    at Mc (https://dev.trenador.com/assets/index-QbLJsLSc.js:9:27650)
    at Yf (https://dev.trenador.com/assets/index-QbLJsLSc.js:9:27175)
    at ul (https://dev.trenador.com/assets/index-QbLJsLSc.js:9:59461)
    at nb (https://dev.trenador.com/assets/index-QbLJsLSc.js:9:59085)
    at e.startTransition (https://dev.trenador.com/assets/index-QbLJsLSc.js:12:53089)
    at https://dev.trenador.com/assets/index-QbLJsLSc.js:10:86760
    at new Promise (<anonymous>)
    at FO.load (https://dev.trenador.com/assets/index-QbLJsLSc.js:10:86739)
    at https://dev.trenador.com/assets/index-QbLJsLSc.js:10:73227
    at Set.forEach (<anonymous>)
[   10012ms] Error: Minified React error #185; visit https://react.dev/errors/185 for the full message or use the non-minified dev environment for full errors and additional helpful warnings.
    at Mc (https://dev.trenador.com/assets/index-QbLJsLSc.js:9:27650)
    at Yf (https://dev.trenador.com/assets/index-QbLJsLSc.js:9:27175)
    at ul (https://dev.trenador.com/assets/index-QbLJsLSc.js:9:59461)
    at nb (https://dev.trenador.com/assets/index-QbLJsLSc.js:9:59085)
    at e.startTransition (https://dev.trenador.com/assets/index-QbLJsLSc.js:12:53089)
    at https://dev.trenador.com/assets/index-QbLJsLSc.js:10:86760
    at new Promise (<anonymous>)
    at FO.load (https://dev.trenador.com/assets/index-QbLJsLSc.js:10:86739)
    at https://dev.trenador.com/assets/index-QbLJsLSc.js:10:73227
    at Set.forEach (<anonymous>)
[   10013ms] Error: Minified React error #185; visit https://react.dev/errors/185 for the full message or use the non-minified dev environment for full errors and additional helpful warnings.
    at Mc (https://dev.trenador.com/assets/index-QbLJsLSc.js:9:27650)
    at Yf (https://dev.trenador.com/assets/index-QbLJsLSc.js:9:27175)
    at ul (https://dev.trenador.com/assets/index-QbLJsLSc.js:9:59461)
    at nb (https://dev.trenador.com/assets/index-QbLJsLSc.js:9:59085)
    at e.startTransition (https://dev.trenador.com/assets/index-QbLJsLSc.js:12:53089)
    at https://dev.trenador.com/assets/index-QbLJsLSc.js:10:86760
    at new Promise (<anonymous>)
    at FO.load (https://dev.trenador.com/assets/index-QbLJsLSc.js:10:86739)
    at https://dev.trenador.com/assets/index-QbLJsLSc.js:10:73227
    at Set.forEach (<anonymous>)
[   10013ms] Error: Minified React error #185; visit https://react.dev/errors/185 for the full message or use the non-minified dev environment for full errors and additional helpful warnings.
    at Mc (https://dev.trenador.com/assets/index-QbLJsLSc.js:9:27650)
    at Yf (https://dev.trenador.com/assets/index-QbLJsLSc.js:9:27175)
    at ul (https://dev.trenador.com/assets/index-QbLJsLSc.js:9:59461)
    at nb (https://dev.trenador.com/assets/index-QbLJsLSc.js:9:59085)
    at e.startTransition (https://dev.trenador.com/assets/index-QbLJsLSc.js:12:53089)
    at https://dev.trenador.com/assets/index-QbLJsLSc.js:10:86760
    at new Promise (<anonymous>)
    at FO.load (https://dev.trenador.com/assets/index-QbLJsLSc.js:10:86739)
    at https://dev.trenador.com/assets/index-QbLJsLSc.js:10:73227
    at Set.forEach (<anonymous>)
[   10013ms] Error: Minified React error #185; visit https://react.dev/errors/185 for the full message or use the non-minified dev environment for full errors and additional helpful warnings.
    at Mc (https://dev.trenador.com/assets/index-QbLJsLSc.js:9:27650)
    at Yf (https://dev.trenador.com/assets/index-QbLJsLSc.js:9:27175)
    at ul (https://dev.trenador.com/assets/index-QbLJsLSc.js:9:59461)
    at nb (https://dev.trenador.com/assets/index-QbLJsLSc.js:9:59085)
    at e.startTransition (https://dev.trenador.com/assets/index-QbLJsLSc.js:12:53089)
    at https://dev.trenador.com/assets/index-QbLJsLSc.js:10:86760
    at new Promise (<anonymous>)
    at FO.load (https://dev.trenador.com/assets/index-QbLJsLSc.js:10:86739)
    at https://dev.trenador.com/assets/index-QbLJsLSc.js:10:73227
    at Set.forEach (<anonymous>)
[   10014ms] Error: Minified React error #185; visit https://react.dev/errors/185 for the full message or use the non-minified dev environment for full errors and additional helpful warnings.
    at Mc (https://dev.trenador.com/assets/index-QbLJsLSc.js:9:27650)
    at Yf (https://dev.trenador.com/assets/index-QbLJsLSc.js:9:27175)
    at ul (https://dev.trenador.com/assets/index-QbLJsLSc.js:9:59461)
    at nb (https://dev.trenador.com/assets/index-QbLJsLSc.js:9:59085)
    at e.startTransition (https://dev.trenador.com/assets/index-QbLJsLSc.js:12:53089)
    at https://dev.trenador.com/assets/index-QbLJsLSc.js:10:86760
    at new Promise (<anonymous>)
    at FO.load (https://dev.trenador.com/assets/index-QbLJsLSc.js:10:86739)
    at https://dev.trenador.com/assets/index-QbLJsLSc.js:10:73227
    at Set.forEach (<anonymous>)
[   10014ms] Error: Minified React error #185; visit https://react.dev/errors/185 for the full message or use the non-minified dev environment for full errors and additional helpful warnings.
    at Mc (https://dev.trenador.com/assets/index-QbLJsLSc.js:9:27650)
    at Yf (https://dev.trenador.com/assets/index-QbLJsLSc.js:9:27175)
    at ul (https://dev.trenador.com/assets/index-QbLJsLSc.js:9:59461)
    at nb (https://dev.trenador.com/assets/index-QbLJsLSc.js:9:59085)
    at e.startTransition (https://dev.trenador.com/assets/index-QbLJsLSc.js:12:53089)
    at https://dev.trenador.com/assets/index-QbLJsLSc.js:10:86760
    at new Promise (<anonymous>)
    at FO.load (https://dev.trenador.com/assets/index-QbLJsLSc.js:10:86739)
    at https://dev.trenador.com/assets/index-QbLJsLSc.js:10:73227
    at Set.forEach (<anonymous>)
[   10015ms] Error: Minified React error #185; visit https://react.dev/errors/185 for the full message or use the non-minified dev environment for full errors and additional helpful warnings.
    at Mc (https://dev.trenador.com/assets/index-QbLJsLSc.js:9:27650)
    at Yf (https://dev.trenador.com/assets/index-QbLJsLSc.js:9:27175)
    at ul (https://dev.trenador.com/assets/index-QbLJsLSc.js:9:59461)
    at nb (https://dev.trenador.com/assets/index-QbLJsLSc.js:9:59085)
    at e.startTransition (https://dev.trenador.com/assets/index-QbLJsLSc.js:12:53089)
    at https://dev.trenador.com/assets/index-QbLJsLSc.js:10:86760
    at new Promise (<anonymous>)
    at FO.load (https://dev.trenador.com/assets/index-QbLJsLSc.js:10:86739)
    at https://dev.trenador.com/assets/index-QbLJsLSc.js:10:73227
    at Set.forEach (<anonymous>)
[   10015ms] Error: Minified React error #185; visit https://react.dev/errors/185 for the full message or use the non-minified dev environment for full errors and additional helpful warnings.
    at Mc (https://dev.trenador.com/assets/index-QbLJsLSc.js:9:27650)
    at Yf (https://dev.trenador.com/assets/index-QbLJsLSc.js:9:27175)
    at ul (https://dev.trenador.com/assets/index-QbLJsLSc.js:9:59461)
    at nb (https://dev.trenador.com/assets/index-QbLJsLSc.js:9:59085)
    at e.startTransition (https://dev.trenador.com/assets/index-QbLJsLSc.js:12:53089)
    at https://dev.trenador.com/assets/index-QbLJsLSc.js:10:86760
    at new Promise (<anonymous>)
    at FO.load (https://dev.trenador.com/assets/index-QbLJsLSc.js:10:86739)
    at https://dev.trenador.com/assets/index-QbLJsLSc.js:10:73227
    at Set.forEach (<anonymous>)
[   10015ms] Error: Minified React error #185; visit https://react.dev/errors/185 for the full message or use the non-minified dev environment for full errors and additional helpful warnings.
    at Mc (https://dev.trenador.com/assets/index-QbLJsLSc.js:9:27650)
    at Yf (https://dev.trenador.com/assets/index-QbLJsLSc.js:9:27175)
    at ul (https://dev.trenador.com/assets/index-QbLJsLSc.js:9:59461)
    at nb (https://dev.trenador.com/assets/index-QbLJsLSc.js:9:59085)
    at e.startTransition (https://dev.trenador.com/assets/index-QbLJsLSc.js:12:53089)
    at https://dev.trenador.com/assets/index-QbLJsLSc.js:10:86760
    at new Promise (<anonymous>)
    at FO.load (https://dev.trenador.com/assets/index-QbLJsLSc.js:10:86739)
    at https://dev.trenador.com/assets/index-QbLJsLSc.js:10:73227
    at Set.forEach (<anonymous>)
[   10016ms] Error: Minified React error #185; visit https://react.dev/errors/185 for the full message or use the non-minified dev environment for full errors and additional helpful warnings.
    at Mc (https://dev.trenador.com/assets/index-QbLJsLSc.js:9:27650)
    at Yf (https://dev.trenador.com/assets/index-QbLJsLSc.js:9:27175)
    at ul (https://dev.trenador.com/assets/index-QbLJsLSc.js:9:59461)
    at nb (https://dev.trenador.com/assets/index-QbLJsLSc.js:9:59085)
    at e.startTransition (https://dev.trenador.com/assets/index-QbLJsLSc.js:12:53089)
    at https://dev.trenador.com/assets/index-QbLJsLSc.js:10:86760
    at new Promise (<anonymous>)
    at FO.load (https://dev.trenador.com/assets/index-QbLJsLSc.js:10:86739)
    at https://dev.trenador.com/assets/index-QbLJsLSc.js:10:73227
    at Set.forEach (<anonymous>)
[   10016ms] Error: Minified React error #185; visit https://react.dev/errors/185 for the full message or use the non-minified dev environment for full errors and additional helpful warnings.
    at Mc (https://dev.trenador.com/assets/index-QbLJsLSc.js:9:27650)
    at Yf (https://dev.trenador.com/assets/index-QbLJsLSc.js:9:27175)
    at ul (https://dev.trenador.com/assets/index-QbLJsLSc.js:9:59461)
    at nb (https://dev.trenador.com/assets/index-QbLJsLSc.js:9:59085)
    at e.startTransition (https://dev.trenador.com/assets/index-QbLJsLSc.js:12:53089)
    at https://dev.trenador.com/assets/index-QbLJsLSc.js:10:86760
    at new Promise (<anonymous>)
    at FO.load (https://dev.trenador.com/assets/index-QbLJsLSc.js:10:86739)
    at https://dev.trenador.com/assets/index-QbLJsLSc.js:10:73227
    at Set.forEach (<anonymous>)
[   10016ms] Error: Minified React error #185; visit https://react.dev/errors/185 for the full message or use the non-minified dev environment for full errors and additional helpful warnings.
    at Mc (https://dev.trenador.com/assets/index-QbLJsLSc.js:9:27650)
    at Yf (https://dev.trenador.com/assets/index-QbLJsLSc.js:9:27175)
    at ul (https://dev.trenador.com/assets/index-QbLJsLSc.js:9:59461)
    at nb (https://dev.trenador.com/assets/index-QbLJsLSc.js:9:59085)
    at e.startTransition (https://dev.trenador.com/assets/index-QbLJsLSc.js:12:53089)
    at https://dev.trenador.com/assets/index-QbLJsLSc.js:10:86760
    at new Promise (<anonymous>)
    at FO.load (https://dev.trenador.com/assets/index-QbLJsLSc.js:10:86739)
    at https://dev.trenador.com/assets/index-QbLJsLSc.js:10:73227
    at Set.forEach (<anonymous>)
[   10016ms] Error: Minified React error #185; visit https://react.dev/errors/185 for the full message or use the non-minified dev environment for full errors and additional helpful warnings.
    at Mc (https://dev.trenador.com/assets/index-QbLJsLSc.js:9:27650)
    at Yf (https://dev.trenador.com/assets/index-QbLJsLSc.js:9:27175)
    at ul (https://dev.trenador.com/assets/index-QbLJsLSc.js:9:59461)
    at nb (https://dev.trenador.com/assets/index-QbLJsLSc.js:9:59085)
    at e.startTransition (https://dev.trenador.com/assets/index-QbLJsLSc.js:12:53089)
    at https://dev.trenador.com/assets/index-QbLJsLSc.js:10:86760
    at new Promise (<anonymous>)
    at FO.load (https://dev.trenador.com/assets/index-QbLJsLSc.js:10:86739)
    at https://dev.trenador.com/assets/index-QbLJsLSc.js:10:73227
    at Set.forEach (<anonymous>)
[   10017ms] Error: Minified React error #185; visit https://react.dev/errors/185 for the full message or use the non-minified dev environment for full errors and additional helpful warnings.
    at Mc (https://dev.trenador.com/assets/index-QbLJsLSc.js:9:27650)
    at Yf (https://dev.trenador.com/assets/index-QbLJsLSc.js:9:27175)
    at ul (https://dev.trenador.com/assets/index-QbLJsLSc.js:9:59461)
    at nb (https://dev.trenador.com/assets/index-QbLJsLSc.js:9:59085)
    at e.startTransition (https://dev.trenador.com/assets/index-QbLJsLSc.js:12:53089)
    at https://dev.trenador.com/assets/index-QbLJsLSc.js:10:86760
    at new Promise (<anonymous>)
    at FO.load (https://dev.trenador.com/assets/index-QbLJsLSc.js:10:86739)
    at https://dev.trenador.com/assets/index-QbLJsLSc.js:10:73227
    at Set.forEach (<anonymous>)
[   10017ms] Error: Minified React error #185; visit https://react.dev/errors/185 for the full message or use the non-minified dev environment for full errors and additional helpful warnings.
    at Mc (https://dev.trenador.com/assets/index-QbLJsLSc.js:9:27650)
    at Yf (https://dev.trenador.com/assets/index-QbLJsLSc.js:9:27175)
    at ul (https://dev.trenador.com/assets/index-QbLJsLSc.js:9:59461)
    at nb (https://dev.trenador.com/assets/index-QbLJsLSc.js:9:59085)
    at e.startTransition (https://dev.trenador.com/assets/index-QbLJsLSc.js:12:53089)
    at https://dev.trenador.com/assets/index-QbLJsLSc.js:10:86760
    at new Promise (<anonymous>)
    at FO.load (https://dev.trenador.com/assets/index-QbLJsLSc.js:10:86739)
    at https://dev.trenador.com/assets/index-QbLJsLSc.js:10:73227
    at Set.forEach (<anonymous>)
[   10017ms] Error: Minified React error #185; visit https://react.dev/errors/185 for the full message or use the non-minified dev environment for full errors and additional helpful warnings.
    at Mc (https://dev.trenador.com/assets/index-QbLJsLSc.js:9:27650)
    at Yf (https://dev.trenador.com/assets/index-QbLJsLSc.js:9:27175)
    at ul (https://dev.trenador.com/assets/index-QbLJsLSc.js:9:59461)
    at nb (https://dev.trenador.com/assets/index-QbLJsLSc.js:9:59085)
    at e.startTransition (https://dev.trenador.com/assets/index-QbLJsLSc.js:12:53089)
    at https://dev.trenador.com/assets/index-QbLJsLSc.js:10:86760
    at new Promise (<anonymous>)
    at FO.load (https://dev.trenador.com/assets/index-QbLJsLSc.js:10:86739)
    at https://dev.trenador.com/assets/index-QbLJsLSc.js:10:73227
    at Set.forEach (<anonymous>)
[   10018ms] Error: Minified React error #185; visit https://react.dev/errors/185 for the full message or use the non-minified dev environment for full errors and additional helpful warnings.
    at Mc (https://dev.trenador.com/assets/index-QbLJsLSc.js:9:27650)
    at Yf (https://dev.trenador.com/assets/index-QbLJsLSc.js:9:27175)
    at ul (https://dev.trenador.com/assets/index-QbLJsLSc.js:9:59461)
    at nb (https://dev.trenador.com/assets/index-QbLJsLSc.js:9:59085)
    at e.startTransition (https://dev.trenador.com/assets/index-QbLJsLSc.js:12:53089)
    at https://dev.trenador.com/assets/index-QbLJsLSc.js:10:86760
    at new Promise (<anonymous>)
    at FO.load (https://dev.trenador.com/assets/index-QbLJsLSc.js:10:86739)
    at https://dev.trenador.com/assets/index-QbLJsLSc.js:10:73227
    at Set.forEach (<anonymous>)
[   10018ms] Error: Minified React error #185; visit https://react.dev/errors/185 for the full message or use the non-minified dev environment for full errors and additional helpful warnings.
    at Mc (https://dev.trenador.com/assets/index-QbLJsLSc.js:9:27650)
    at Yf (https://dev.trenador.com/assets/index-QbLJsLSc.js:9:27175)
    at ul (https://dev.trenador.com/assets/index-QbLJsLSc.js:9:59461)
    at nb (https://dev.trenador.com/assets/index-QbLJsLSc.js:9:59085)
    at e.startTransition (https://dev.trenador.com/assets/index-QbLJsLSc.js:12:53089)
    at https://dev.trenador.com/assets/index-QbLJsLSc.js:10:86760
    at new Promise (<anonymous>)
    at FO.load (https://dev.trenador.com/assets/index-QbLJsLSc.js:10:86739)
    at https://dev.trenador.com/assets/index-QbLJsLSc.js:10:73227
    at Set.forEach (<anonymous>)
[   10018ms] Error: Minified React error #185; visit https://react.dev/errors/185 for the full message or use the non-minified dev environment for full errors and additional helpful warnings.
    at Mc (https://dev.trenador.com/assets/index-QbLJsLSc.js:9:27650)
    at Yf (https://dev.trenador.com/assets/index-QbLJsLSc.js:9:27175)
    at ul (https://dev.trenador.com/assets/index-QbLJsLSc.js:9:59461)
    at nb (https://dev.trenador.com/assets/index-QbLJsLSc.js:9:59085)
    at e.startTransition (https://dev.trenador.com/assets/index-QbLJsLSc.js:12:53089)
    at https://dev.trenador.com/assets/index-QbLJsLSc.js:10:86760
    at new Promise (<anonymous>)
    at FO.load (https://dev.trenador.com/assets/index-QbLJsLSc.js:10:86739)
    at https://dev.trenador.com/assets/index-QbLJsLSc.js:10:73227
    at Set.forEach (<anonymous>)
[   10018ms] Error: Minified React error #185; visit https://react.dev/errors/185 for the full message or use the non-minified dev environment for full errors and additional helpful warnings.
    at Mc (https://dev.trenador.com/assets/index-QbLJsLSc.js:9:27650)
    at Yf (https://dev.trenador.com/assets/index-QbLJsLSc.js:9:27175)
    at ul (https://dev.trenador.com/assets/index-QbLJsLSc.js:9:59461)
    at nb (https://dev.trenador.com/assets/index-QbLJsLSc.js:9:59085)
    at e.startTransition (https://dev.trenador.com/assets/index-QbLJsLSc.js:12:53089)
    at https://dev.trenador.com/assets/index-QbLJsLSc.js:10:86760
    at new Promise (<anonymous>)
    at FO.load (https://dev.trenador.com/assets/index-QbLJsLSc.js:10:86739)
    at https://dev.trenador.com/assets/index-QbLJsLSc.js:10:73227
    at Set.forEach (<anonymous>)
[   10019ms] Error: Minified React error #185; visit https://react.dev/errors/185 for the full message or use the non-minified dev environment for full errors and additional helpful warnings.
    at Mc (https://dev.trenador.com/assets/index-QbLJsLSc.js:9:27650)
    at Yf (https://dev.trenador.com/assets/index-QbLJsLSc.js:9:27175)
    at ul (https://dev.trenador.com/assets/index-QbLJsLSc.js:9:59461)
    at nb (https://dev.trenador.com/assets/index-QbLJsLSc.js:9:59085)
    at e.startTransition (https://dev.trenador.com/assets/index-QbLJsLSc.js:12:53089)
    at https://dev.trenador.com/assets/index-QbLJsLSc.js:10:86760
    at new Promise (<anonymous>)
    at FO.load (https://dev.trenador.com/assets/index-QbLJsLSc.js:10:86739)
    at https://dev.trenador.com/assets/index-QbLJsLSc.js:10:73227
    at Set.forEach (<anonymous>)
[   10019ms] Error: Minified React error #185; visit https://react.dev/errors/185 for the full message or use the non-minified dev environment for full errors and additional helpful warnings.
    at Mc (https://dev.trenador.com/assets/index-QbLJsLSc.js:9:27650)
    at Yf (https://dev.trenador.com/assets/index-QbLJsLSc.js:9:27175)
    at ul (https://dev.trenador.com/assets/index-QbLJsLSc.js:9:59461)
    at nb (https://dev.trenador.com/assets/index-QbLJsLSc.js:9:59085)
    at e.startTransition (https://dev.trenador.com/assets/index-QbLJsLSc.js:12:53089)
    at https://dev.trenador.com/assets/index-QbLJsLSc.js:10:86760
    at new Promise (<anonymous>)
    at FO.load (https://dev.trenador.com/assets/index-QbLJsLSc.js:10:86739)
    at https://dev.trenador.com/assets/index-QbLJsLSc.js:10:73227
    at Set.forEach (<anonymous>)
[   10019ms] Error: Minified React error #185; visit https://react.dev/errors/185 for the full message or use the non-minified dev environment for full errors and additional helpful warnings.
    at Mc (https://dev.trenador.com/assets/index-QbLJsLSc.js:9:27650)
    at Yf (https://dev.trenador.com/assets/index-QbLJsLSc.js:9:27175)
    at ul (https://dev.trenador.com/assets/index-QbLJsLSc.js:9:59461)
    at nb (https://dev.trenador.com/assets/index-QbLJsLSc.js:9:59085)
    at e.startTransition (https://dev.trenador.com/assets/index-QbLJsLSc.js:12:53089)
    at https://dev.trenador.com/assets/index-QbLJsLSc.js:10:86760
    at new Promise (<anonymous>)
    at FO.load (https://dev.trenador.com/assets/index-QbLJsLSc.js:10:86739)
    at https://dev.trenador.com/assets/index-QbLJsLSc.js:10:73227
    at Set.forEach (<anonymous>)
[   10020ms] Error: Minified React error #185; visit https://react.dev/errors/185 for the full message or use the non-minified dev environment for full errors and additional helpful warnings.
    at Mc (https://dev.trenador.com/assets/index-QbLJsLSc.js:9:27650)
    at Yf (https://dev.trenador.com/assets/index-QbLJsLSc.js:9:27175)
    at ul (https://dev.trenador.com/assets/index-QbLJsLSc.js:9:59461)
    at nb (https://dev.trenador.com/assets/index-QbLJsLSc.js:9:59085)
    at e.startTransition (https://dev.trenador.com/assets/index-QbLJsLSc.js:12:53089)
    at https://dev.trenador.com/assets/index-QbLJsLSc.js:10:86760
    at new Promise (<anonymous>)
    at FO.load (https://dev.trenador.com/assets/index-QbLJsLSc.js:10:86739)
    at https://dev.trenador.com/assets/index-QbLJsLSc.js:10:73227
    at Set.forEach (<anonymous>)
[   10020ms] Error: Minified React error #185; visit https://react.dev/errors/185 for the full message or use the non-minified dev environment for full errors and additional helpful warnings.
    at Mc (https://dev.trenador.com/assets/index-QbLJsLSc.js:9:27650)
    at Yf (https://dev.trenador.com/assets/index-QbLJsLSc.js:9:27175)
    at ul (https://dev.trenador.com/assets/index-QbLJsLSc.js:9:59461)
    at nb (https://dev.trenador.com/assets/index-QbLJsLSc.js:9:59085)
    at e.startTransition (https://dev.trenador.com/assets/index-QbLJsLSc.js:12:53089)
    at https://dev.trenador.com/assets/index-QbLJsLSc.js:10:86760
    at new Promise (<anonymous>)
    at FO.load (https://dev.trenador.com/assets/index-QbLJsLSc.js:10:86739)
    at https://dev.trenador.com/assets/index-QbLJsLSc.js:10:73227
    at Set.forEach (<anonymous>)
[   10021ms] Error: Minified React error #185; visit https://react.dev/errors/185 for the full message or use the non-minified dev environment for full errors and additional helpful warnings.
    at Mc (https://dev.trenador.com/assets/index-QbLJsLSc.js:9:27650)
    at Yf (https://dev.trenador.com/assets/index-QbLJsLSc.js:9:27175)
    at ul (https://dev.trenador.com/assets/index-QbLJsLSc.js:9:59461)
    at nb (https://dev.trenador.com/assets/index-QbLJsLSc.js:9:59085)
    at e.startTransition (https://dev.trenador.com/assets/index-QbLJsLSc.js:12:53089)
    at https://dev.trenador.com/assets/index-QbLJsLSc.js:10:86760
    at new Promise (<anonymous>)
    at FO.load (https://dev.trenador.com/assets/index-QbLJsLSc.js:10:86739)
    at https://dev.trenador.com/assets/index-QbLJsLSc.js:10:73227
    at Set.forEach (<anonymous>)
[   10021ms] Error: Minified React error #185; visit https://react.dev/errors/185 for the full message or use the non-minified dev environment for full errors and additional helpful warnings.
    at Mc (https://dev.trenador.com/assets/index-QbLJsLSc.js:9:27650)
    at Yf (https://dev.trenador.com/assets/index-QbLJsLSc.js:9:27175)
    at ul (https://dev.trenador.com/assets/index-QbLJsLSc.js:9:59461)
    at nb (https://dev.trenador.com/assets/index-QbLJsLSc.js:9:59085)
    at e.startTransition (https://dev.trenador.com/assets/index-QbLJsLSc.js:12:53089)
    at https://dev.trenador.com/assets/index-QbLJsLSc.js:10:86760
    at new Promise (<anonymous>)
    at FO.load (https://dev.trenador.com/assets/index-QbLJsLSc.js:10:86739)
    at https://dev.trenador.com/assets/index-QbLJsLSc.js:10:73227
    at Set.forEach (<anonymous>)
[   10022ms] Error: Minified React error #185; visit https://react.dev/errors/185 for the full message or use the non-minified dev environment for full errors and additional helpful warnings.
    at Mc (https://dev.trenador.com/assets/index-QbLJsLSc.js:9:27650)
    at Yf (https://dev.trenador.com/assets/index-QbLJsLSc.js:9:27175)
    at ul (https://dev.trenador.com/assets/index-QbLJsLSc.js:9:59461)
    at nb (https://dev.trenador.com/assets/index-QbLJsLSc.js:9:59085)
    at e.startTransition (https://dev.trenador.com/assets/index-QbLJsLSc.js:12:53089)
    at https://dev.trenador.com/assets/index-QbLJsLSc.js:10:86760
    at new Promise (<anonymous>)
    at FO.load (https://dev.trenador.com/assets/index-QbLJsLSc.js:10:86739)
    at https://dev.trenador.com/assets/index-QbLJsLSc.js:10:73227
    at Set.forEach (<anonymous>)
[   10022ms] Error: Minified React error #185; visit https://react.dev/errors/185 for the full message or use the non-minified dev environment for full errors and additional helpful warnings.
    at Mc (https://dev.trenador.com/assets/index-QbLJsLSc.js:9:27650)
    at Yf (https://dev.trenador.com/assets/index-QbLJsLSc.js:9:27175)
    at ul (https://dev.trenador.com/assets/index-QbLJsLSc.js:9:59461)
    at nb (https://dev.trenador.com/assets/index-QbLJsLSc.js:9:59085)
    at e.startTransition (https://dev.trenador.com/assets/index-QbLJsLSc.js:12:53089)
    at https://dev.trenador.com/assets/index-QbLJsLSc.js:10:86760
    at new Promise (<anonymous>)
    at FO.load (https://dev.trenador.com/assets/index-QbLJsLSc.js:10:86739)
    at https://dev.trenador.com/assets/index-QbLJsLSc.js:10:73227
    at Set.forEach (<anonymous>)
[   10022ms] Error: Minified React error #185; visit https://react.dev/errors/185 for the full message or use the non-minified dev environment for full errors and additional helpful warnings.
    at Mc (https://dev.trenador.com/assets/index-QbLJsLSc.js:9:27650)
    at Yf (https://dev.trenador.com/assets/index-QbLJsLSc.js:9:27175)
    at ul (https://dev.trenador.com/assets/index-QbLJsLSc.js:9:59461)
    at nb (https://dev.trenador.com/assets/index-QbLJsLSc.js:9:59085)
    at e.startTransition (https://dev.trenador.com/assets/index-QbLJsLSc.js:12:53089)
    at https://dev.trenador.com/assets/index-QbLJsLSc.js:10:86760
    at new Promise (<anonymous>)
    at FO.load (https://dev.trenador.com/assets/index-QbLJsLSc.js:10:86739)
    at https://dev.trenador.com/assets/index-QbLJsLSc.js:10:73227
    at Set.forEach (<anonymous>)
[   10023ms] Error: Minified React error #185; visit https://react.dev/errors/185 for the full message or use the non-minified dev environment for full errors and additional helpful warnings.
    at Mc (https://dev.trenador.com/assets/index-QbLJsLSc.js:9:27650)
    at Yf (https://dev.trenador.com/assets/index-QbLJsLSc.js:9:27175)
    at ul (https://dev.trenador.com/assets/index-QbLJsLSc.js:9:59461)
    at nb (https://dev.trenador.com/assets/index-QbLJsLSc.js:9:59085)
    at e.startTransition (https://dev.trenador.com/assets/index-QbLJsLSc.js:12:53089)
    at https://dev.trenador.com/assets/index-QbLJsLSc.js:10:86760
    at new Promise (<anonymous>)
    at FO.load (https://dev.trenador.com/assets/index-QbLJsLSc.js:10:86739)
    at https://dev.trenador.com/assets/index-QbLJsLSc.js:10:73227
    at Set.forEach (<anonymous>)
[   10023ms] Error: Minified React error #185; visit https://react.dev/errors/185 for the full message or use the non-minified dev environment for full errors and additional helpful warnings.
    at Mc (https://dev.trenador.com/assets/index-QbLJsLSc.js:9:27650)
    at Yf (https://dev.trenador.com/assets/index-QbLJsLSc.js:9:27175)
    at ul (https://dev.trenador.com/assets/index-QbLJsLSc.js:9:59461)
    at nb (https://dev.trenador.com/assets/index-QbLJsLSc.js:9:59085)
    at e.startTransition (https://dev.trenador.com/assets/index-QbLJsLSc.js:12:53089)
    at https://dev.trenador.com/assets/index-QbLJsLSc.js:10:86760
    at new Promise (<anonymous>)
    at FO.load (https://dev.trenador.com/assets/index-QbLJsLSc.js:10:86739)
    at https://dev.trenador.com/assets/index-QbLJsLSc.js:10:73227
    at Set.forEach (<anonymous>)
[   10023ms] Error: Minified React error #185; visit https://react.dev/errors/185 for the full message or use the non-minified dev environment for full errors and additional helpful warnings.
    at Mc (https://dev.trenador.com/assets/index-QbLJsLSc.js:9:27650)
    at Yf (https://dev.trenador.com/assets/index-QbLJsLSc.js:9:27175)
    at ul (https://dev.trenador.com/assets/index-QbLJsLSc.js:9:59461)
    at nb (https://dev.trenador.com/assets/index-QbLJsLSc.js:9:59085)
    at e.startTransition (https://dev.trenador.com/assets/index-QbLJsLSc.js:12:53089)
    at https://dev.trenador.com/assets/index-QbLJsLSc.js:10:86760
    at new Promise (<anonymous>)
    at FO.load (https://dev.trenador.com/assets/index-QbLJsLSc.js:10:86739)
    at https://dev.trenador.com/assets/index-QbLJsLSc.js:10:73227
    at Set.forEach (<anonymous>)
[   10023ms] Error: Minified React error #185; visit https://react.dev/errors/185 for the full message or use the non-minified dev environment for full errors and additional helpful warnings.
    at Mc (https://dev.trenador.com/assets/index-QbLJsLSc.js:9:27650)
    at Yf (https://dev.trenador.com/assets/index-QbLJsLSc.js:9:27175)
    at ul (https://dev.trenador.com/assets/index-QbLJsLSc.js:9:59461)
    at nb (https://dev.trenador.com/assets/index-QbLJsLSc.js:9:59085)
    at e.startTransition (https://dev.trenador.com/assets/index-QbLJsLSc.js:12:53089)
    at https://dev.trenador.com/assets/index-QbLJsLSc.js:10:86760
    at new Promise (<anonymous>)
    at FO.load (https://dev.trenador.com/assets/index-QbLJsLSc.js:10:86739)
    at https://dev.trenador.com/assets/index-QbLJsLSc.js:10:73227
    at Set.forEach (<anonymous>)
[   21658ms] [ERROR] Failed to load resource: the server responded with a status of 400 () @ https://gjrqrqchimclkdlmruzw.supabase.co/auth/v1/token?grant_type=password:0
[   25420ms] [INFO] Slow network is detected. See https://www.chromestatus.com/feature/5636954674692096 for more details. Fallback font will be used while loading: https://fonts.gstatic.com/s/googlesans/v62/4UaRrENHsxJlGDuGo1OIlJfC6l_24rlCK1Yo_Iq2vgCIhM907w.woff2 @ https://accounts.google.com/v3/signin/identifier?opparams=%253F&dsh=S-1187633034%3A1781124088906506&client_id=288002387414-6cvdo0ftcmsi36l9npigsaoj3m86oedc.apps.googleusercontent.com&code_challenge=qK8dOucMb9j5LkKsIUSGtlwhqeJTqbq0CoMlNEUb2Bg&code_challenge_method=S256&o2v=2&redirect_uri=https%3A%2F%2Foauth.lovable.app%2Fcallback&response_type=code&scope=openid+email+profile&service=lso&state=Z8SCruVFho0j0SmAe4BrR563BPjMYzuvbpyELlxT7OQpabVy-6Lc0S_y6yDHPafIxiME4sQyvhKwpajhrvRwiKTrGgO8EQOKo9tKiQK1gljd1UcOIvS-GPV6Yt2lgGT3QgeCU2nDy6_9o8-f0SfB4dq6t8-2FoSO-UP4o5ISyp5PsspggU7WKYTZOkugUMXvmX7Nju2vcN1h3nD2AkyuqXyDaTBLPk4G0_PYJbitT2_EmKZKSmunrxMsqvccYx3cW3rv9Ta5ra-kh6E6-qDbTdKoU559qv1Zy_RwFrL5nBPV1EhYmQ6DOJuVVGy24YLYXeMiK6x7tcBRz0KWlw392azkBYRdTTB3YdC7BdhND4c1A5htkN_aw7K0rZ467GPRkmFORGvmWdsOR6vwAp3oro_V_YvFoI0MqZrjWh919ybr5Voc9rM_Oey6sUrhFZS9tALnx88nE4RJFEBY8PLEsmKkrhcT9n73VES5A8bGNCswMM_5jf9S0d_CZ6EWSsHwbjGHv-4jXrN1gClKYVynK1wC_n6wdr-HTkAod6Q9vkHc4nGud0eBD_DeSB5gqPDVXv7d7mo-x_4Rql_vITVt7asxV3DhxAzPm0qT1YKi0tUMAk43ED2bpvEhcs5W4k_jtOsdYCBKczFILm9q6Nbu13Dk3Y7M93TV12QlHgrKkzvMFJzlmmHS7zmQ1UsrfMVYHukMZjTqbpGkYgoEx3-8uWwLWPXDEz-pES7cPSPdC8p5pNgKfmXmxZp-1LF_AnBsotUAHf2HWFitPP8MJPUNcXZKNJVNc0B8ihmjuu7IEUSzLJWM--m1MVv0FcZ1ewdWEZ4zdbHV8iZDHlPDqezkhR5Gkk0ubSbBgpl5Cat2UzHJUJXb&flowName=GeneralOAuthFlow&continue=https%3A%2F%2Faccounts.google.com%2Fsignin%2Foauth%2Fconsent%3Fauthuser%3Dunknown%26part%3DAJi8hAPYNcwquaUI1P510du8xciluPgNQh_CInE8-y9EK1Haef6OMSLO_rvITHdEKi6iG6lzomUnDrTSvsTSiYUO1pFhN4fvUZW_JAL2IB_wRIGsAms0pG6-s1h8yMbckkJU7ecCTna-4BhCTBTaZIYdHLHkM0M3-532BpHBF6DgzmB06ocMYrq1myq3z4Q2t0I8F5KqhcG-6-kt7RHUCMdyRcQHUlRW12yWxdRJteY4sYoydbMtS3WgAFf5NBywG-QDitZdmW5VDCWFlVFnkHbyL3uO4ZvACKgMeShELFNu1pAHGkLJqlXB8foSpuyvBc6CDMnhZyjgdymmtNwgT7xoLW8elx2mRuohG2GsHjomu2xeaKe8JGSSVabXv6Zci_TzN5h_FysC2hNe8iGVvwCkEa0nXlG10o9DBtrtlQdpMhr3e3pj3lEqoA89btoj9YNiukVy_0gVnCO3tyRbbvsLfiARnI-WVg%26flowName%3DGeneralOAuthFlow%26as%3DS-1187633034%253A1781124088906506%26client_id%3D288002387414-6cvdo0ftcmsi36l9npigsaoj3m86oedc.apps.googleusercontent.com%26requestPath%3D%252Fsignin%252Foauth%252Fconsent%23&app_domain=https%3A%2F%2Foauth.lovable.app&rart=ANgoxcfv-osAzPYLQ5-pOMLbSOgcEZRyjJdrHQt8d5flrc_naFuEsELoBO7A0wwB-cZ7lqICgyXXhwOFbtxLEpjIONtx-qSZR4U8yAihQ4v0Ug4CGyzFLuE:1
[   26254ms] [VERBOSE] [DOM] Password field is not contained in a form: (More info: https://goo.gl/9p2vKq) %o @ https://accounts.google.com/v3/signin/identifier?opparams=%253F&dsh=S-1187633034%3A1781124088906506&client_id=288002387414-6cvdo0ftcmsi36l9npigsaoj3m86oedc.apps.googleusercontent.com&code_challenge=qK8dOucMb9j5LkKsIUSGtlwhqeJTqbq0CoMlNEUb2Bg&code_challenge_method=S256&o2v=2&redirect_uri=https%3A%2F%2Foauth.lovable.app%2Fcallback&response_type=code&scope=openid+email+profile&service=lso&state=Z8SCruVFho0j0SmAe4BrR563BPjMYzuvbpyELlxT7OQpabVy-6Lc0S_y6yDHPafIxiME4sQyvhKwpajhrvRwiKTrGgO8EQOKo9tKiQK1gljd1UcOIvS-GPV6Yt2lgGT3QgeCU2nDy6_9o8-f0SfB4dq6t8-2FoSO-UP4o5ISyp5PsspggU7WKYTZOkugUMXvmX7Nju2vcN1h3nD2AkyuqXyDaTBLPk4G0_PYJbitT2_EmKZKSmunrxMsqvccYx3cW3rv9Ta5ra-kh6E6-qDbTdKoU559qv1Zy_RwFrL5nBPV1EhYmQ6DOJuVVGy24YLYXeMiK6x7tcBRz0KWlw392azkBYRdTTB3YdC7BdhND4c1A5htkN_aw7K0rZ467GPRkmFORGvmWdsOR6vwAp3oro_V_YvFoI0MqZrjWh919ybr5Voc9rM_Oey6sUrhFZS9tALnx88nE4RJFEBY8PLEsmKkrhcT9n73VES5A8bGNCswMM_5jf9S0d_CZ6EWSsHwbjGHv-4jXrN1gClKYVynK1wC_n6wdr-HTkAod6Q9vkHc4nGud0eBD_DeSB5gqPDVXv7d7mo-x_4Rql_vITVt7asxV3DhxAzPm0qT1YKi0tUMAk43ED2bpvEhcs5W4k_jtOsdYCBKczFILm9q6Nbu13Dk3Y7M93TV12QlHgrKkzvMFJzlmmHS7zmQ1UsrfMVYHukMZjTqbpGkYgoEx3-8uWwLWPXDEz-pES7cPSPdC8p5pNgKfmXmxZp-1LF_AnBsotUAHf2HWFitPP8MJPUNcXZKNJVNc0B8ihmjuu7IEUSzLJWM--m1MVv0FcZ1ewdWEZ4zdbHV8iZDHlPDqezkhR5Gkk0ubSbBgpl5Cat2UzHJUJXb&flowName=GeneralOAuthFlow&continue=https%3A%2F%2Faccounts.google.com%2Fsignin%2Foauth%2Fconsent%3Fauthuser%3Dunknown%26part%3DAJi8hAPYNcwquaUI1P510du8xciluPgNQh_CInE8-y9EK1Haef6OMSLO_rvITHdEKi6iG6lzomUnDrTSvsTSiYUO1pFhN4fvUZW_JAL2IB_wRIGsAms0pG6-s1h8yMbckkJU7ecCTna-4BhCTBTaZIYdHLHkM0M3-532BpHBF6DgzmB06ocMYrq1myq3z4Q2t0I8F5KqhcG-6-kt7RHUCMdyRcQHUlRW12yWxdRJteY4sYoydbMtS3WgAFf5NBywG-QDitZdmW5VDCWFlVFnkHbyL3uO4ZvACKgMeShELFNu1pAHGkLJqlXB8foSpuyvBc6CDMnhZyjgdymmtNwgT7xoLW8elx2mRuohG2GsHjomu2xeaKe8JGSSVabXv6Zci_TzN5h_FysC2hNe8iGVvwCkEa0nXlG10o9DBtrtlQdpMhr3e3pj3lEqoA89btoj9YNiukVy_0gVnCO3tyRbbvsLfiARnI-WVg%26flowName%3DGeneralOAuthFlow%26as%3DS-1187633034%253A1781124088906506%26client_id%3D288002387414-6cvdo0ftcmsi36l9npigsaoj3m86oedc.apps.googleusercontent.com%26requestPath%3D%252Fsignin%252Foauth%252Fconsent%23&app_domain=https%3A%2F%2Foauth.lovable.app&rart=ANgoxcfv-osAzPYLQ5-pOMLbSOgcEZRyjJdrHQt8d5flrc_naFuEsELoBO7A0wwB-cZ7lqICgyXXhwOFbtxLEpjIONtx-qSZR4U8yAihQ4v0Ug4CGyzFLuE:0
[   26258ms] [LOG] %c%s color: red; background: yellow; font-size: 24px; WARNING! @ https://www.gstatic.com/_/mss/boq-identity/_/js/k=boq-identity.AccountsSignInUi.en_US.R4nGYkaHqCg.es5.O/am=EQ0AAAAMin-EDAD-__8bAIAAgmwHfM8CaAKEDAAAAAAAAAAAWAAAgEY/d=1/excm=_b,_tp,identifierview/ed=1/dg=0/wt=2/ujg=1/rs=AOaEmlH8AmuSmaXCjbpT3l7aJEVO2oZd1w/dti=1/m=_b,_tp:549
[   26258ms] [LOG] %c%s font-size: 18px; Using this console may allow attackers to impersonate you and steal your information using an attack called Self-XSS.
Do not enter or paste code that you do not understand. @ https://www.gstatic.com/_/mss/boq-identity/_/js/k=boq-identity.AccountsSignInUi.en_US.R4nGYkaHqCg.es5.O/am=EQ0AAAAMin-EDAD-__8bAIAAgmwHfM8CaAKEDAAAAAAAAAAAWAAAgEY/d=1/excm=_b,_tp,identifierview/ed=1/dg=0/wt=2/ujg=1/rs=AOaEmlH8AmuSmaXCjbpT3l7aJEVO2oZd1w/dti=1/m=_b,_tp:549
[   42080ms] [VERBOSE] [DOM] Password field is not contained in a form: (More info: https://goo.gl/9p2vKq) %o @ https://accounts.google.com/v3/signin/challenge/pwd?TL=ADCchmZpZlHEsCFZLfVf9pAogxdtTB9P45V8Ku3aPa31wLCbHHvTLotZEFTxjDk0&app_domain=https%3A%2F%2Foauth.lovable.app&checkConnection=youtube%3A974&checkedDomains=youtube&cid=2&client_id=288002387414-6cvdo0ftcmsi36l9npigsaoj3m86oedc.apps.googleusercontent.com&code_challenge=qK8dOucMb9j5LkKsIUSGtlwhqeJTqbq0CoMlNEUb2Bg&code_challenge_method=S256&continue=https%3A%2F%2Faccounts.google.com%2Fsignin%2Foauth%2Fconsent%3Fauthuser%3Dunknown%26part%3DAJi8hAPYNcwquaUI1P510du8xciluPgNQh_CInE8-y9EK1Haef6OMSLO_rvITHdEKi6iG6lzomUnDrTSvsTSiYUO1pFhN4fvUZW_JAL2IB_wRIGsAms0pG6-s1h8yMbckkJU7ecCTna-4BhCTBTaZIYdHLHkM0M3-532BpHBF6DgzmB06ocMYrq1myq3z4Q2t0I8F5KqhcG-6-kt7RHUCMdyRcQHUlRW12yWxdRJteY4sYoydbMtS3WgAFf5NBywG-QDitZdmW5VDCWFlVFnkHbyL3uO4ZvACKgMeShELFNu1pAHGkLJqlXB8foSpuyvBc6CDMnhZyjgdymmtNwgT7xoLW8elx2mRuohG2GsHjomu2xeaKe8JGSSVabXv6Zci_TzN5h_FysC2hNe8iGVvwCkEa0nXlG10o9DBtrtlQdpMhr3e3pj3lEqoA89btoj9YNiukVy_0gVnCO3tyRbbvsLfiARnI-WVg%26flowName%3DGeneralOAuthFlow%26as%3DS-1187633034%253A1781124088906506%26client_id%3D288002387414-6cvdo0ftcmsi36l9npigsaoj3m86oedc.apps.googleusercontent.com%26requestPath%3D%252Fsignin%252Foauth%252Fconsent%23&dsh=S-1187633034%3A1781124088906506&flowName=GeneralOAuthFlow&o2v=2&opparams=%253F&pstMsg=1&rart=ANgoxcfv-osAzPYLQ5-pOMLbSOgcEZRyjJdrHQt8d5flrc_naFuEsELoBO7A0wwB-cZ7lqICgyXXhwOFbtxLEpjIONtx-qSZR4U8yAihQ4v0Ug4CGyzFLuE&redirect_uri=https%3A%2F%2Foauth.lovable.app%2Fcallback&response_type=code&scope=openid%20email%20profile&service=lso&state=Z8SCruVFho0j0SmAe4BrR563BPjMYzuvbpyELlxT7OQpabVy-6Lc0S_y6yDHPafIxiME4sQyvhKwpajhrvRwiKTrGgO8EQOKo9tKiQK1gljd1UcOIvS-GPV6Yt2lgGT3QgeCU2nDy6_9o8-f0SfB4dq6t8-2FoSO-UP4o5ISyp5PsspggU7WKYTZOkugUMXvmX7Nju2vcN1h3nD2AkyuqXyDaTBLPk4G0_PYJbitT2_EmKZKSmunrxMsqvccYx3cW3rv9Ta5ra-kh6E6-qDbTdKoU559qv1Zy_RwFrL5nBPV1EhYmQ6DOJuVVGy24YLYXeMiK6x7tcBRz0KWlw392azkBYRdTTB3YdC7BdhND4c1A5htkN_aw7K0rZ467GPRkmFORGvmWdsOR6vwAp3oro_V_YvFoI0MqZrjWh919ybr5Voc9rM_Oey6sUrhFZS9tALnx88nE4RJFEBY8PLEsmKkrhcT9n73VES5A8bGNCswMM_5jf9S0d_CZ6EWSsHwbjGHv-4jXrN1gClKYVynK1wC_n6wdr-HTkAod6Q9vkHc4nGud0eBD_DeSB5gqPDVXv7d7mo-x_4Rql_vITVt7asxV3DhxAzPm0qT1YKi0tUMAk43ED2bpvEhcs5W4k_jtOsdYCBKczFILm9q6Nbu13Dk3Y7M93TV12QlHgrKkzvMFJzlmmHS7zmQ1UsrfMVYHukMZjTqbpGkYgoEx3-8uWwLWPXDEz-pES7cPSPdC8p5pNgKfmXmxZp-1LF_AnBsotUAHf2HWFitPP8MJPUNcXZKNJVNc0B8ihmjuu7IEUSzLJWM--m1MVv0FcZ1ewdWEZ4zdbHV8iZDHlPDqezkhR5Gkk0ubSbBgpl5Cat2UzHJUJXb:0
