[    4347ms] [ERROR] Failed to load resource: the server responded with a status of 400 () @ https://gjrqrqchimclkdlmruzw.supabase.co/rest/v1/profiles?select=onboarded_at&id=eq.d4d4891a-596d-41d2-81a9-ab9621c64359:0
[   35971ms] [ERROR] Failed to load resource: the server responded with a status of 400 () @ https://gjrqrqchimclkdlmruzw.supabase.co/rest/v1/profiles?select=onboarded_at&id=eq.d4d4891a-596d-41d2-81a9-ab9621c64359:0
[  682810ms] [ERROR] Failed to load resource: the server responded with a status of 400 () @ https://gjrqrqchimclkdlmruzw.supabase.co/rest/v1/profiles?select=onboarded_at&id=eq.d4d4891a-596d-41d2-81a9-ab9621c64359:0
[  685433ms] [ERROR] Failed to load resource: the server responded with a status of 400 () @ https://gjrqrqchimclkdlmruzw.supabase.co/rest/v1/profiles?select=onboarded_at&id=eq.d4d4891a-596d-41d2-81a9-ab9621c64359:0
[ 1016645ms] [ERROR] Failed to load resource: the server responded with a status of 400 () @ https://gjrqrqchimclkdlmruzw.supabase.co/rest/v1/profiles?select=onboarded_at&id=eq.d4d4891a-596d-41d2-81a9-ab9621c64359:0
[ 4512508ms] [ERROR] Failed to load resource: the server responded with a status of 400 () @ https://gjrqrqchimclkdlmruzw.supabase.co/auth/v1/token?grant_type=refresh_token:0
[ 4512605ms] Error: Minified React error #185; visit https://react.dev/errors/185 for the full message or use the non-minified dev environment for full errors and additional helpful warnings.
    at Mc (https://dev.trenador.com/assets/index-QbLJsLSc.js:9:27650)
    at Yf (https://dev.trenador.com/assets/index-QbLJsLSc.js:9:27175)
    at ul (https://dev.trenador.com/assets/index-QbLJsLSc.js:9:59461)
    at nb (https://dev.trenador.com/assets/index-QbLJsLSc.js:9:59085)
    at e.startTransition (https://dev.trenador.com/assets/index-QbLJsLSc.js:12:53089)
    at https://dev.trenador.com/assets/index-QbLJsLSc.js:10:86760
    at new Promise (<anonymous>)
    at FO.load (https://dev.trenador.com/assets/index-QbLJsLSc.js:10:86739)
    at https://dev.trenador.com/assets/index-QbLJsLSc.js:10:73227
    at Set.forEach (<anonymous>)
[ 4512606ms] Error: Minified React error #185; visit https://react.dev/errors/185 for the full message or use the non-minified dev environment for full errors and additional helpful warnings.
    at Mc (https://dev.trenador.com/assets/index-QbLJsLSc.js:9:27650)
    at Yf (https://dev.trenador.com/assets/index-QbLJsLSc.js:9:27175)
    at ul (https://dev.trenador.com/assets/index-QbLJsLSc.js:9:59461)
    at nb (https://dev.trenador.com/assets/index-QbLJsLSc.js:9:59085)
    at e.startTransition (https://dev.trenador.com/assets/index-QbLJsLSc.js:12:53089)
    at https://dev.trenador.com/assets/index-QbLJsLSc.js:10:86760
    at new Promise (<anonymous>)
    at FO.load (https://dev.trenador.com/assets/index-QbLJsLSc.js:10:86739)
    at https://dev.trenador.com/assets/index-QbLJsLSc.js:10:73227
    at Set.forEach (<anonymous>)
[ 4512606ms] Error: Minified React error #185; visit https://react.dev/errors/185 for the full message or use the non-minified dev environment for full errors and additional helpful warnings.
    at Mc (https://dev.trenador.com/assets/index-QbLJsLSc.js:9:27650)
    at Yf (https://dev.trenador.com/assets/index-QbLJsLSc.js:9:27175)
    at ul (https://dev.trenador.com/assets/index-QbLJsLSc.js:9:59461)
    at nb (https://dev.trenador.com/assets/index-QbLJsLSc.js:9:59085)
    at e.startTransition (https://dev.trenador.com/assets/index-QbLJsLSc.js:12:53089)
    at https://dev.trenador.com/assets/index-QbLJsLSc.js:10:86760
    at new Promise (<anonymous>)
    at FO.load (https://dev.trenador.com/assets/index-QbLJsLSc.js:10:86739)
    at https://dev.trenador.com/assets/index-QbLJsLSc.js:10:73227
    at Set.forEach (<anonymous>)
[ 4512606ms] Error: Minified React error #185; visit https://react.dev/errors/185 for the full message or use the non-minified dev environment for full errors and additional helpful warnings.
    at Mc (https://dev.trenador.com/assets/index-QbLJsLSc.js:9:27650)
    at Yf (https://dev.trenador.com/assets/index-QbLJsLSc.js:9:27175)
    at ul (https://dev.trenador.com/assets/index-QbLJsLSc.js:9:59461)
    at nb (https://dev.trenador.com/assets/index-QbLJsLSc.js:9:59085)
    at e.startTransition (https://dev.trenador.com/assets/index-QbLJsLSc.js:12:53089)
    at https://dev.trenador.com/assets/index-QbLJsLSc.js:10:86760
    at new Promise (<anonymous>)
    at FO.load (https://dev.trenador.com/assets/index-QbLJsLSc.js:10:86739)
    at https://dev.trenador.com/assets/index-QbLJsLSc.js:10:73227
    at Set.forEach (<anonymous>)
[ 4512607ms] Error: Minified React error #185; visit https://react.dev/errors/185 for the full message or use the non-minified dev environment for full errors and additional helpful warnings.
    at Mc (https://dev.trenador.com/assets/index-QbLJsLSc.js:9:27650)
    at Yf (https://dev.trenador.com/assets/index-QbLJsLSc.js:9:27175)
    at ul (https://dev.trenador.com/assets/index-QbLJsLSc.js:9:59461)
    at nb (https://dev.trenador.com/assets/index-QbLJsLSc.js:9:59085)
    at e.startTransition (https://dev.trenador.com/assets/index-QbLJsLSc.js:12:53089)
    at https://dev.trenador.com/assets/index-QbLJsLSc.js:10:86760
    at new Promise (<anonymous>)
    at FO.load (https://dev.trenador.com/assets/index-QbLJsLSc.js:10:86739)
    at https://dev.trenador.com/assets/index-QbLJsLSc.js:10:73227
    at Set.forEach (<anonymous>)
[ 4512607ms] Error: Minified React error #185; visit https://react.dev/errors/185 for the full message or use the non-minified dev environment for full errors and additional helpful warnings.
    at Mc (https://dev.trenador.com/assets/index-QbLJsLSc.js:9:27650)
    at Yf (https://dev.trenador.com/assets/index-QbLJsLSc.js:9:27175)
    at ul (https://dev.trenador.com/assets/index-QbLJsLSc.js:9:59461)
    at nb (https://dev.trenador.com/assets/index-QbLJsLSc.js:9:59085)
    at e.startTransition (https://dev.trenador.com/assets/index-QbLJsLSc.js:12:53089)
    at https://dev.trenador.com/assets/index-QbLJsLSc.js:10:86760
    at new Promise (<anonymous>)
    at FO.load (https://dev.trenador.com/assets/index-QbLJsLSc.js:10:86739)
    at https://dev.trenador.com/assets/index-QbLJsLSc.js:10:73227
    at Set.forEach (<anonymous>)
[ 4512607ms] Error: Minified React error #185; visit https://react.dev/errors/185 for the full message or use the non-minified dev environment for full errors and additional helpful warnings.
    at Mc (https://dev.trenador.com/assets/index-QbLJsLSc.js:9:27650)
    at Yf (https://dev.trenador.com/assets/index-QbLJsLSc.js:9:27175)
    at ul (https://dev.trenador.com/assets/index-QbLJsLSc.js:9:59461)
    at nb (https://dev.trenador.com/assets/index-QbLJsLSc.js:9:59085)
    at e.startTransition (https://dev.trenador.com/assets/index-QbLJsLSc.js:12:53089)
    at https://dev.trenador.com/assets/index-QbLJsLSc.js:10:86760
    at new Promise (<anonymous>)
    at FO.load (https://dev.trenador.com/assets/index-QbLJsLSc.js:10:86739)
    at https://dev.trenador.com/assets/index-QbLJsLSc.js:10:73227
    at Set.forEach (<anonymous>)
[ 4512607ms] Error: Minified React error #185; visit https://react.dev/errors/185 for the full message or use the non-minified dev environment for full errors and additional helpful warnings.
    at Mc (https://dev.trenador.com/assets/index-QbLJsLSc.js:9:27650)
    at Yf (https://dev.trenador.com/assets/index-QbLJsLSc.js:9:27175)
    at ul (https://dev.trenador.com/assets/index-QbLJsLSc.js:9:59461)
    at nb (https://dev.trenador.com/assets/index-QbLJsLSc.js:9:59085)
    at e.startTransition (https://dev.trenador.com/assets/index-QbLJsLSc.js:12:53089)
    at https://dev.trenador.com/assets/index-QbLJsLSc.js:10:86760
    at new Promise (<anonymous>)
    at FO.load (https://dev.trenador.com/assets/index-QbLJsLSc.js:10:86739)
    at https://dev.trenador.com/assets/index-QbLJsLSc.js:10:73227
    at Set.forEach (<anonymous>)
[ 4512607ms] Error: Minified React error #185; visit https://react.dev/errors/185 for the full message or use the non-minified dev environment for full errors and additional helpful warnings.
    at Mc (https://dev.trenador.com/assets/index-QbLJsLSc.js:9:27650)
    at Yf (https://dev.trenador.com/assets/index-QbLJsLSc.js:9:27175)
    at ul (https://dev.trenador.com/assets/index-QbLJsLSc.js:9:59461)
    at nb (https://dev.trenador.com/assets/index-QbLJsLSc.js:9:59085)
    at e.startTransition (https://dev.trenador.com/assets/index-QbLJsLSc.js:12:53089)
    at https://dev.trenador.com/assets/index-QbLJsLSc.js:10:86760
    at new Promise (<anonymous>)
    at FO.load (https://dev.trenador.com/assets/index-QbLJsLSc.js:10:86739)
    at https://dev.trenador.com/assets/index-QbLJsLSc.js:10:73227
    at Set.forEach (<anonymous>)
[ 4512608ms] Error: Minified React error #185; visit https://react.dev/errors/185 for the full message or use the non-minified dev environment for full errors and additional helpful warnings.
    at Mc (https://dev.trenador.com/assets/index-QbLJsLSc.js:9:27650)
    at Yf (https://dev.trenador.com/assets/index-QbLJsLSc.js:9:27175)
    at ul (https://dev.trenador.com/assets/index-QbLJsLSc.js:9:59461)
    at nb (https://dev.trenador.com/assets/index-QbLJsLSc.js:9:59085)
    at e.startTransition (https://dev.trenador.com/assets/index-QbLJsLSc.js:12:53089)
    at https://dev.trenador.com/assets/index-QbLJsLSc.js:10:86760
    at new Promise (<anonymous>)
    at FO.load (https://dev.trenador.com/assets/index-QbLJsLSc.js:10:86739)
    at https://dev.trenador.com/assets/index-QbLJsLSc.js:10:73227
    at Set.forEach (<anonymous>)
[ 4512608ms] Error: Minified React error #185; visit https://react.dev/errors/185 for the full message or use the non-minified dev environment for full errors and additional helpful warnings.
    at Mc (https://dev.trenador.com/assets/index-QbLJsLSc.js:9:27650)
    at Yf (https://dev.trenador.com/assets/index-QbLJsLSc.js:9:27175)
    at ul (https://dev.trenador.com/assets/index-QbLJsLSc.js:9:59461)
    at nb (https://dev.trenador.com/assets/index-QbLJsLSc.js:9:59085)
    at e.startTransition (https://dev.trenador.com/assets/index-QbLJsLSc.js:12:53089)
    at https://dev.trenador.com/assets/index-QbLJsLSc.js:10:86760
    at new Promise (<anonymous>)
    at FO.load (https://dev.trenador.com/assets/index-QbLJsLSc.js:10:86739)
    at https://dev.trenador.com/assets/index-QbLJsLSc.js:10:73227
    at Set.forEach (<anonymous>)
[ 4512608ms] Error: Minified React error #185; visit https://react.dev/errors/185 for the full message or use the non-minified dev environment for full errors and additional helpful warnings.
    at Mc (https://dev.trenador.com/assets/index-QbLJsLSc.js:9:27650)
    at Yf (https://dev.trenador.com/assets/index-QbLJsLSc.js:9:27175)
    at ul (https://dev.trenador.com/assets/index-QbLJsLSc.js:9:59461)
    at nb (https://dev.trenador.com/assets/index-QbLJsLSc.js:9:59085)
    at e.startTransition (https://dev.trenador.com/assets/index-QbLJsLSc.js:12:53089)
    at https://dev.trenador.com/assets/index-QbLJsLSc.js:10:86760
    at new Promise (<anonymous>)
    at FO.load (https://dev.trenador.com/assets/index-QbLJsLSc.js:10:86739)
    at https://dev.trenador.com/assets/index-QbLJsLSc.js:10:73227
    at Set.forEach (<anonymous>)
[ 4512608ms] Error: Minified React error #185; visit https://react.dev/errors/185 for the full message or use the non-minified dev environment for full errors and additional helpful warnings.
    at Mc (https://dev.trenador.com/assets/index-QbLJsLSc.js:9:27650)
    at Yf (https://dev.trenador.com/assets/index-QbLJsLSc.js:9:27175)
    at ul (https://dev.trenador.com/assets/index-QbLJsLSc.js:9:59461)
    at nb (https://dev.trenador.com/assets/index-QbLJsLSc.js:9:59085)
    at e.startTransition (https://dev.trenador.com/assets/index-QbLJsLSc.js:12:53089)
    at https://dev.trenador.com/assets/index-QbLJsLSc.js:10:86760
    at new Promise (<anonymous>)
    at FO.load (https://dev.trenador.com/assets/index-QbLJsLSc.js:10:86739)
    at https://dev.trenador.com/assets/index-QbLJsLSc.js:10:73227
    at Set.forEach (<anonymous>)
[ 4512608ms] Error: Minified React error #185; visit https://react.dev/errors/185 for the full message or use the non-minified dev environment for full errors and additional helpful warnings.
    at Mc (https://dev.trenador.com/assets/index-QbLJsLSc.js:9:27650)
    at Yf (https://dev.trenador.com/assets/index-QbLJsLSc.js:9:27175)
    at ul (https://dev.trenador.com/assets/index-QbLJsLSc.js:9:59461)
    at nb (https://dev.trenador.com/assets/index-QbLJsLSc.js:9:59085)
    at e.startTransition (https://dev.trenador.com/assets/index-QbLJsLSc.js:12:53089)
    at https://dev.trenador.com/assets/index-QbLJsLSc.js:10:86760
    at new Promise (<anonymous>)
    at FO.load (https://dev.trenador.com/assets/index-QbLJsLSc.js:10:86739)
    at https://dev.trenador.com/assets/index-QbLJsLSc.js:10:73227
    at Set.forEach (<anonymous>)
[ 4512609ms] Error: Minified React error #185; visit https://react.dev/errors/185 for the full message or use the non-minified dev environment for full errors and additional helpful warnings.
    at Mc (https://dev.trenador.com/assets/index-QbLJsLSc.js:9:27650)
    at Yf (https://dev.trenador.com/assets/index-QbLJsLSc.js:9:27175)
    at ul (https://dev.trenador.com/assets/index-QbLJsLSc.js:9:59461)
    at nb (https://dev.trenador.com/assets/index-QbLJsLSc.js:9:59085)
    at e.startTransition (https://dev.trenador.com/assets/index-QbLJsLSc.js:12:53089)
    at https://dev.trenador.com/assets/index-QbLJsLSc.js:10:86760
    at new Promise (<anonymous>)
    at FO.load (https://dev.trenador.com/assets/index-QbLJsLSc.js:10:86739)
    at https://dev.trenador.com/assets/index-QbLJsLSc.js:10:73227
    at Set.forEach (<anonymous>)
[ 4512609ms] Error: Minified React error #185; visit https://react.dev/errors/185 for the full message or use the non-minified dev environment for full errors and additional helpful warnings.
    at Mc (https://dev.trenador.com/assets/index-QbLJsLSc.js:9:27650)
    at Yf (https://dev.trenador.com/assets/index-QbLJsLSc.js:9:27175)
    at ul (https://dev.trenador.com/assets/index-QbLJsLSc.js:9:59461)
    at nb (https://dev.trenador.com/assets/index-QbLJsLSc.js:9:59085)
    at e.startTransition (https://dev.trenador.com/assets/index-QbLJsLSc.js:12:53089)
    at https://dev.trenador.com/assets/index-QbLJsLSc.js:10:86760
    at new Promise (<anonymous>)
    at FO.load (https://dev.trenador.com/assets/index-QbLJsLSc.js:10:86739)
    at https://dev.trenador.com/assets/index-QbLJsLSc.js:10:73227
    at Set.forEach (<anonymous>)
[ 4512609ms] Error: Minified React error #185; visit https://react.dev/errors/185 for the full message or use the non-minified dev environment for full errors and additional helpful warnings.
    at Mc (https://dev.trenador.com/assets/index-QbLJsLSc.js:9:27650)
    at Yf (https://dev.trenador.com/assets/index-QbLJsLSc.js:9:27175)
    at ul (https://dev.trenador.com/assets/index-QbLJsLSc.js:9:59461)
    at nb (https://dev.trenador.com/assets/index-QbLJsLSc.js:9:59085)
    at e.startTransition (https://dev.trenador.com/assets/index-QbLJsLSc.js:12:53089)
    at https://dev.trenador.com/assets/index-QbLJsLSc.js:10:86760
    at new Promise (<anonymous>)
    at FO.load (https://dev.trenador.com/assets/index-QbLJsLSc.js:10:86739)
    at https://dev.trenador.com/assets/index-QbLJsLSc.js:10:73227
    at Set.forEach (<anonymous>)
[ 4512609ms] Error: Minified React error #185; visit https://react.dev/errors/185 for the full message or use the non-minified dev environment for full errors and additional helpful warnings.
    at Mc (https://dev.trenador.com/assets/index-QbLJsLSc.js:9:27650)
    at Yf (https://dev.trenador.com/assets/index-QbLJsLSc.js:9:27175)
    at ul (https://dev.trenador.com/assets/index-QbLJsLSc.js:9:59461)
    at nb (https://dev.trenador.com/assets/index-QbLJsLSc.js:9:59085)
    at e.startTransition (https://dev.trenador.com/assets/index-QbLJsLSc.js:12:53089)
    at https://dev.trenador.com/assets/index-QbLJsLSc.js:10:86760
    at new Promise (<anonymous>)
    at FO.load (https://dev.trenador.com/assets/index-QbLJsLSc.js:10:86739)
    at https://dev.trenador.com/assets/index-QbLJsLSc.js:10:73227
    at Set.forEach (<anonymous>)
[ 4512610ms] Error: Minified React error #185; visit https://react.dev/errors/185 for the full message or use the non-minified dev environment for full errors and additional helpful warnings.
    at Mc (https://dev.trenador.com/assets/index-QbLJsLSc.js:9:27650)
    at Yf (https://dev.trenador.com/assets/index-QbLJsLSc.js:9:27175)
    at ul (https://dev.trenador.com/assets/index-QbLJsLSc.js:9:59461)
    at nb (https://dev.trenador.com/assets/index-QbLJsLSc.js:9:59085)
    at e.startTransition (https://dev.trenador.com/assets/index-QbLJsLSc.js:12:53089)
    at https://dev.trenador.com/assets/index-QbLJsLSc.js:10:86760
    at new Promise (<anonymous>)
    at FO.load (https://dev.trenador.com/assets/index-QbLJsLSc.js:10:86739)
    at https://dev.trenador.com/assets/index-QbLJsLSc.js:10:73227
    at Set.forEach (<anonymous>)
[ 4512610ms] Error: Minified React error #185; visit https://react.dev/errors/185 for the full message or use the non-minified dev environment for full errors and additional helpful warnings.
    at Mc (https://dev.trenador.com/assets/index-QbLJsLSc.js:9:27650)
    at Yf (https://dev.trenador.com/assets/index-QbLJsLSc.js:9:27175)
    at ul (https://dev.trenador.com/assets/index-QbLJsLSc.js:9:59461)
    at nb (https://dev.trenador.com/assets/index-QbLJsLSc.js:9:59085)
    at e.startTransition (https://dev.trenador.com/assets/index-QbLJsLSc.js:12:53089)
    at https://dev.trenador.com/assets/index-QbLJsLSc.js:10:86760
    at new Promise (<anonymous>)
    at FO.load (https://dev.trenador.com/assets/index-QbLJsLSc.js:10:86739)
    at https://dev.trenador.com/assets/index-QbLJsLSc.js:10:73227
    at Set.forEach (<anonymous>)
[ 4512610ms] Error: Minified React error #185; visit https://react.dev/errors/185 for the full message or use the non-minified dev environment for full errors and additional helpful warnings.
    at Mc (https://dev.trenador.com/assets/index-QbLJsLSc.js:9:27650)
    at Yf (https://dev.trenador.com/assets/index-QbLJsLSc.js:9:27175)
    at ul (https://dev.trenador.com/assets/index-QbLJsLSc.js:9:59461)
    at nb (https://dev.trenador.com/assets/index-QbLJsLSc.js:9:59085)
    at e.startTransition (https://dev.trenador.com/assets/index-QbLJsLSc.js:12:53089)
    at https://dev.trenador.com/assets/index-QbLJsLSc.js:10:86760
    at new Promise (<anonymous>)
    at FO.load (https://dev.trenador.com/assets/index-QbLJsLSc.js:10:86739)
    at https://dev.trenador.com/assets/index-QbLJsLSc.js:10:73227
    at Set.forEach (<anonymous>)
[ 4512610ms] Error: Minified React error #185; visit https://react.dev/errors/185 for the full message or use the non-minified dev environment for full errors and additional helpful warnings.
    at Mc (https://dev.trenador.com/assets/index-QbLJsLSc.js:9:27650)
    at Yf (https://dev.trenador.com/assets/index-QbLJsLSc.js:9:27175)
    at ul (https://dev.trenador.com/assets/index-QbLJsLSc.js:9:59461)
    at nb (https://dev.trenador.com/assets/index-QbLJsLSc.js:9:59085)
    at e.startTransition (https://dev.trenador.com/assets/index-QbLJsLSc.js:12:53089)
    at https://dev.trenador.com/assets/index-QbLJsLSc.js:10:86760
    at new Promise (<anonymous>)
    at FO.load (https://dev.trenador.com/assets/index-QbLJsLSc.js:10:86739)
    at https://dev.trenador.com/assets/index-QbLJsLSc.js:10:73227
    at Set.forEach (<anonymous>)
[ 4512610ms] Error: Minified React error #185; visit https://react.dev/errors/185 for the full message or use the non-minified dev environment for full errors and additional helpful warnings.
    at Mc (https://dev.trenador.com/assets/index-QbLJsLSc.js:9:27650)
    at Yf (https://dev.trenador.com/assets/index-QbLJsLSc.js:9:27175)
    at ul (https://dev.trenador.com/assets/index-QbLJsLSc.js:9:59461)
    at nb (https://dev.trenador.com/assets/index-QbLJsLSc.js:9:59085)
    at e.startTransition (https://dev.trenador.com/assets/index-QbLJsLSc.js:12:53089)
    at https://dev.trenador.com/assets/index-QbLJsLSc.js:10:86760
    at new Promise (<anonymous>)
    at FO.load (https://dev.trenador.com/assets/index-QbLJsLSc.js:10:86739)
    at https://dev.trenador.com/assets/index-QbLJsLSc.js:10:73227
    at Set.forEach (<anonymous>)
[ 4512610ms] Error: Minified React error #185; visit https://react.dev/errors/185 for the full message or use the non-minified dev environment for full errors and additional helpful warnings.
    at Mc (https://dev.trenador.com/assets/index-QbLJsLSc.js:9:27650)
    at Yf (https://dev.trenador.com/assets/index-QbLJsLSc.js:9:27175)
    at ul (https://dev.trenador.com/assets/index-QbLJsLSc.js:9:59461)
    at nb (https://dev.trenador.com/assets/index-QbLJsLSc.js:9:59085)
    at e.startTransition (https://dev.trenador.com/assets/index-QbLJsLSc.js:12:53089)
    at https://dev.trenador.com/assets/index-QbLJsLSc.js:10:86760
    at new Promise (<anonymous>)
    at FO.load (https://dev.trenador.com/assets/index-QbLJsLSc.js:10:86739)
    at https://dev.trenador.com/assets/index-QbLJsLSc.js:10:73227
    at Set.forEach (<anonymous>)
[ 4512611ms] Error: Minified React error #185; visit https://react.dev/errors/185 for the full message or use the non-minified dev environment for full errors and additional helpful warnings.
    at Mc (https://dev.trenador.com/assets/index-QbLJsLSc.js:9:27650)
    at Yf (https://dev.trenador.com/assets/index-QbLJsLSc.js:9:27175)
    at ul (https://dev.trenador.com/assets/index-QbLJsLSc.js:9:59461)
    at nb (https://dev.trenador.com/assets/index-QbLJsLSc.js:9:59085)
    at e.startTransition (https://dev.trenador.com/assets/index-QbLJsLSc.js:12:53089)
    at https://dev.trenador.com/assets/index-QbLJsLSc.js:10:86760
    at new Promise (<anonymous>)
    at FO.load (https://dev.trenador.com/assets/index-QbLJsLSc.js:10:86739)
    at https://dev.trenador.com/assets/index-QbLJsLSc.js:10:73227
    at Set.forEach (<anonymous>)
[ 4512611ms] Error: Minified React error #185; visit https://react.dev/errors/185 for the full message or use the non-minified dev environment for full errors and additional helpful warnings.
    at Mc (https://dev.trenador.com/assets/index-QbLJsLSc.js:9:27650)
    at Yf (https://dev.trenador.com/assets/index-QbLJsLSc.js:9:27175)
    at ul (https://dev.trenador.com/assets/index-QbLJsLSc.js:9:59461)
    at nb (https://dev.trenador.com/assets/index-QbLJsLSc.js:9:59085)
    at e.startTransition (https://dev.trenador.com/assets/index-QbLJsLSc.js:12:53089)
    at https://dev.trenador.com/assets/index-QbLJsLSc.js:10:86760
    at new Promise (<anonymous>)
    at FO.load (https://dev.trenador.com/assets/index-QbLJsLSc.js:10:86739)
    at https://dev.trenador.com/assets/index-QbLJsLSc.js:10:73227
    at Set.forEach (<anonymous>)
[ 4512611ms] Error: Minified React error #185; visit https://react.dev/errors/185 for the full message or use the non-minified dev environment for full errors and additional helpful warnings.
    at Mc (https://dev.trenador.com/assets/index-QbLJsLSc.js:9:27650)
    at Yf (https://dev.trenador.com/assets/index-QbLJsLSc.js:9:27175)
    at ul (https://dev.trenador.com/assets/index-QbLJsLSc.js:9:59461)
    at nb (https://dev.trenador.com/assets/index-QbLJsLSc.js:9:59085)
    at e.startTransition (https://dev.trenador.com/assets/index-QbLJsLSc.js:12:53089)
    at https://dev.trenador.com/assets/index-QbLJsLSc.js:10:86760
    at new Promise (<anonymous>)
    at FO.load (https://dev.trenador.com/assets/index-QbLJsLSc.js:10:86739)
    at https://dev.trenador.com/assets/index-QbLJsLSc.js:10:73227
    at Set.forEach (<anonymous>)
[ 4512611ms] Error: Minified React error #185; visit https://react.dev/errors/185 for the full message or use the non-minified dev environment for full errors and additional helpful warnings.
    at Mc (https://dev.trenador.com/assets/index-QbLJsLSc.js:9:27650)
    at Yf (https://dev.trenador.com/assets/index-QbLJsLSc.js:9:27175)
    at ul (https://dev.trenador.com/assets/index-QbLJsLSc.js:9:59461)
    at nb (https://dev.trenador.com/assets/index-QbLJsLSc.js:9:59085)
    at e.startTransition (https://dev.trenador.com/assets/index-QbLJsLSc.js:12:53089)
    at https://dev.trenador.com/assets/index-QbLJsLSc.js:10:86760
    at new Promise (<anonymous>)
    at FO.load (https://dev.trenador.com/assets/index-QbLJsLSc.js:10:86739)
    at https://dev.trenador.com/assets/index-QbLJsLSc.js:10:73227
    at Set.forEach (<anonymous>)
[ 4512612ms] Error: Minified React error #185; visit https://react.dev/errors/185 for the full message or use the non-minified dev environment for full errors and additional helpful warnings.
    at Mc (https://dev.trenador.com/assets/index-QbLJsLSc.js:9:27650)
    at Yf (https://dev.trenador.com/assets/index-QbLJsLSc.js:9:27175)
    at ul (https://dev.trenador.com/assets/index-QbLJsLSc.js:9:59461)
    at nb (https://dev.trenador.com/assets/index-QbLJsLSc.js:9:59085)
    at e.startTransition (https://dev.trenador.com/assets/index-QbLJsLSc.js:12:53089)
    at https://dev.trenador.com/assets/index-QbLJsLSc.js:10:86760
    at new Promise (<anonymous>)
    at FO.load (https://dev.trenador.com/assets/index-QbLJsLSc.js:10:86739)
    at https://dev.trenador.com/assets/index-QbLJsLSc.js:10:73227
    at Set.forEach (<anonymous>)
[ 4512612ms] Error: Minified React error #185; visit https://react.dev/errors/185 for the full message or use the non-minified dev environment for full errors and additional helpful warnings.
    at Mc (https://dev.trenador.com/assets/index-QbLJsLSc.js:9:27650)
    at Yf (https://dev.trenador.com/assets/index-QbLJsLSc.js:9:27175)
    at ul (https://dev.trenador.com/assets/index-QbLJsLSc.js:9:59461)
    at nb (https://dev.trenador.com/assets/index-QbLJsLSc.js:9:59085)
    at e.startTransition (https://dev.trenador.com/assets/index-QbLJsLSc.js:12:53089)
    at https://dev.trenador.com/assets/index-QbLJsLSc.js:10:86760
    at new Promise (<anonymous>)
    at FO.load (https://dev.trenador.com/assets/index-QbLJsLSc.js:10:86739)
    at https://dev.trenador.com/assets/index-QbLJsLSc.js:10:73227
    at Set.forEach (<anonymous>)
[ 4512612ms] Error: Minified React error #185; visit https://react.dev/errors/185 for the full message or use the non-minified dev environment for full errors and additional helpful warnings.
    at Mc (https://dev.trenador.com/assets/index-QbLJsLSc.js:9:27650)
    at Yf (https://dev.trenador.com/assets/index-QbLJsLSc.js:9:27175)
    at ul (https://dev.trenador.com/assets/index-QbLJsLSc.js:9:59461)
    at nb (https://dev.trenador.com/assets/index-QbLJsLSc.js:9:59085)
    at e.startTransition (https://dev.trenador.com/assets/index-QbLJsLSc.js:12:53089)
    at https://dev.trenador.com/assets/index-QbLJsLSc.js:10:86760
    at new Promise (<anonymous>)
    at FO.load (https://dev.trenador.com/assets/index-QbLJsLSc.js:10:86739)
    at https://dev.trenador.com/assets/index-QbLJsLSc.js:10:73227
    at Set.forEach (<anonymous>)
[ 4512613ms] Error: Minified React error #185; visit https://react.dev/errors/185 for the full message or use the non-minified dev environment for full errors and additional helpful warnings.
    at Mc (https://dev.trenador.com/assets/index-QbLJsLSc.js:9:27650)
    at Yf (https://dev.trenador.com/assets/index-QbLJsLSc.js:9:27175)
    at ul (https://dev.trenador.com/assets/index-QbLJsLSc.js:9:59461)
    at nb (https://dev.trenador.com/assets/index-QbLJsLSc.js:9:59085)
    at e.startTransition (https://dev.trenador.com/assets/index-QbLJsLSc.js:12:53089)
    at https://dev.trenador.com/assets/index-QbLJsLSc.js:10:86760
    at new Promise (<anonymous>)
    at FO.load (https://dev.trenador.com/assets/index-QbLJsLSc.js:10:86739)
    at https://dev.trenador.com/assets/index-QbLJsLSc.js:10:73227
    at Set.forEach (<anonymous>)
[ 4512613ms] Error: Minified React error #185; visit https://react.dev/errors/185 for the full message or use the non-minified dev environment for full errors and additional helpful warnings.
    at Mc (https://dev.trenador.com/assets/index-QbLJsLSc.js:9:27650)
    at Yf (https://dev.trenador.com/assets/index-QbLJsLSc.js:9:27175)
    at ul (https://dev.trenador.com/assets/index-QbLJsLSc.js:9:59461)
    at nb (https://dev.trenador.com/assets/index-QbLJsLSc.js:9:59085)
    at e.startTransition (https://dev.trenador.com/assets/index-QbLJsLSc.js:12:53089)
    at https://dev.trenador.com/assets/index-QbLJsLSc.js:10:86760
    at new Promise (<anonymous>)
    at FO.load (https://dev.trenador.com/assets/index-QbLJsLSc.js:10:86739)
    at https://dev.trenador.com/assets/index-QbLJsLSc.js:10:73227
    at Set.forEach (<anonymous>)
[ 4512613ms] Error: Minified React error #185; visit https://react.dev/errors/185 for the full message or use the non-minified dev environment for full errors and additional helpful warnings.
    at Mc (https://dev.trenador.com/assets/index-QbLJsLSc.js:9:27650)
    at Yf (https://dev.trenador.com/assets/index-QbLJsLSc.js:9:27175)
    at ul (https://dev.trenador.com/assets/index-QbLJsLSc.js:9:59461)
    at nb (https://dev.trenador.com/assets/index-QbLJsLSc.js:9:59085)
    at e.startTransition (https://dev.trenador.com/assets/index-QbLJsLSc.js:12:53089)
    at https://dev.trenador.com/assets/index-QbLJsLSc.js:10:86760
    at new Promise (<anonymous>)
    at FO.load (https://dev.trenador.com/assets/index-QbLJsLSc.js:10:86739)
    at https://dev.trenador.com/assets/index-QbLJsLSc.js:10:73227
    at Set.forEach (<anonymous>)
[ 4512613ms] Error: Minified React error #185; visit https://react.dev/errors/185 for the full message or use the non-minified dev environment for full errors and additional helpful warnings.
    at Mc (https://dev.trenador.com/assets/index-QbLJsLSc.js:9:27650)
    at Yf (https://dev.trenador.com/assets/index-QbLJsLSc.js:9:27175)
    at ul (https://dev.trenador.com/assets/index-QbLJsLSc.js:9:59461)
    at nb (https://dev.trenador.com/assets/index-QbLJsLSc.js:9:59085)
    at e.startTransition (https://dev.trenador.com/assets/index-QbLJsLSc.js:12:53089)
    at https://dev.trenador.com/assets/index-QbLJsLSc.js:10:86760
    at new Promise (<anonymous>)
    at FO.load (https://dev.trenador.com/assets/index-QbLJsLSc.js:10:86739)
    at https://dev.trenador.com/assets/index-QbLJsLSc.js:10:73227
    at Set.forEach (<anonymous>)
[ 4512614ms] Error: Minified React error #185; visit https://react.dev/errors/185 for the full message or use the non-minified dev environment for full errors and additional helpful warnings.
    at Mc (https://dev.trenador.com/assets/index-QbLJsLSc.js:9:27650)
    at Yf (https://dev.trenador.com/assets/index-QbLJsLSc.js:9:27175)
    at ul (https://dev.trenador.com/assets/index-QbLJsLSc.js:9:59461)
    at nb (https://dev.trenador.com/assets/index-QbLJsLSc.js:9:59085)
    at e.startTransition (https://dev.trenador.com/assets/index-QbLJsLSc.js:12:53089)
    at https://dev.trenador.com/assets/index-QbLJsLSc.js:10:86760
    at new Promise (<anonymous>)
    at FO.load (https://dev.trenador.com/assets/index-QbLJsLSc.js:10:86739)
    at https://dev.trenador.com/assets/index-QbLJsLSc.js:10:73227
    at Set.forEach (<anonymous>)
[ 4512614ms] Error: Minified React error #185; visit https://react.dev/errors/185 for the full message or use the non-minified dev environment for full errors and additional helpful warnings.
    at Mc (https://dev.trenador.com/assets/index-QbLJsLSc.js:9:27650)
    at Yf (https://dev.trenador.com/assets/index-QbLJsLSc.js:9:27175)
    at ul (https://dev.trenador.com/assets/index-QbLJsLSc.js:9:59461)
    at nb (https://dev.trenador.com/assets/index-QbLJsLSc.js:9:59085)
    at e.startTransition (https://dev.trenador.com/assets/index-QbLJsLSc.js:12:53089)
    at https://dev.trenador.com/assets/index-QbLJsLSc.js:10:86760
    at new Promise (<anonymous>)
    at FO.load (https://dev.trenador.com/assets/index-QbLJsLSc.js:10:86739)
    at https://dev.trenador.com/assets/index-QbLJsLSc.js:10:73227
    at Set.forEach (<anonymous>)
[ 4512614ms] Error: Minified React error #185; visit https://react.dev/errors/185 for the full message or use the non-minified dev environment for full errors and additional helpful warnings.
    at Mc (https://dev.trenador.com/assets/index-QbLJsLSc.js:9:27650)
    at Yf (https://dev.trenador.com/assets/index-QbLJsLSc.js:9:27175)
    at ul (https://dev.trenador.com/assets/index-QbLJsLSc.js:9:59461)
    at nb (https://dev.trenador.com/assets/index-QbLJsLSc.js:9:59085)
    at e.startTransition (https://dev.trenador.com/assets/index-QbLJsLSc.js:12:53089)
    at https://dev.trenador.com/assets/index-QbLJsLSc.js:10:86760
    at new Promise (<anonymous>)
    at FO.load (https://dev.trenador.com/assets/index-QbLJsLSc.js:10:86739)
    at https://dev.trenador.com/assets/index-QbLJsLSc.js:10:73227
    at Set.forEach (<anonymous>)
[ 4512614ms] Error: Minified React error #185; visit https://react.dev/errors/185 for the full message or use the non-minified dev environment for full errors and additional helpful warnings.
    at Mc (https://dev.trenador.com/assets/index-QbLJsLSc.js:9:27650)
    at Yf (https://dev.trenador.com/assets/index-QbLJsLSc.js:9:27175)
    at ul (https://dev.trenador.com/assets/index-QbLJsLSc.js:9:59461)
    at nb (https://dev.trenador.com/assets/index-QbLJsLSc.js:9:59085)
    at e.startTransition (https://dev.trenador.com/assets/index-QbLJsLSc.js:12:53089)
    at https://dev.trenador.com/assets/index-QbLJsLSc.js:10:86760
    at new Promise (<anonymous>)
    at FO.load (https://dev.trenador.com/assets/index-QbLJsLSc.js:10:86739)
    at https://dev.trenador.com/assets/index-QbLJsLSc.js:10:73227
    at Set.forEach (<anonymous>)
[ 4512615ms] Error: Minified React error #185; visit https://react.dev/errors/185 for the full message or use the non-minified dev environment for full errors and additional helpful warnings.
    at Mc (https://dev.trenador.com/assets/index-QbLJsLSc.js:9:27650)
    at Yf (https://dev.trenador.com/assets/index-QbLJsLSc.js:9:27175)
    at ul (https://dev.trenador.com/assets/index-QbLJsLSc.js:9:59461)
    at nb (https://dev.trenador.com/assets/index-QbLJsLSc.js:9:59085)
    at e.startTransition (https://dev.trenador.com/assets/index-QbLJsLSc.js:12:53089)
    at https://dev.trenador.com/assets/index-QbLJsLSc.js:10:86760
    at new Promise (<anonymous>)
    at FO.load (https://dev.trenador.com/assets/index-QbLJsLSc.js:10:86739)
    at https://dev.trenador.com/assets/index-QbLJsLSc.js:10:73227
    at Set.forEach (<anonymous>)
[ 4512615ms] Error: Minified React error #185; visit https://react.dev/errors/185 for the full message or use the non-minified dev environment for full errors and additional helpful warnings.
    at Mc (https://dev.trenador.com/assets/index-QbLJsLSc.js:9:27650)
    at Yf (https://dev.trenador.com/assets/index-QbLJsLSc.js:9:27175)
    at ul (https://dev.trenador.com/assets/index-QbLJsLSc.js:9:59461)
    at nb (https://dev.trenador.com/assets/index-QbLJsLSc.js:9:59085)
    at e.startTransition (https://dev.trenador.com/assets/index-QbLJsLSc.js:12:53089)
    at https://dev.trenador.com/assets/index-QbLJsLSc.js:10:86760
    at new Promise (<anonymous>)
    at FO.load (https://dev.trenador.com/assets/index-QbLJsLSc.js:10:86739)
    at https://dev.trenador.com/assets/index-QbLJsLSc.js:10:73227
    at Set.forEach (<anonymous>)
[ 4512615ms] Error: Minified React error #185; visit https://react.dev/errors/185 for the full message or use the non-minified dev environment for full errors and additional helpful warnings.
    at Mc (https://dev.trenador.com/assets/index-QbLJsLSc.js:9:27650)
    at Yf (https://dev.trenador.com/assets/index-QbLJsLSc.js:9:27175)
    at ul (https://dev.trenador.com/assets/index-QbLJsLSc.js:9:59461)
    at nb (https://dev.trenador.com/assets/index-QbLJsLSc.js:9:59085)
    at e.startTransition (https://dev.trenador.com/assets/index-QbLJsLSc.js:12:53089)
    at https://dev.trenador.com/assets/index-QbLJsLSc.js:10:86760
    at new Promise (<anonymous>)
    at FO.load (https://dev.trenador.com/assets/index-QbLJsLSc.js:10:86739)
    at https://dev.trenador.com/assets/index-QbLJsLSc.js:10:73227
    at Set.forEach (<anonymous>)
[ 4512615ms] Error: Minified React error #185; visit https://react.dev/errors/185 for the full message or use the non-minified dev environment for full errors and additional helpful warnings.
    at Mc (https://dev.trenador.com/assets/index-QbLJsLSc.js:9:27650)
    at Yf (https://dev.trenador.com/assets/index-QbLJsLSc.js:9:27175)
    at ul (https://dev.trenador.com/assets/index-QbLJsLSc.js:9:59461)
    at nb (https://dev.trenador.com/assets/index-QbLJsLSc.js:9:59085)
    at e.startTransition (https://dev.trenador.com/assets/index-QbLJsLSc.js:12:53089)
    at https://dev.trenador.com/assets/index-QbLJsLSc.js:10:86760
    at new Promise (<anonymous>)
    at FO.load (https://dev.trenador.com/assets/index-QbLJsLSc.js:10:86739)
    at https://dev.trenador.com/assets/index-QbLJsLSc.js:10:73227
    at Set.forEach (<anonymous>)
[ 4512616ms] Error: Minified React error #185; visit https://react.dev/errors/185 for the full message or use the non-minified dev environment for full errors and additional helpful warnings.
    at Mc (https://dev.trenador.com/assets/index-QbLJsLSc.js:9:27650)
    at Yf (https://dev.trenador.com/assets/index-QbLJsLSc.js:9:27175)
    at ul (https://dev.trenador.com/assets/index-QbLJsLSc.js:9:59461)
    at nb (https://dev.trenador.com/assets/index-QbLJsLSc.js:9:59085)
    at e.startTransition (https://dev.trenador.com/assets/index-QbLJsLSc.js:12:53089)
    at https://dev.trenador.com/assets/index-QbLJsLSc.js:10:86760
    at new Promise (<anonymous>)
    at FO.load (https://dev.trenador.com/assets/index-QbLJsLSc.js:10:86739)
    at https://dev.trenador.com/assets/index-QbLJsLSc.js:10:73227
    at Set.forEach (<anonymous>)
[ 4512616ms] Error: Minified React error #185; visit https://react.dev/errors/185 for the full message or use the non-minified dev environment for full errors and additional helpful warnings.
    at Mc (https://dev.trenador.com/assets/index-QbLJsLSc.js:9:27650)
    at Yf (https://dev.trenador.com/assets/index-QbLJsLSc.js:9:27175)
    at ul (https://dev.trenador.com/assets/index-QbLJsLSc.js:9:59461)
    at nb (https://dev.trenador.com/assets/index-QbLJsLSc.js:9:59085)
    at e.startTransition (https://dev.trenador.com/assets/index-QbLJsLSc.js:12:53089)
    at https://dev.trenador.com/assets/index-QbLJsLSc.js:10:86760
    at new Promise (<anonymous>)
    at FO.load (https://dev.trenador.com/assets/index-QbLJsLSc.js:10:86739)
    at https://dev.trenador.com/assets/index-QbLJsLSc.js:10:73227
    at Set.forEach (<anonymous>)
[ 4512616ms] Error: Minified React error #185; visit https://react.dev/errors/185 for the full message or use the non-minified dev environment for full errors and additional helpful warnings.
    at Mc (https://dev.trenador.com/assets/index-QbLJsLSc.js:9:27650)
    at Yf (https://dev.trenador.com/assets/index-QbLJsLSc.js:9:27175)
    at ul (https://dev.trenador.com/assets/index-QbLJsLSc.js:9:59461)
    at nb (https://dev.trenador.com/assets/index-QbLJsLSc.js:9:59085)
    at e.startTransition (https://dev.trenador.com/assets/index-QbLJsLSc.js:12:53089)
    at https://dev.trenador.com/assets/index-QbLJsLSc.js:10:86760
    at new Promise (<anonymous>)
    at FO.load (https://dev.trenador.com/assets/index-QbLJsLSc.js:10:86739)
    at https://dev.trenador.com/assets/index-QbLJsLSc.js:10:73227
    at Set.forEach (<anonymous>)
[ 4512616ms] Error: Minified React error #185; visit https://react.dev/errors/185 for the full message or use the non-minified dev environment for full errors and additional helpful warnings.
    at Mc (https://dev.trenador.com/assets/index-QbLJsLSc.js:9:27650)
    at Yf (https://dev.trenador.com/assets/index-QbLJsLSc.js:9:27175)
    at ul (https://dev.trenador.com/assets/index-QbLJsLSc.js:9:59461)
    at nb (https://dev.trenador.com/assets/index-QbLJsLSc.js:9:59085)
    at e.startTransition (https://dev.trenador.com/assets/index-QbLJsLSc.js:12:53089)
    at https://dev.trenador.com/assets/index-QbLJsLSc.js:10:86760
    at new Promise (<anonymous>)
    at FO.load (https://dev.trenador.com/assets/index-QbLJsLSc.js:10:86739)
    at https://dev.trenador.com/assets/index-QbLJsLSc.js:10:73227
    at Set.forEach (<anonymous>)
[ 4512617ms] Error: Minified React error #185; visit https://react.dev/errors/185 for the full message or use the non-minified dev environment for full errors and additional helpful warnings.
    at Mc (https://dev.trenador.com/assets/index-QbLJsLSc.js:9:27650)
    at Yf (https://dev.trenador.com/assets/index-QbLJsLSc.js:9:27175)
    at ul (https://dev.trenador.com/assets/index-QbLJsLSc.js:9:59461)
    at nb (https://dev.trenador.com/assets/index-QbLJsLSc.js:9:59085)
    at e.startTransition (https://dev.trenador.com/assets/index-QbLJsLSc.js:12:53089)
    at https://dev.trenador.com/assets/index-QbLJsLSc.js:10:86760
    at new Promise (<anonymous>)
    at FO.load (https://dev.trenador.com/assets/index-QbLJsLSc.js:10:86739)
    at https://dev.trenador.com/assets/index-QbLJsLSc.js:10:73227
    at Set.forEach (<anonymous>)
[ 4512617ms] Error: Minified React error #185; visit https://react.dev/errors/185 for the full message or use the non-minified dev environment for full errors and additional helpful warnings.
    at Mc (https://dev.trenador.com/assets/index-QbLJsLSc.js:9:27650)
    at Yf (https://dev.trenador.com/assets/index-QbLJsLSc.js:9:27175)
    at ul (https://dev.trenador.com/assets/index-QbLJsLSc.js:9:59461)
    at nb (https://dev.trenador.com/assets/index-QbLJsLSc.js:9:59085)
    at e.startTransition (https://dev.trenador.com/assets/index-QbLJsLSc.js:12:53089)
    at https://dev.trenador.com/assets/index-QbLJsLSc.js:10:86760
    at new Promise (<anonymous>)
    at FO.load (https://dev.trenador.com/assets/index-QbLJsLSc.js:10:86739)
    at https://dev.trenador.com/assets/index-QbLJsLSc.js:10:73227
    at Set.forEach (<anonymous>)
[ 4512617ms] Error: Minified React error #185; visit https://react.dev/errors/185 for the full message or use the non-minified dev environment for full errors and additional helpful warnings.
    at Mc (https://dev.trenador.com/assets/index-QbLJsLSc.js:9:27650)
    at Yf (https://dev.trenador.com/assets/index-QbLJsLSc.js:9:27175)
    at ul (https://dev.trenador.com/assets/index-QbLJsLSc.js:9:59461)
    at nb (https://dev.trenador.com/assets/index-QbLJsLSc.js:9:59085)
    at e.startTransition (https://dev.trenador.com/assets/index-QbLJsLSc.js:12:53089)
    at https://dev.trenador.com/assets/index-QbLJsLSc.js:10:86760
    at new Promise (<anonymous>)
    at FO.load (https://dev.trenador.com/assets/index-QbLJsLSc.js:10:86739)
    at https://dev.trenador.com/assets/index-QbLJsLSc.js:10:73227
    at Set.forEach (<anonymous>)
[ 4512617ms] Error: Minified React error #185; visit https://react.dev/errors/185 for the full message or use the non-minified dev environment for full errors and additional helpful warnings.
    at Mc (https://dev.trenador.com/assets/index-QbLJsLSc.js:9:27650)
    at Yf (https://dev.trenador.com/assets/index-QbLJsLSc.js:9:27175)
    at ul (https://dev.trenador.com/assets/index-QbLJsLSc.js:9:59461)
    at nb (https://dev.trenador.com/assets/index-QbLJsLSc.js:9:59085)
    at e.startTransition (https://dev.trenador.com/assets/index-QbLJsLSc.js:12:53089)
    at https://dev.trenador.com/assets/index-QbLJsLSc.js:10:86760
    at new Promise (<anonymous>)
    at FO.load (https://dev.trenador.com/assets/index-QbLJsLSc.js:10:86739)
    at https://dev.trenador.com/assets/index-QbLJsLSc.js:10:73227
    at Set.forEach (<anonymous>)
[ 4512618ms] Error: Minified React error #185; visit https://react.dev/errors/185 for the full message or use the non-minified dev environment for full errors and additional helpful warnings.
    at Mc (https://dev.trenador.com/assets/index-QbLJsLSc.js:9:27650)
    at Yf (https://dev.trenador.com/assets/index-QbLJsLSc.js:9:27175)
    at ul (https://dev.trenador.com/assets/index-QbLJsLSc.js:9:59461)
    at nb (https://dev.trenador.com/assets/index-QbLJsLSc.js:9:59085)
    at e.startTransition (https://dev.trenador.com/assets/index-QbLJsLSc.js:12:53089)
    at https://dev.trenador.com/assets/index-QbLJsLSc.js:10:86760
    at new Promise (<anonymous>)
    at FO.load (https://dev.trenador.com/assets/index-QbLJsLSc.js:10:86739)
    at https://dev.trenador.com/assets/index-QbLJsLSc.js:10:73227
    at Set.forEach (<anonymous>)
[ 4512855ms] [ERROR] Failed to load resource: the server responded with a status of 403 () @ https://dev.trenador.com/__l5e/trackevents:0
[ 4512856ms] [ERROR] Failed to load resource: the server responded with a status of 403 () @ https://dev.trenador.com/__l5e/trackevents:0
[ 4512859ms] [ERROR] Failed to load resource: the server responded with a status of 403 () @ https://dev.trenador.com/__l5e/trackevents:0
[ 4512863ms] [ERROR] Failed to load resource: the server responded with a status of 403 () @ https://dev.trenador.com/__l5e/trackevents:0
[ 4512866ms] [ERROR] Failed to load resource: the server responded with a status of 403 () @ https://dev.trenador.com/__l5e/trackevents:0
[ 4512901ms] [ERROR] Failed to load resource: the server responded with a status of 403 () @ https://dev.trenador.com/__l5e/trackevents:0
[ 4512905ms] [ERROR] Failed to load resource: the server responded with a status of 403 () @ https://dev.trenador.com/__l5e/trackevents:0
[ 4512906ms] [ERROR] Failed to load resource: the server responded with a status of 403 () @ https://dev.trenador.com/__l5e/trackevents:0
[ 4512993ms] [ERROR] Failed to load resource: the server responded with a status of 403 () @ https://dev.trenador.com/__l5e/trackevents:0
[ 4512994ms] [ERROR] Failed to load resource: the server responded with a status of 403 () @ https://dev.trenador.com/__l5e/trackevents:0
[ 4512995ms] [ERROR] Failed to load resource: the server responded with a status of 403 () @ https://dev.trenador.com/__l5e/trackevents:0
[ 4512996ms] [ERROR] Failed to load resource: the server responded with a status of 403 () @ https://dev.trenador.com/__l5e/trackevents:0
[ 4512997ms] [ERROR] Failed to load resource: the server responded with a status of 403 () @ https://dev.trenador.com/__l5e/trackevents:0
[ 4512997ms] [ERROR] Failed to load resource: the server responded with a status of 403 () @ https://dev.trenador.com/__l5e/trackevents:0
[ 4512998ms] [ERROR] Failed to load resource: the server responded with a status of 403 () @ https://dev.trenador.com/__l5e/trackevents:0
[ 4512999ms] [ERROR] Failed to load resource: the server responded with a status of 403 () @ https://dev.trenador.com/__l5e/trackevents:0
[ 4512999ms] [ERROR] Failed to load resource: the server responded with a status of 403 () @ https://dev.trenador.com/__l5e/trackevents:0
[ 4513000ms] [ERROR] Failed to load resource: the server responded with a status of 403 () @ https://dev.trenador.com/__l5e/trackevents:0
[ 4513000ms] [ERROR] Failed to load resource: the server responded with a status of 403 () @ https://dev.trenador.com/__l5e/trackevents:0
[ 4513002ms] [ERROR] Failed to load resource: the server responded with a status of 403 () @ https://dev.trenador.com/__l5e/trackevents:0
[ 4513002ms] [ERROR] Failed to load resource: the server responded with a status of 403 () @ https://dev.trenador.com/__l5e/trackevents:0
[ 4513003ms] [ERROR] Failed to load resource: the server responded with a status of 403 () @ https://dev.trenador.com/__l5e/trackevents:0
[ 4513003ms] [ERROR] Failed to load resource: the server responded with a status of 403 () @ https://dev.trenador.com/__l5e/trackevents:0
[ 4513004ms] [ERROR] Failed to load resource: the server responded with a status of 403 () @ https://dev.trenador.com/__l5e/trackevents:0
[ 4513004ms] [ERROR] Failed to load resource: the server responded with a status of 403 () @ https://dev.trenador.com/__l5e/trackevents:0
[ 4513005ms] [ERROR] Failed to load resource: the server responded with a status of 403 () @ https://dev.trenador.com/__l5e/trackevents:0
[ 4513005ms] [ERROR] Failed to load resource: the server responded with a status of 403 () @ https://dev.trenador.com/__l5e/trackevents:0
[ 4513005ms] [ERROR] Failed to load resource: the server responded with a status of 403 () @ https://dev.trenador.com/__l5e/trackevents:0
